[0.013s] Invoking command in '/home/taka4/ros2_ws/src/adi_driver2/build/adi_driver2': CMAKE_PREFIX_PATH=${CMAKE_PREFIX_PATH}:/opt/ros/foxy /usr/bin/cmake --build /home/taka4/ros2_ws/src/adi_driver2/build/adi_driver2 -- -j16 -l16
[0.040s] [35m[1mScanning dependencies of target adis16465[0m
[0.057s] [ 33%] [32mBuilding CXX object CMakeFiles/adis16465.dir/src/adis16465_node.cpp.o[0m
[0.794s] [01m[K/home/taka4/ros2_ws/src/adi_driver2/src/adis16465_node.cpp:[m[K In member function ‘[01m[Kint adi_driver2::ImuNode::publish_imu_data()[m[K’:
[0.794s] [01m[K/home/taka4/ros2_ws/src/adi_driver2/src/adis16465_node.cpp:160:1:[m[K [01;35m[Kwarning: [m[Kno return statement in function returning non-void [[01;35m[K-Wreturn-type[m[K]
[0.794s]   160 | [01;35m[K}[m[K
[0.794s]       | [01;35m[K^[m[K
[0.798s] [01m[K/home/taka4/ros2_ws/src/adi_driver2/src/adis16465_node.cpp:[m[K In member function ‘[01m[Kint adi_driver2::ImuNode::publish_temp_data()[m[K’:
[0.798s] [01m[K/home/taka4/ros2_ws/src/adi_driver2/src/adis16465_node.cpp:172:1:[m[K [01;35m[Kwarning: [m[Kno return statement in function returning non-void [[01;35m[K-Wreturn-type[m[K]
[0.798s]   172 | [01;35m[K}[m[K
[0.798s]       | [01;35m[K^[m[K
[0.798s] [01m[K/home/taka4/ros2_ws/src/adi_driver2/src/adis16465_node.cpp:[m[K In lambda function:
[0.798s] [01m[K/home/taka4/ros2_ws/src/adi_driver2/src/adis16465_node.cpp:179:17:[m[K [01;35m[Kwarning: [m[Kunused variable ‘[01m[Khogehoge[m[K’ [[01;35m[K-Wunused-variable[m[K]
[0.798s]   179 |       if ( bool [01;35m[Khogehoge[m[K = true) {
[0.798s]       |                 [01;35m[K^~~~~~~~[m[K
[2.840s] [ 66%] [32m[1mLinking CXX executable adis16465[0m
[2.918s] /usr/bin/ld: CMakeFiles/adis16465.dir/src/adis16465_node.cpp.o: in function `adi_driver2::ImuNode::~ImuNode()':
[2.918s] adis16465_node.cpp:(.text+0x4f1): undefined reference to `Adis16465::closePort()'
[2.918s] /usr/bin/ld: CMakeFiles/adis16465.dir/src/adis16465_node.cpp.o: in function `adi_driver2::ImuNode::~ImuNode()':
[2.918s] adis16465_node.cpp:(.text+0x73e): undefined reference to `Adis16465::closePort()'
[2.918s] /usr/bin/ld: CMakeFiles/adis16465.dir/src/adis16465_node.cpp.o: in function `adi_driver2::ImuNode::open()':
[2.918s] adis16465_node.cpp:(.text+0xb8a): undefined reference to `Adis16465::openPort(std::__cxx11::basic_string<char, std::char_traits<char>, std::allocator<char> >)'
[2.918s] /usr/bin/ld: adis16465_node.cpp:(.text+0xc12): undefined reference to `Adis16465::get_product_id(short&)'
[2.918s] /usr/bin/ld: CMakeFiles/adis16465.dir/src/adis16465_node.cpp.o: in function `adi_driver2::ImuNode::ImuNode()':
[2.918s] adis16465_node.cpp:(.text+0xfdf): undefined reference to `Adis16465::Adis16465()'
[2.918s] /usr/bin/ld: CMakeFiles/adis16465.dir/src/adis16465_node.cpp.o: in function `adi_driver2::ImuNode::loop()::{lambda()#1}::operator()() const [clone .isra.0]':
[2.919s] adis16465_node.cpp:(.text+0x250d): undefined reference to `Adis16465::update()'
[2.919s] /usr/bin/ld: adis16465_node.cpp:(.text+0x25d9): undefined reference to `Adis16465::update()'
[2.919s] /usr/bin/ld: CMakeFiles/adis16465.dir/src/adis16465_node.cpp.o: in function `std::_Sp_counted_ptr_inplace<adi_driver2::ImuNode, std::allocator<adi_driver2::ImuNode>, (__gnu_cxx::_Lock_policy)2>::_M_dispose()':
[2.919s] adis16465_node.cpp:(.text._ZNSt23_Sp_counted_ptr_inplaceIN11adi_driver27ImuNodeESaIS1_ELN9__gnu_cxx12_Lock_policyE2EE10_M_disposeEv[_ZNSt23_Sp_counted_ptr_inplaceIN11adi_driver27ImuNodeESaIS1_ELN9__gnu_cxx12_Lock_policyE2EE10_M_disposeEv]+0x42): undefined reference to `Adis16465::closePort()'
[2.920s] collect2: error: ld returned 1 exit status
[2.921s] make[2]: *** [CMakeFiles/adis16465.dir/build.make:161: adis16465] エラー 1
[2.921s] make[1]: *** [CMakeFiles/Makefile2:78: CMakeFiles/adis16465.dir/all] エラー 2
[2.922s] make: *** [Makefile:141: all] エラー 2
[2.924s] Invoked command in '/home/taka4/ros2_ws/src/adi_driver2/build/adi_driver2' returned '2': CMAKE_PREFIX_PATH=${CMAKE_PREFIX_PATH}:/opt/ros/foxy /usr/bin/cmake --build /home/taka4/ros2_ws/src/adi_driver2/build/adi_driver2 -- -j16 -l16
