[0.011s] Invoking command in '/home/taka4/ros2_ws/src/adi_driver2/build/adi_driver2': CMAKE_PREFIX_PATH=${CMAKE_PREFIX_PATH}:/opt/ros/foxy /usr/bin/cmake --build /home/taka4/ros2_ws/src/adi_driver2/build/adi_driver2 -- -j16 -l16
[0.039s] [35m[1mScanning dependencies of target adis16465[0m
[0.056s] [ 33%] [32mBuilding CXX object CMakeFiles/adis16465.dir/src/adis16465_node.cpp.o[0m
[0.814s] [01m[K/home/taka4/ros2_ws/src/adi_driver2/src/adis16465_node.cpp:[m[K In member function ‘[01m[Kbool adi_driver2::ImuNode::open()[m[K’:
[0.814s] [01m[K/home/taka4/ros2_ws/src/adi_driver2/src/adis16465_node.cpp:109:1:[m[K [01;35m[Kwarning: [m[Kno return statement in function returning non-void [[01;35m[K-Wreturn-type[m[K]
[0.814s]   109 | [01;35m[K}[m[K
[0.814s]       | [01;35m[K^[m[K
[0.818s] [01m[K/home/taka4/ros2_ws/src/adi_driver2/src/adis16465_node.cpp:[m[K In member function ‘[01m[Kint adi_driver2::ImuNode::publish_imu_data()[m[K’:
[0.818s] [01m[K/home/taka4/ros2_ws/src/adi_driver2/src/adis16465_node.cpp:134:1:[m[K [01;35m[Kwarning: [m[Kno return statement in function returning non-void [[01;35m[K-Wreturn-type[m[K]
[0.818s]   134 | [01;35m[K}[m[K
[0.818s]       | [01;35m[K^[m[K
[0.822s] [01m[K/home/taka4/ros2_ws/src/adi_driver2/src/adis16465_node.cpp:[m[K In member function ‘[01m[Kint adi_driver2::ImuNode::publish_temp_data()[m[K’:
[0.822s] [01m[K/home/taka4/ros2_ws/src/adi_driver2/src/adis16465_node.cpp:146:1:[m[K [01;35m[Kwarning: [m[Kno return statement in function returning non-void [[01;35m[K-Wreturn-type[m[K]
[0.822s]   146 | [01;35m[K}[m[K
[0.822s]       | [01;35m[K^[m[K
[0.823s] [01m[K/home/taka4/ros2_ws/src/adi_driver2/src/adis16465_node.cpp:[m[K In function ‘[01m[Kbool adi_driver2::spin()[m[K’:
[0.823s] [01m[K/home/taka4/ros2_ws/src/adi_driver2/src/adis16465_node.cpp:150:26:[m[K [01;31m[Kerror: [m[K‘[01m[Krate[m[K’ was not declared in this scope
[0.823s]   150 |   rclcpp::Rate loop_rate([01;31m[Krate[m[K = 100);
[0.823s]       |                          [01;31m[K^~~~[m[K
[0.824s] [01m[K/home/taka4/ros2_ws/src/adi_driver2/src/adis16465_node.cpp:154:9:[m[K [01;31m[Kerror: [m[K‘[01m[Kburst_mode_[m[K’ was not declared in this scope
[0.824s]   154 |     if ([01;31m[Kburst_mode_[m[K)
[0.824s]       |         [01;31m[K^~~~~~~~~~~[m[K
[0.825s] [01m[K/home/taka4/ros2_ws/src/adi_driver2/src/adis16465_node.cpp:156:11:[m[K [01;31m[Kerror: [m[K‘[01m[Kimu[m[K’ was not declared in this scope
[0.825s]   156 |       if ([01;31m[Kimu[m[K.update_burst() == 0)
[0.825s]       |           [01;31m[K^~~[m[K
[0.826s] [01m[K/home/taka4/ros2_ws/src/adi_driver2/src/adis16465_node.cpp:158:9:[m[K [01;31m[Kerror: [m[K‘[01m[Kpublish_imu_data[m[K’ was not declared in this scope
[0.826s]   158 |         [01;31m[Kpublish_imu_data[m[K();
[0.826s]       |         [01;31m[K^~~~~~~~~~~~~~~~[m[K
[0.828s] [01m[K/home/taka4/ros2_ws/src/adi_driver2/src/adis16465_node.cpp:165:14:[m[K [01;31m[Kerror: [m[K‘[01m[Kpublish_temperature_[m[K’ was not declared in this scope
[0.828s]   165 |     else if ([01;31m[Kpublish_temperature_[m[K)
[0.829s]       |              [01;31m[K^~~~~~~~~~~~~~~~~~~~[m[K
[0.829s] [01m[K/home/taka4/ros2_ws/src/adi_driver2/src/adis16465_node.cpp:167:11:[m[K [01;31m[Kerror: [m[K‘[01m[Kimu[m[K’ was not declared in this scope
[0.829s]   167 |       if ([01;31m[Kimu[m[K.update() == 0)
[0.829s]       |           [01;31m[K^~~[m[K
[0.830s] [01m[K/home/taka4/ros2_ws/src/adi_driver2/src/adis16465_node.cpp:169:9:[m[K [01;31m[Kerror: [m[K‘[01m[Kpublish_imu_data[m[K’ was not declared in this scope
[0.831s]   169 |         [01;31m[Kpublish_imu_data[m[K();
[0.831s]       |         [01;31m[K^~~~~~~~~~~~~~~~[m[K
[0.832s] [01m[K/home/taka4/ros2_ws/src/adi_driver2/src/adis16465_node.cpp:170:9:[m[K [01;31m[Kerror: [m[K‘[01m[Kpublish_temp_data[m[K’ was not declared in this scope
[0.832s]   170 |         [01;31m[Kpublish_temp_data[m[K();
[0.832s]       |         [01;31m[K^~~~~~~~~~~~~~~~~[m[K
[0.833s] [01m[K/home/taka4/ros2_ws/src/adi_driver2/src/adis16465_node.cpp:179:11:[m[K [01;31m[Kerror: [m[K‘[01m[Kimu[m[K’ was not declared in this scope
[0.833s]   179 |       if ([01;31m[Kimu[m[K.update_burst() == 0)
[0.833s]       |           [01;31m[K^~~[m[K
[0.834s] [01m[K/home/taka4/ros2_ws/src/adi_driver2/src/adis16465_node.cpp:181:9:[m[K [01;31m[Kerror: [m[K‘[01m[Kpublish_imu_data[m[K’ was not declared in this scope
[0.835s]   181 |         [01;31m[Kpublish_imu_data[m[K();
[0.835s]       |         [01;31m[K^~~~~~~~~~~~~~~~[m[K
[0.836s] [01m[K/home/taka4/ros2_ws/src/adi_driver2/src/adis16465_node.cpp:182:9:[m[K [01;31m[Kerror: [m[K‘[01m[Kpublish_temp_data[m[K’ was not declared in this scope
[0.836s]   182 |         [01;31m[Kpublish_temp_data[m[K();
[0.836s]       |         [01;31m[K^~~~~~~~~~~~~~~~~[m[K
[0.837s] [01m[K/home/taka4/ros2_ws/src/adi_driver2/src/adis16465_node.cpp:191:11:[m[K [01;31m[Kerror: [m[K‘[01m[Kimu[m[K’ was not declared in this scope
[0.837s]   191 |       if ([01;31m[Kimu[m[K.update() == 0)
[0.837s]       |           [01;31m[K^~~[m[K
[0.838s] [01m[K/home/taka4/ros2_ws/src/adi_driver2/src/adis16465_node.cpp:193:9:[m[K [01;31m[Kerror: [m[K‘[01m[Kpublish_imu_data[m[K’ was not declared in this scope
[0.838s]   193 |         [01;31m[Kpublish_imu_data[m[K();
[0.838s]       |         [01;31m[K^~~~~~~~~~~~~~~~[m[K
[0.838s] [01m[K/home/taka4/ros2_ws/src/adi_driver2/src/adis16465_node.cpp:200:13:[m[K [01;31m[Kerror: [m[K‘[01m[Kspin_once[m[K’ is not a member of ‘[01m[Krclcpp[m[K’; did you mean ‘[01m[Kspin_some[m[K’?
[0.839s]   200 |     rclcpp::[01;31m[Kspin_once[m[K();
[0.839s]       |             [01;31m[K^~~~~~~~~[m[K
[0.839s]       |             [32m[Kspin_some[m[K
[0.842s] [01m[K/home/taka4/ros2_ws/src/adi_driver2/src/adis16465_node.cpp:[m[K In function ‘[01m[Kint main(int, char**)[m[K’:
[0.842s] [01m[K/home/taka4/ros2_ws/src/adi_driver2/src/adis16465_node.cpp:299:23:[m[K [01;31m[Kerror: [m[K‘[01m[Kusing element_type = class adi_driver2::ImuNode[m[K’ {aka ‘[01m[Kclass adi_driver2::ImuNode[m[K’} has no member named ‘[01m[Kspin[m[K’
[0.842s]   299 |   ndt_scan_matcher -> [01;31m[Kspin[m[K(); //ノードを実行
[0.843s]       |                       [01;31m[K^~~~[m[K
[1.422s] make[2]: *** [CMakeFiles/adis16465.dir/build.make:76: CMakeFiles/adis16465.dir/src/adis16465_node.cpp.o] エラー 1
[1.422s] make[1]: *** [CMakeFiles/Makefile2:78: CMakeFiles/adis16465.dir/all] エラー 2
[1.422s] make: *** [Makefile:141: all] エラー 2
[1.426s] Invoked command in '/home/taka4/ros2_ws/src/adi_driver2/build/adi_driver2' returned '2': CMAKE_PREFIX_PATH=${CMAKE_PREFIX_PATH}:/opt/ros/foxy /usr/bin/cmake --build /home/taka4/ros2_ws/src/adi_driver2/build/adi_driver2 -- -j16 -l16
