[35m[1mScanning dependencies of target adis16465[0m
[ 33%] [32mBuilding CXX object CMakeFiles/adis16465.dir/src/adis16465.cpp.o[0m
[ 66%] [32mBuilding CXX object CMakeFiles/adis16465.dir/src/adis16465_node.cpp.o[0m
[01m[K/home/taka4/ros2_ws/src/adi_driver2/src/adis16465.cpp:[m[K In member function ‘[01m[Kint Adis16465::get_product_id(int16_t&)[m[K’:
[01m[K/home/taka4/ros2_ws/src/adi_driver2/src/adis16465.cpp:152:7:[m[K [01;35m[Kwarning: [m[Kunused variable ‘[01m[Kr[m[K’ [[01;35m[K-Wunused-variable[m[K]
  152 |   int [01;35m[Kr[m[K;
      |       [01;35m[K^[m[K
[01m[K/home/taka4/ros2_ws/src/adi_driver2/src/adis16465.cpp:[m[K In member function ‘[01m[Kint Adis16465::read_register(char, int16_t&)[m[K’:
[01m[K/home/taka4/ros2_ws/src/adi_driver2/src/adis16465.cpp:213:34:[m[K [01;35m[Kwarning: [m[Knarrowing conversion of ‘[01m[Kaddress[m[K’ from ‘[01m[Kchar[m[K’ to ‘[01m[Kunsigned char[m[K’ [[01;35m[K-Wnarrowing[m[K]
  213 |   unsigned char buff[3] = {0x61, [01;35m[Kaddress[m[K, 0x00};
      |                                  [01;35m[K^~~~~~~[m[K
[01m[K/home/taka4/ros2_ws/src/adi_driver2/src/adis16465.cpp:[m[K In member function ‘[01m[Kint Adis16465::bias_correction_update()[m[K’:
[01m[K/home/taka4/ros2_ws/src/adi_driver2/src/adis16465.cpp:392:1:[m[K [01;35m[Kwarning: [m[Kno return statement in function returning non-void [[01;35m[K-Wreturn-type[m[K]
  392 | [01;35m[K}[m[K
      | [01;35m[K^[m[K
[01m[K/home/taka4/ros2_ws/src/adi_driver2/src/adis16465.cpp:[m[K In member function ‘[01m[Kint Adis16465::read_register(char, int16_t&)[m[K’:
[01m[K/home/taka4/ros2_ws/src/adi_driver2/src/adis16465.cpp:230:8:[m[K [01;35m[Kwarning: [m[Kcontrol reaches end of non-void function [[01;35m[K-Wreturn-type[m[K]
  230 |   [01;35m[Kdata = big_endian_to_short(&buff[1])[m[K;
      |   [01;35m[K~~~~~^~~~~~~~~~~~~~~~~~~~~~~~~~~~~~~[m[K
[01m[K/home/taka4/ros2_ws/src/adi_driver2/src/adis16465_node.cpp:[m[K In member function ‘[01m[Kbool adi_driver2::ImuNode::open()[m[K’:
[01m[K/home/taka4/ros2_ws/src/adi_driver2/src/adis16465_node.cpp:110:1:[m[K [01;35m[Kwarning: [m[Kno return statement in function returning non-void [[01;35m[K-Wreturn-type[m[K]
  110 | [01;35m[K}[m[K
      | [01;35m[K^[m[K
[01m[K/home/taka4/ros2_ws/src/adi_driver2/src/adis16465_node.cpp:[m[K In member function ‘[01m[Kint adi_driver2::ImuNode::publish_imu_data()[m[K’:
[01m[K/home/taka4/ros2_ws/src/adi_driver2/src/adis16465_node.cpp:135:1:[m[K [01;35m[Kwarning: [m[Kno return statement in function returning non-void [[01;35m[K-Wreturn-type[m[K]
  135 | [01;35m[K}[m[K
      | [01;35m[K^[m[K
[01m[K/home/taka4/ros2_ws/src/adi_driver2/src/adis16465_node.cpp:[m[K In member function ‘[01m[Kint adi_driver2::ImuNode::publish_temp_data()[m[K’:
[01m[K/home/taka4/ros2_ws/src/adi_driver2/src/adis16465_node.cpp:146:1:[m[K [01;35m[Kwarning: [m[Kno return statement in function returning non-void [[01;35m[K-Wreturn-type[m[K]
  146 | [01;35m[K}[m[K
      | [01;35m[K^[m[K
[100%] [32m[1mLinking CXX executable adis16465[0m
[100%] Built target adis16465
-- Install configuration: ""
-- Up-to-date: /home/taka4/ros2_ws/src/adi_driver2/install/adi_driver2/include
-- Up-to-date: /home/taka4/ros2_ws/src/adi_driver2/install/adi_driver2/include/adi_driver2
-- Installing: /home/taka4/ros2_ws/src/adi_driver2/install/adi_driver2/include/adi_driver2/adis16465.h
-- Up-to-date: /home/taka4/ros2_ws/src/adi_driver2/install/adi_driver2/include/adi_driver2/adis16465_node.hpp
-- Up-to-date: /home/taka4/ros2_ws/src/adi_driver2/install/adi_driver2/include/adi_driver2/adis16470_node.hpp
-- Up-to-date: /home/taka4/ros2_ws/src/adi_driver2/install/adi_driver2/include/adi_driver2/adis16470.h
-- Installing: /home/taka4/ros2_ws/src/adi_driver2/install/adi_driver2/lib/adi_driver2/adis16465
-- Set runtime path of "/home/taka4/ros2_ws/src/adi_driver2/install/adi_driver2/lib/adi_driver2/adis16465" to ""
-- Up-to-date: /home/taka4/ros2_ws/src/adi_driver2/install/adi_driver2/share/adi_driver2/launch
-- Up-to-date: /home/taka4/ros2_ws/src/adi_driver2/install/adi_driver2/share/adi_driver2/launch/adis16465.launch
-- Up-to-date: /home/taka4/ros2_ws/src/adi_driver2/install/adi_driver2/share/adi_driver2/launch/adis16465.launch.py
-- Up-to-date: /home/taka4/ros2_ws/src/adi_driver2/install/adi_driver2/share/adi_driver2/launch/adis16470.launch
-- Up-to-date: /home/taka4/ros2_ws/src/adi_driver2/install/adi_driver2/share/adi_driver2/launch/imu.rviz
-- Up-to-date: /home/taka4/ros2_ws/src/adi_driver2/install/adi_driver2/share/adi_driver2/urdf
-- Up-to-date: /home/taka4/ros2_ws/src/adi_driver2/install/adi_driver2/share/adi_driver2/urdf/orne_gamma.urdf.xacro
-- Up-to-date: /home/taka4/ros2_ws/src/adi_driver2/install/adi_driver2/share/adi_driver2/urdf/adis16470_breakout.urdf
-- Up-to-date: /home/taka4/ros2_ws/src/adi_driver2/install/adi_driver2/share/adi_driver2/urdf/adis16465_breakout.urdf
-- Up-to-date: /home/taka4/ros2_ws/src/adi_driver2/install/adi_driver2/share/ament_index/resource_index/package_run_dependencies/adi_driver2
-- Up-to-date: /home/taka4/ros2_ws/src/adi_driver2/install/adi_driver2/share/ament_index/resource_index/parent_prefix_path/adi_driver2
-- Up-to-date: /home/taka4/ros2_ws/src/adi_driver2/install/adi_driver2/share/adi_driver2/environment/ament_prefix_path.sh
-- Up-to-date: /home/taka4/ros2_ws/src/adi_driver2/install/adi_driver2/share/adi_driver2/environment/ament_prefix_path.dsv
-- Up-to-date: /home/taka4/ros2_ws/src/adi_driver2/install/adi_driver2/share/adi_driver2/environment/path.sh
-- Up-to-date: /home/taka4/ros2_ws/src/adi_driver2/install/adi_driver2/share/adi_driver2/environment/path.dsv
-- Up-to-date: /home/taka4/ros2_ws/src/adi_driver2/install/adi_driver2/share/adi_driver2/local_setup.bash
-- Up-to-date: /home/taka4/ros2_ws/src/adi_driver2/install/adi_driver2/share/adi_driver2/local_setup.sh
-- Up-to-date: /home/taka4/ros2_ws/src/adi_driver2/install/adi_driver2/share/adi_driver2/local_setup.zsh
-- Up-to-date: /home/taka4/ros2_ws/src/adi_driver2/install/adi_driver2/share/adi_driver2/local_setup.dsv
-- Installing: /home/taka4/ros2_ws/src/adi_driver2/install/adi_driver2/share/adi_driver2/package.dsv
-- Up-to-date: /home/taka4/ros2_ws/src/adi_driver2/install/adi_driver2/share/ament_index/resource_index/packages/adi_driver2
-- Up-to-date: /home/taka4/ros2_ws/src/adi_driver2/install/adi_driver2/share/adi_driver2/cmake/ament_cmake_export_dependencies-extras.cmake
-- Up-to-date: /home/taka4/ros2_ws/src/adi_driver2/install/adi_driver2/share/adi_driver2/cmake/ament_cmake_export_include_directories-extras.cmake
-- Up-to-date: /home/taka4/ros2_ws/src/adi_driver2/install/adi_driver2/share/adi_driver2/cmake/adi_driver2Config.cmake
-- Up-to-date: /home/taka4/ros2_ws/src/adi_driver2/install/adi_driver2/share/adi_driver2/cmake/adi_driver2Config-version.cmake
-- Up-to-date: /home/taka4/ros2_ws/src/adi_driver2/install/adi_driver2/share/adi_driver2/package.xml
