[0.010s] Invoking command in '/home/taka4/ros2_ws/src/adi_driver2/build/adi_driver2': CMAKE_PREFIX_PATH=${CMAKE_PREFIX_PATH}:/opt/ros/foxy /usr/bin/cmake --build /home/taka4/ros2_ws/src/adi_driver2/build/adi_driver2 -- -j16 -l16
[0.038s] [35m[1mScanning dependencies of target adis16465[0m
[0.054s] [ 33%] [32mBuilding CXX object CMakeFiles/adis16465.dir/src/adis16465_node.cpp.o[0m
[0.794s] [01m[K/home/taka4/ros2_ws/src/adi_driver2/src/adis16465_node.cpp:[m[K In member function ‘[01m[Kbool adi_driver2::ImuNode::open()[m[K’:
[0.794s] [01m[K/home/taka4/ros2_ws/src/adi_driver2/src/adis16465_node.cpp:109:1:[m[K [01;35m[Kwarning: [m[Kno return statement in function returning non-void [[01;35m[K-Wreturn-type[m[K]
[0.795s]   109 | [01;35m[K}[m[K
[0.795s]       | [01;35m[K^[m[K
[0.798s] [01m[K/home/taka4/ros2_ws/src/adi_driver2/src/adis16465_node.cpp:[m[K In member function ‘[01m[Kint adi_driver2::ImuNode::publish_imu_data()[m[K’:
[0.798s] [01m[K/home/taka4/ros2_ws/src/adi_driver2/src/adis16465_node.cpp:134:1:[m[K [01;35m[Kwarning: [m[Kno return statement in function returning non-void [[01;35m[K-Wreturn-type[m[K]
[0.799s]   134 | [01;35m[K}[m[K
[0.799s]       | [01;35m[K^[m[K
[0.802s] [01m[K/home/taka4/ros2_ws/src/adi_driver2/src/adis16465_node.cpp:[m[K In member function ‘[01m[Kint adi_driver2::ImuNode::publish_temp_data()[m[K’:
[0.802s] [01m[K/home/taka4/ros2_ws/src/adi_driver2/src/adis16465_node.cpp:145:1:[m[K [01;35m[Kwarning: [m[Kno return statement in function returning non-void [[01;35m[K-Wreturn-type[m[K]
[0.802s]   145 | [01;35m[K}[m[K
[0.802s]       | [01;35m[K^[m[K
[0.803s] [01m[K/home/taka4/ros2_ws/src/adi_driver2/src/adis16465_node.cpp:[m[K In function ‘[01m[Kbool adi_driver2::loop()[m[K’:
[0.803s] [01m[K/home/taka4/ros2_ws/src/adi_driver2/src/adis16465_node.cpp:148:3:[m[K [01;31m[Kerror: [m[K‘[01m[Kloop_timer_[m[K’ was not declared in this scope
[0.803s]   148 |   [01;31m[Kloop_timer_[m[K = rclcpp::create_wall_timer(1s, [this]() {
[0.804s]       |   [01;31m[K^~~~~~~~~~~[m[K
[0.804s] [01m[K/home/taka4/ros2_ws/src/adi_driver2/src/adis16465_node.cpp:148:48:[m[K [01;31m[Kerror: [m[Kinvalid use of ‘[01m[Kthis[m[K’ in non-member function
[0.804s]   148 |   loop_timer_ = rclcpp::create_wall_timer(1s, [[01;31m[Kthis[m[K]() {
[0.804s]       |                                                [01;31m[K^~~~[m[K
[0.805s] [01m[K/home/taka4/ros2_ws/src/adi_driver2/src/adis16465_node.cpp:[m[K In lambda function:
[0.805s] [01m[K/home/taka4/ros2_ws/src/adi_driver2/src/adis16465_node.cpp:149:9:[m[K [01;31m[Kerror: [m[K‘[01m[Kburst_mode_[m[K’ was not declared in this scope
[0.805s]   149 |     if ([01;31m[Kburst_mode_[m[K) {
[0.805s]       |         [01;31m[K^~~~~~~~~~~[m[K
[0.805s] [01m[K/home/taka4/ros2_ws/src/adi_driver2/src/adis16465_node.cpp:150:11:[m[K [01;31m[Kerror: [m[K‘[01m[Kimu[m[K’ was not declared in this scope
[0.805s]   150 |       if ([01;31m[Kimu[m[K.update_burst() == 0) {
[0.805s]       |           [01;31m[K^~~[m[K
[0.808s] [01m[K/home/taka4/ros2_ws/src/adi_driver2/src/adis16465_node.cpp:151:9:[m[K [01;31m[Kerror: [m[K‘[01m[Kpublish_imu_data[m[K’ was not declared in this scope
[0.808s]   151 |         [01;31m[Kpublish_imu_data[m[K();
[0.808s]       |         [01;31m[K^~~~~~~~~~~~~~~~[m[K
[0.808s] In file included from [01m[K/opt/ros/foxy/include/rclcpp/service.hpp:34[m[K,
[0.808s]                  from [01m[K/opt/ros/foxy/include/rclcpp/callback_group.hpp:25[m[K,
[0.809s]                  from [01m[K/opt/ros/foxy/include/rclcpp/any_executable.hpp:20[m[K,
[0.809s]                  from [01m[K/opt/ros/foxy/include/rclcpp/memory_strategy.hpp:24[m[K,
[0.809s]                  from [01m[K/opt/ros/foxy/include/rclcpp/memory_strategies.hpp:18[m[K,
[0.809s]                  from [01m[K/opt/ros/foxy/include/rclcpp/executor_options.hpp:20[m[K,
[0.809s]                  from [01m[K/opt/ros/foxy/include/rclcpp/executor.hpp:33[m[K,
[0.809s]                  from [01m[K/opt/ros/foxy/include/rclcpp/executors/multi_threaded_executor.hpp:26[m[K,
[0.809s]                  from [01m[K/opt/ros/foxy/include/rclcpp/executors.hpp:21[m[K,
[0.809s]                  from [01m[K/opt/ros/foxy/include/rclcpp/rclcpp.hpp:146[m[K,
[0.809s]                  from [01m[K/home/taka4/ros2_ws/src/adi_driver2/include/adi_driver2/adis16465_node.hpp:33[m[K,
[0.809s]                  from [01m[K/home/taka4/ros2_ws/src/adi_driver2/src/adis16465_node.cpp:40[m[K:
[0.809s] [01m[K/home/taka4/ros2_ws/src/adi_driver2/src/adis16465_node.cpp:152:21:[m[K [01;31m[Kerror: [m[Kinvalid use of ‘[01m[Kthis[m[K’ in non-member function
[0.809s]   152 |         RCLCPP_INFO([01;31m[Kthis[m[K->get_logger(), "publish imu/data_raw1");
[0.809s]       |                     [01;31m[K^~~~[m[K
[0.809s] [01m[K/home/taka4/ros2_ws/src/adi_driver2/src/adis16465_node.cpp:152:21:[m[K [01;31m[Kerror: [m[Kinvalid use of ‘[01m[Kthis[m[K’ in non-member function
[0.810s] [01m[K/home/taka4/ros2_ws/src/adi_driver2/src/adis16465_node.cpp:152:9:[m[K [01;31m[Kerror: [m[Ktemplate argument 1 is invalid
[0.810s]   152 |         [01;31m[KRCLCPP_INFO[m[K(this->get_logger(), "publish imu/data_raw1");
[0.810s]       |         [01;31m[K^~~~~~~~~~~[m[K
[0.810s] [01m[K/home/taka4/ros2_ws/src/adi_driver2/src/adis16465_node.cpp:152:9:[m[K [01;31m[Kerror: [m[Ktemplate argument 1 is invalid
[0.810s]   152 |         [01;31m[KRCLCPP_INFO[m[K(this->get_logger(), "publish imu/data_raw1");
[0.810s]       |         [01;31m[K^~~~~~~~~~~[m[K
[0.810s] [01m[K/home/taka4/ros2_ws/src/adi_driver2/src/adis16465_node.cpp:152:9:[m[K [01;31m[Kerror: [m[Ktemplate argument 1 is invalid
[0.810s]   152 |         [01;31m[KRCLCPP_INFO[m[K(this->get_logger(), "publish imu/data_raw1");
[0.810s]       |         [01;31m[K^~~~~~~~~~~[m[K
[0.810s] In file included from [01m[K/opt/ros/foxy/include/rclcpp/client.hpp:40[m[K,
[0.810s]                  from [01m[K/opt/ros/foxy/include/rclcpp/callback_group.hpp:23[m[K,
[0.810s]                  from [01m[K/opt/ros/foxy/include/rclcpp/any_executable.hpp:20[m[K,
[0.810s]                  from [01m[K/opt/ros/foxy/include/rclcpp/memory_strategy.hpp:24[m[K,
[0.810s]                  from [01m[K/opt/ros/foxy/include/rclcpp/memory_strategies.hpp:18[m[K,
[0.810s]                  from [01m[K/opt/ros/foxy/include/rclcpp/executor_options.hpp:20[m[K,
[0.811s]                  from [01m[K/opt/ros/foxy/include/rclcpp/executor.hpp:33[m[K,
[0.811s]                  from [01m[K/opt/ros/foxy/include/rclcpp/executors/multi_threaded_executor.hpp:26[m[K,
[0.811s]                  from [01m[K/opt/ros/foxy/include/rclcpp/executors.hpp:21[m[K,
[0.811s]                  from [01m[K/opt/ros/foxy/include/rclcpp/rclcpp.hpp:146[m[K,
[0.811s]                  from [01m[K/home/taka4/ros2_ws/src/adi_driver2/include/adi_driver2/adis16465_node.hpp:33[m[K,
[0.811s]                  from [01m[K/home/taka4/ros2_ws/src/adi_driver2/src/adis16465_node.cpp:40[m[K:
[0.811s] [01m[K/home/taka4/ros2_ws/src/adi_driver2/src/adis16465_node.cpp:152:21:[m[K [01;31m[Kerror: [m[K‘[01m[Kthis[m[K’ was not captured for this lambda function
[0.811s]   152 |         RCLCPP_INFO([01;31m[Kthis[m[K->get_logger(), "publish imu/data_raw1");
[0.811s]       |                     [01;31m[K^~~~[m[K
[0.811s] [01m[K/home/taka4/ros2_ws/src/adi_driver2/src/adis16465_node.cpp:152:21:[m[K [01;31m[Kerror: [m[K‘[01m[Kthis[m[K’ was not captured for this lambda function
[0.811s]   152 |         RCLCPP_INFO([01;31m[Kthis[m[K->get_logger(), "publish imu/data_raw1");
[0.812s]       |                     [01;31m[K^~~~[m[K
[0.812s] In file included from [01m[K/opt/ros/foxy/include/rclcpp/service.hpp:34[m[K,
[0.812s]                  from [01m[K/opt/ros/foxy/include/rclcpp/callback_group.hpp:25[m[K,
[0.812s]                  from [01m[K/opt/ros/foxy/include/rclcpp/any_executable.hpp:20[m[K,
[0.812s]                  from [01m[K/opt/ros/foxy/include/rclcpp/memory_strategy.hpp:24[m[K,
[0.812s]                  from [01m[K/opt/ros/foxy/include/rclcpp/memory_strategies.hpp:18[m[K,
[0.812s]                  from [01m[K/opt/ros/foxy/include/rclcpp/executor_options.hpp:20[m[K,
[0.812s]                  from [01m[K/opt/ros/foxy/include/rclcpp/executor.hpp:33[m[K,
[0.812s]                  from [01m[K/opt/ros/foxy/include/rclcpp/executors/multi_threaded_executor.hpp:26[m[K,
[0.812s]                  from [01m[K/opt/ros/foxy/include/rclcpp/executors.hpp:21[m[K,
[0.812s]                  from [01m[K/opt/ros/foxy/include/rclcpp/rclcpp.hpp:146[m[K,
[0.812s]                  from [01m[K/home/taka4/ros2_ws/src/adi_driver2/include/adi_driver2/adis16465_node.hpp:33[m[K,
[0.812s]                  from [01m[K/home/taka4/ros2_ws/src/adi_driver2/src/adis16465_node.cpp:40[m[K:
[0.812s] [01m[K/home/taka4/ros2_ws/src/adi_driver2/src/adis16465_node.cpp:154:22:[m[K [01;31m[Kerror: [m[Kinvalid use of ‘[01m[Kthis[m[K’ in non-member function
[0.813s]   154 |         RCLCPP_ERROR([01;31m[Kthis[m[K->get_logger(), "Cannot update burst");
[0.813s]       |                      [01;31m[K^~~~[m[K
[0.813s] [01m[K/home/taka4/ros2_ws/src/adi_driver2/src/adis16465_node.cpp:154:22:[m[K [01;31m[Kerror: [m[Kinvalid use of ‘[01m[Kthis[m[K’ in non-member function
[0.813s] [01m[K/home/taka4/ros2_ws/src/adi_driver2/src/adis16465_node.cpp:154:9:[m[K [01;31m[Kerror: [m[Ktemplate argument 1 is invalid
[0.813s]   154 |         [01;31m[KRCLCPP_ERROR[m[K(this->get_logger(), "Cannot update burst");
[0.813s]       |         [01;31m[K^~~~~~~~~~~~[m[K
[0.813s] [01m[K/home/taka4/ros2_ws/src/adi_driver2/src/adis16465_node.cpp:154:9:[m[K [01;31m[Kerror: [m[Ktemplate argument 1 is invalid
[0.813s]   154 |         [01;31m[KRCLCPP_ERROR[m[K(this->get_logger(), "Cannot update burst");
[0.813s]       |         [01;31m[K^~~~~~~~~~~~[m[K
[0.813s] [01m[K/home/taka4/ros2_ws/src/adi_driver2/src/adis16465_node.cpp:154:9:[m[K [01;31m[Kerror: [m[Ktemplate argument 1 is invalid
[0.813s]   154 |         [01;31m[KRCLCPP_ERROR[m[K(this->get_logger(), "Cannot update burst");
[0.813s]       |         [01;31m[K^~~~~~~~~~~~[m[K
[0.813s] In file included from [01m[K/opt/ros/foxy/include/rclcpp/client.hpp:40[m[K,
[0.813s]                  from [01m[K/opt/ros/foxy/include/rclcpp/callback_group.hpp:23[m[K,
[0.814s]                  from [01m[K/opt/ros/foxy/include/rclcpp/any_executable.hpp:20[m[K,
[0.814s]                  from [01m[K/opt/ros/foxy/include/rclcpp/memory_strategy.hpp:24[m[K,
[0.814s]                  from [01m[K/opt/ros/foxy/include/rclcpp/memory_strategies.hpp:18[m[K,
[0.814s]                  from [01m[K/opt/ros/foxy/include/rclcpp/executor_options.hpp:20[m[K,
[0.814s]                  from [01m[K/opt/ros/foxy/include/rclcpp/executor.hpp:33[m[K,
[0.814s]                  from [01m[K/opt/ros/foxy/include/rclcpp/executors/multi_threaded_executor.hpp:26[m[K,
[0.814s]                  from [01m[K/opt/ros/foxy/include/rclcpp/executors.hpp:21[m[K,
[0.814s]                  from [01m[K/opt/ros/foxy/include/rclcpp/rclcpp.hpp:146[m[K,
[0.814s]                  from [01m[K/home/taka4/ros2_ws/src/adi_driver2/include/adi_driver2/adis16465_node.hpp:33[m[K,
[0.814s]                  from [01m[K/home/taka4/ros2_ws/src/adi_driver2/src/adis16465_node.cpp:40[m[K:
[0.815s] [01m[K/home/taka4/ros2_ws/src/adi_driver2/src/adis16465_node.cpp:154:22:[m[K [01;31m[Kerror: [m[K‘[01m[Kthis[m[K’ was not captured for this lambda function
[0.815s]   154 |         RCLCPP_ERROR([01;31m[Kthis[m[K->get_logger(), "Cannot update burst");
[0.815s]       |                      [01;31m[K^~~~[m[K
[0.815s] [01m[K/home/taka4/ros2_ws/src/adi_driver2/src/adis16465_node.cpp:154:22:[m[K [01;31m[Kerror: [m[K‘[01m[Kthis[m[K’ was not captured for this lambda function
[0.815s]   154 |         RCLCPP_ERROR([01;31m[Kthis[m[K->get_logger(), "Cannot update burst");
[0.815s]       |                      [01;31m[K^~~~[m[K
[0.815s] In file included from [01m[K/opt/ros/foxy/include/rclcpp/service.hpp:34[m[K,
[0.815s]                  from [01m[K/opt/ros/foxy/include/rclcpp/callback_group.hpp:25[m[K,
[0.815s]                  from [01m[K/opt/ros/foxy/include/rclcpp/any_executable.hpp:20[m[K,
[0.815s]                  from [01m[K/opt/ros/foxy/include/rclcpp/memory_strategy.hpp:24[m[K,
[0.815s]                  from [01m[K/opt/ros/foxy/include/rclcpp/memory_strategies.hpp:18[m[K,
[0.815s]                  from [01m[K/opt/ros/foxy/include/rclcpp/executor_options.hpp:20[m[K,
[0.815s]                  from [01m[K/opt/ros/foxy/include/rclcpp/executor.hpp:33[m[K,
[0.815s]                  from [01m[K/opt/ros/foxy/include/rclcpp/executors/multi_threaded_executor.hpp:26[m[K,
[0.816s]                  from [01m[K/opt/ros/foxy/include/rclcpp/executors.hpp:21[m[K,
[0.816s]                  from [01m[K/opt/ros/foxy/include/rclcpp/rclcpp.hpp:146[m[K,
[0.816s]                  from [01m[K/home/taka4/ros2_ws/src/adi_driver2/include/adi_driver2/adis16465_node.hpp:33[m[K,
[0.816s]                  from [01m[K/home/taka4/ros2_ws/src/adi_driver2/src/adis16465_node.cpp:40[m[K:
[0.816s] [01m[K/home/taka4/ros2_ws/src/adi_driver2/src/adis16465_node.cpp:155:22:[m[K [01;31m[Kerror: [m[Kinvalid use of ‘[01m[Kthis[m[K’ in non-member function
[0.816s]   155 |         RCLCPP_ERROR([01;31m[Kthis[m[K->get_logger(), "update_burst_hoge: %d", imu.update_burst());
[0.816s]       |                      [01;31m[K^~~~[m[K
[0.816s] [01m[K/home/taka4/ros2_ws/src/adi_driver2/src/adis16465_node.cpp:155:22:[m[K [01;31m[Kerror: [m[Kinvalid use of ‘[01m[Kthis[m[K’ in non-member function
[0.816s] [01m[K/home/taka4/ros2_ws/src/adi_driver2/src/adis16465_node.cpp:155:9:[m[K [01;31m[Kerror: [m[Ktemplate argument 1 is invalid
[0.816s]   155 |         [01;31m[KRCLCPP_ERROR[m[K(this->get_logger(), "update_burst_hoge: %d", imu.update_burst());
[0.816s]       |         [01;31m[K^~~~~~~~~~~~[m[K
[0.816s] [01m[K/home/taka4/ros2_ws/src/adi_driver2/src/adis16465_node.cpp:155:9:[m[K [01;31m[Kerror: [m[Ktemplate argument 1 is invalid
[0.817s]   155 |         [01;31m[KRCLCPP_ERROR[m[K(this->get_logger(), "update_burst_hoge: %d", imu.update_burst());
[0.817s]       |         [01;31m[K^~~~~~~~~~~~[m[K
[0.817s] [01m[K/home/taka4/ros2_ws/src/adi_driver2/src/adis16465_node.cpp:155:9:[m[K [01;31m[Kerror: [m[Ktemplate argument 1 is invalid
[0.817s]   155 |         [01;31m[KRCLCPP_ERROR[m[K(this->get_logger(), "update_burst_hoge: %d", imu.update_burst());
[0.817s]       |         [01;31m[K^~~~~~~~~~~~[m[K
[0.817s] In file included from [01m[K/opt/ros/foxy/include/rclcpp/client.hpp:40[m[K,
[0.817s]                  from [01m[K/opt/ros/foxy/include/rclcpp/callback_group.hpp:23[m[K,
[0.817s]                  from [01m[K/opt/ros/foxy/include/rclcpp/any_executable.hpp:20[m[K,
[0.817s]                  from [01m[K/opt/ros/foxy/include/rclcpp/memory_strategy.hpp:24[m[K,
[0.817s]                  from [01m[K/opt/ros/foxy/include/rclcpp/memory_strategies.hpp:18[m[K,
[0.817s]                  from [01m[K/opt/ros/foxy/include/rclcpp/executor_options.hpp:20[m[K,
[0.817s]                  from [01m[K/opt/ros/foxy/include/rclcpp/executor.hpp:33[m[K,
[0.817s]                  from [01m[K/opt/ros/foxy/include/rclcpp/executors/multi_threaded_executor.hpp:26[m[K,
[0.817s]                  from [01m[K/opt/ros/foxy/include/rclcpp/executors.hpp:21[m[K,
[0.818s]                  from [01m[K/opt/ros/foxy/include/rclcpp/rclcpp.hpp:146[m[K,
[0.818s]                  from [01m[K/home/taka4/ros2_ws/src/adi_driver2/include/adi_driver2/adis16465_node.hpp:33[m[K,
[0.818s]                  from [01m[K/home/taka4/ros2_ws/src/adi_driver2/src/adis16465_node.cpp:40[m[K:
[0.818s] [01m[K/home/taka4/ros2_ws/src/adi_driver2/src/adis16465_node.cpp:155:22:[m[K [01;31m[Kerror: [m[K‘[01m[Kthis[m[K’ was not captured for this lambda function
[0.818s]   155 |         RCLCPP_ERROR([01;31m[Kthis[m[K->get_logger(), "update_burst_hoge: %d", imu.update_burst());
[0.818s]       |                      [01;31m[K^~~~[m[K
[0.818s] [01m[K/home/taka4/ros2_ws/src/adi_driver2/src/adis16465_node.cpp:155:22:[m[K [01;31m[Kerror: [m[K‘[01m[Kthis[m[K’ was not captured for this lambda function
[0.818s]   155 |         RCLCPP_ERROR([01;31m[Kthis[m[K->get_logger(), "update_burst_hoge: %d", imu.update_burst());
[0.818s]       |                      [01;31m[K^~~~[m[K
[0.818s] [01m[K/home/taka4/ros2_ws/src/adi_driver2/src/adis16465_node.cpp:157:16:[m[K [01;31m[Kerror: [m[K‘[01m[Kpublish_temperature_[m[K’ was not declared in this scope
[0.818s]   157 |     } else if ([01;31m[Kpublish_temperature_[m[K) {
[0.818s]       |                [01;31m[K^~~~~~~~~~~~~~~~~~~~[m[K
[0.818s] [01m[K/home/taka4/ros2_ws/src/adi_driver2/src/adis16465_node.cpp:158:11:[m[K [01;31m[Kerror: [m[K‘[01m[Kimu[m[K’ was not declared in this scope
[0.818s]   158 |       if ([01;31m[Kimu[m[K.update() == 0) {
[0.818s]       |           [01;31m[K^~~[m[K
[0.819s] [01m[K/home/taka4/ros2_ws/src/adi_driver2/src/adis16465_node.cpp:159:9:[m[K [01;31m[Kerror: [m[K‘[01m[Kpublish_imu_data[m[K’ was not declared in this scope
[0.819s]   159 |         [01;31m[Kpublish_imu_data[m[K();
[0.819s]       |         [01;31m[K^~~~~~~~~~~~~~~~[m[K
[0.819s] In file included from [01m[K/opt/ros/foxy/include/rclcpp/service.hpp:34[m[K,
[0.819s]                  from [01m[K/opt/ros/foxy/include/rclcpp/callback_group.hpp:25[m[K,
[0.819s]                  from [01m[K/opt/ros/foxy/include/rclcpp/any_executable.hpp:20[m[K,
[0.819s]                  from [01m[K/opt/ros/foxy/include/rclcpp/memory_strategy.hpp:24[m[K,
[0.819s]                  from [01m[K/opt/ros/foxy/include/rclcpp/memory_strategies.hpp:18[m[K,
[0.819s]                  from [01m[K/opt/ros/foxy/include/rclcpp/executor_options.hpp:20[m[K,
[0.819s]                  from [01m[K/opt/ros/foxy/include/rclcpp/executor.hpp:33[m[K,
[0.820s]                  from [01m[K/opt/ros/foxy/include/rclcpp/executors/multi_threaded_executor.hpp:26[m[K,
[0.820s]                  from [01m[K/opt/ros/foxy/include/rclcpp/executors.hpp:21[m[K,
[0.820s]                  from [01m[K/opt/ros/foxy/include/rclcpp/rclcpp.hpp:146[m[K,
[0.820s]                  from [01m[K/home/taka4/ros2_ws/src/adi_driver2/include/adi_driver2/adis16465_node.hpp:33[m[K,
[0.820s]                  from [01m[K/home/taka4/ros2_ws/src/adi_driver2/src/adis16465_node.cpp:40[m[K:
[0.820s] [01m[K/home/taka4/ros2_ws/src/adi_driver2/src/adis16465_node.cpp:160:21:[m[K [01;31m[Kerror: [m[Kinvalid use of ‘[01m[Kthis[m[K’ in non-member function
[0.820s]   160 |         RCLCPP_INFO([01;31m[Kthis[m[K->get_logger(), "publish imu/data_raw2");
[0.820s]       |                     [01;31m[K^~~~[m[K
[0.820s] [01m[K/home/taka4/ros2_ws/src/adi_driver2/src/adis16465_node.cpp:160:21:[m[K [01;31m[Kerror: [m[Kinvalid use of ‘[01m[Kthis[m[K’ in non-member function
[0.820s] [01m[K/home/taka4/ros2_ws/src/adi_driver2/src/adis16465_node.cpp:160:9:[m[K [01;31m[Kerror: [m[Ktemplate argument 1 is invalid
[0.820s]   160 |         [01;31m[KRCLCPP_INFO[m[K(this->get_logger(), "publish imu/data_raw2");
[0.820s]       |         [01;31m[K^~~~~~~~~~~[m[K
[0.820s] [01m[K/home/taka4/ros2_ws/src/adi_driver2/src/adis16465_node.cpp:160:9:[m[K [01;31m[Kerror: [m[Ktemplate argument 1 is invalid
[0.820s]   160 |         [01;31m[KRCLCPP_INFO[m[K(this->get_logger(), "publish imu/data_raw2");
[0.821s]       |         [01;31m[K^~~~~~~~~~~[m[K
[0.821s] [01m[K/home/taka4/ros2_ws/src/adi_driver2/src/adis16465_node.cpp:160:9:[m[K [01;31m[Kerror: [m[Ktemplate argument 1 is invalid
[0.821s]   160 |         [01;31m[KRCLCPP_INFO[m[K(this->get_logger(), "publish imu/data_raw2");
[0.821s]       |         [01;31m[K^~~~~~~~~~~[m[K
[0.821s] In file included from [01m[K/opt/ros/foxy/include/rclcpp/client.hpp:40[m[K,
[0.821s]                  from [01m[K/opt/ros/foxy/include/rclcpp/callback_group.hpp:23[m[K,
[0.821s]                  from [01m[K/opt/ros/foxy/include/rclcpp/any_executable.hpp:20[m[K,
[0.821s]                  from [01m[K/opt/ros/foxy/include/rclcpp/memory_strategy.hpp:24[m[K,
[0.821s]                  from [01m[K/opt/ros/foxy/include/rclcpp/memory_strategies.hpp:18[m[K,
[0.821s]                  from [01m[K/opt/ros/foxy/include/rclcpp/executor_options.hpp:20[m[K,
[0.821s]                  from [01m[K/opt/ros/foxy/include/rclcpp/executor.hpp:33[m[K,
[0.821s]                  from [01m[K/opt/ros/foxy/include/rclcpp/executors/multi_threaded_executor.hpp:26[m[K,
[0.821s]                  from [01m[K/opt/ros/foxy/include/rclcpp/executors.hpp:21[m[K,
[0.821s]                  from [01m[K/opt/ros/foxy/include/rclcpp/rclcpp.hpp:146[m[K,
[0.821s]                  from [01m[K/home/taka4/ros2_ws/src/adi_driver2/include/adi_driver2/adis16465_node.hpp:33[m[K,
[0.822s]                  from [01m[K/home/taka4/ros2_ws/src/adi_driver2/src/adis16465_node.cpp:40[m[K:
[0.822s] [01m[K/home/taka4/ros2_ws/src/adi_driver2/src/adis16465_node.cpp:160:21:[m[K [01;31m[Kerror: [m[K‘[01m[Kthis[m[K’ was not captured for this lambda function
[0.822s]   160 |         RCLCPP_INFO([01;31m[Kthis[m[K->get_logger(), "publish imu/data_raw2");
[0.822s]       |                     [01;31m[K^~~~[m[K
[0.822s] [01m[K/home/taka4/ros2_ws/src/adi_driver2/src/adis16465_node.cpp:160:21:[m[K [01;31m[Kerror: [m[K‘[01m[Kthis[m[K’ was not captured for this lambda function
[0.822s]   160 |         RCLCPP_INFO([01;31m[Kthis[m[K->get_logger(), "publish imu/data_raw2");
[0.822s]       |                     [01;31m[K^~~~[m[K
[0.822s] [01m[K/home/taka4/ros2_ws/src/adi_driver2/src/adis16465_node.cpp:161:9:[m[K [01;31m[Kerror: [m[K‘[01m[Kpublish_temp_data[m[K’ was not declared in this scope
[0.822s]   161 |         [01;31m[Kpublish_temp_data[m[K();
[0.822s]       |         [01;31m[K^~~~~~~~~~~~~~~~~[m[K
[0.822s] In file included from [01m[K/opt/ros/foxy/include/rclcpp/service.hpp:34[m[K,
[0.822s]                  from [01m[K/opt/ros/foxy/include/rclcpp/callback_group.hpp:25[m[K,
[0.822s]                  from [01m[K/opt/ros/foxy/include/rclcpp/any_executable.hpp:20[m[K,
[0.822s]                  from [01m[K/opt/ros/foxy/include/rclcpp/memory_strategy.hpp:24[m[K,
[0.822s]                  from [01m[K/opt/ros/foxy/include/rclcpp/memory_strategies.hpp:18[m[K,
[0.823s]                  from [01m[K/opt/ros/foxy/include/rclcpp/executor_options.hpp:20[m[K,
[0.823s]                  from [01m[K/opt/ros/foxy/include/rclcpp/executor.hpp:33[m[K,
[0.823s]                  from [01m[K/opt/ros/foxy/include/rclcpp/executors/multi_threaded_executor.hpp:26[m[K,
[0.823s]                  from [01m[K/opt/ros/foxy/include/rclcpp/executors.hpp:21[m[K,
[0.823s]                  from [01m[K/opt/ros/foxy/include/rclcpp/rclcpp.hpp:146[m[K,
[0.823s]                  from [01m[K/home/taka4/ros2_ws/src/adi_driver2/include/adi_driver2/adis16465_node.hpp:33[m[K,
[0.823s]                  from [01m[K/home/taka4/ros2_ws/src/adi_driver2/src/adis16465_node.cpp:40[m[K:
[0.823s] [01m[K/home/taka4/ros2_ws/src/adi_driver2/src/adis16465_node.cpp:163:22:[m[K [01;31m[Kerror: [m[Kinvalid use of ‘[01m[Kthis[m[K’ in non-member function
[0.823s]   163 |         RCLCPP_ERROR([01;31m[Kthis[m[K->get_logger(), "Cannot update");
[0.823s]       |                      [01;31m[K^~~~[m[K
[0.823s] [01m[K/home/taka4/ros2_ws/src/adi_driver2/src/adis16465_node.cpp:163:22:[m[K [01;31m[Kerror: [m[Kinvalid use of ‘[01m[Kthis[m[K’ in non-member function
[0.824s] [01m[K/home/taka4/ros2_ws/src/adi_driver2/src/adis16465_node.cpp:163:9:[m[K [01;31m[Kerror: [m[Ktemplate argument 1 is invalid
[0.824s]   163 |         [01;31m[KRCLCPP_ERROR[m[K(this->get_logger(), "Cannot update");
[0.824s]       |         [01;31m[K^~~~~~~~~~~~[m[K
[0.824s] [01m[K/home/taka4/ros2_ws/src/adi_driver2/src/adis16465_node.cpp:163:9:[m[K [01;31m[Kerror: [m[Ktemplate argument 1 is invalid
[0.824s]   163 |         [01;31m[KRCLCPP_ERROR[m[K(this->get_logger(), "Cannot update");
[0.824s]       |         [01;31m[K^~~~~~~~~~~~[m[K
[0.824s] [01m[K/home/taka4/ros2_ws/src/adi_driver2/src/adis16465_node.cpp:163:9:[m[K [01;31m[Kerror: [m[Ktemplate argument 1 is invalid
[0.824s]   163 |         [01;31m[KRCLCPP_ERROR[m[K(this->get_logger(), "Cannot update");
[0.824s]       |         [01;31m[K^~~~~~~~~~~~[m[K
[0.824s] In file included from [01m[K/opt/ros/foxy/include/rclcpp/client.hpp:40[m[K,
[0.824s]                  from [01m[K/opt/ros/foxy/include/rclcpp/callback_group.hpp:23[m[K,
[0.824s]                  from [01m[K/opt/ros/foxy/include/rclcpp/any_executable.hpp:20[m[K,
[0.824s]                  from [01m[K/opt/ros/foxy/include/rclcpp/memory_strategy.hpp:24[m[K,
[0.825s]                  from [01m[K/opt/ros/foxy/include/rclcpp/memory_strategies.hpp:18[m[K,
[0.825s]                  from [01m[K/opt/ros/foxy/include/rclcpp/executor_options.hpp:20[m[K,
[0.825s]                  from [01m[K/opt/ros/foxy/include/rclcpp/executor.hpp:33[m[K,
[0.825s]                  from [01m[K/opt/ros/foxy/include/rclcpp/executors/multi_threaded_executor.hpp:26[m[K,
[0.825s]                  from [01m[K/opt/ros/foxy/include/rclcpp/executors.hpp:21[m[K,
[0.825s]                  from [01m[K/opt/ros/foxy/include/rclcpp/rclcpp.hpp:146[m[K,
[0.825s]                  from [01m[K/home/taka4/ros2_ws/src/adi_driver2/include/adi_driver2/adis16465_node.hpp:33[m[K,
[0.825s]                  from [01m[K/home/taka4/ros2_ws/src/adi_driver2/src/adis16465_node.cpp:40[m[K:
[0.825s] [01m[K/home/taka4/ros2_ws/src/adi_driver2/src/adis16465_node.cpp:163:22:[m[K [01;31m[Kerror: [m[K‘[01m[Kthis[m[K’ was not captured for this lambda function
[0.825s]   163 |         RCLCPP_ERROR([01;31m[Kthis[m[K->get_logger(), "Cannot update");
[0.825s]       |                      [01;31m[K^~~~[m[K
[0.825s] [01m[K/home/taka4/ros2_ws/src/adi_driver2/src/adis16465_node.cpp:163:22:[m[K [01;31m[Kerror: [m[K‘[01m[Kthis[m[K’ was not captured for this lambda function
[0.825s]   163 |         RCLCPP_ERROR([01;31m[Kthis[m[K->get_logger(), "Cannot update");
[0.825s]       |                      [01;31m[K^~~~[m[K
[0.825s] [01m[K/home/taka4/ros2_ws/src/adi_driver2/src/adis16465_node.cpp:166:11:[m[K [01;31m[Kerror: [m[K‘[01m[Kimu[m[K’ was not declared in this scope
[0.825s]   166 |       if ([01;31m[Kimu[m[K.update_burst() == 0) {
[0.825s]       |           [01;31m[K^~~[m[K
[0.825s] [01m[K/home/taka4/ros2_ws/src/adi_driver2/src/adis16465_node.cpp:167:9:[m[K [01;31m[Kerror: [m[K‘[01m[Kpublish_imu_data[m[K’ was not declared in this scope
[0.825s]   167 |         [01;31m[Kpublish_imu_data[m[K();
[0.825s]       |         [01;31m[K^~~~~~~~~~~~~~~~[m[K
[0.825s] In file included from [01m[K/opt/ros/foxy/include/rclcpp/service.hpp:34[m[K,
[0.825s]                  from [01m[K/opt/ros/foxy/include/rclcpp/callback_group.hpp:25[m[K,
[0.825s]                  from [01m[K/opt/ros/foxy/include/rclcpp/any_executable.hpp:20[m[K,
[0.825s]                  from [01m[K/opt/ros/foxy/include/rclcpp/memory_strategy.hpp:24[m[K,
[0.825s]                  from [01m[K/opt/ros/foxy/include/rclcpp/memory_strategies.hpp:18[m[K,
[0.825s]                  from [01m[K/opt/ros/foxy/include/rclcpp/executor_options.hpp:20[m[K,
[0.825s]                  from [01m[K/opt/ros/foxy/include/rclcpp/executor.hpp:33[m[K,
[0.825s]                  from [01m[K/opt/ros/foxy/include/rclcpp/executors/multi_threaded_executor.hpp:26[m[K,
[0.825s]                  from [01m[K/opt/ros/foxy/include/rclcpp/executors.hpp:21[m[K,
[0.825s]                  from [01m[K/opt/ros/foxy/include/rclcpp/rclcpp.hpp:146[m[K,
[0.825s]                  from [01m[K/home/taka4/ros2_ws/src/adi_driver2/include/adi_driver2/adis16465_node.hpp:33[m[K,
[0.825s]                  from [01m[K/home/taka4/ros2_ws/src/adi_driver2/src/adis16465_node.cpp:40[m[K:
[0.825s] [01m[K/home/taka4/ros2_ws/src/adi_driver2/src/adis16465_node.cpp:168:21:[m[K [01;31m[Kerror: [m[Kinvalid use of ‘[01m[Kthis[m[K’ in non-member function
[0.825s]   168 |         RCLCPP_INFO([01;31m[Kthis[m[K->get_logger(), "publish imu/data_raw3");
[0.826s]       |                     [01;31m[K^~~~[m[K
[0.826s] [01m[K/home/taka4/ros2_ws/src/adi_driver2/src/adis16465_node.cpp:168:21:[m[K [01;31m[Kerror: [m[Kinvalid use of ‘[01m[Kthis[m[K’ in non-member function
[0.826s] [01m[K/home/taka4/ros2_ws/src/adi_driver2/src/adis16465_node.cpp:168:9:[m[K [01;31m[Kerror: [m[Ktemplate argument 1 is invalid
[0.826s]   168 |         [01;31m[KRCLCPP_INFO[m[K(this->get_logger(), "publish imu/data_raw3");
[0.826s]       |         [01;31m[K^~~~~~~~~~~[m[K
[0.826s] [01m[K/home/taka4/ros2_ws/src/adi_driver2/src/adis16465_node.cpp:168:9:[m[K [01;31m[Kerror: [m[Ktemplate argument 1 is invalid
[0.826s]   168 |         [01;31m[KRCLCPP_INFO[m[K(this->get_logger(), "publish imu/data_raw3");
[0.826s]       |         [01;31m[K^~~~~~~~~~~[m[K
[0.826s] [01m[K/home/taka4/ros2_ws/src/adi_driver2/src/adis16465_node.cpp:168:9:[m[K [01;31m[Kerror: [m[Ktemplate argument 1 is invalid
[0.826s]   168 |         [01;31m[KRCLCPP_INFO[m[K(this->get_logger(), "publish imu/data_raw3");
[0.826s]       |         [01;31m[K^~~~~~~~~~~[m[K
[0.826s] In file included from [01m[K/opt/ros/foxy/include/rclcpp/client.hpp:40[m[K,
[0.826s]                  from [01m[K/opt/ros/foxy/include/rclcpp/callback_group.hpp:23[m[K,
[0.826s]                  from [01m[K/opt/ros/foxy/include/rclcpp/any_executable.hpp:20[m[K,
[0.826s]                  from [01m[K/opt/ros/foxy/include/rclcpp/memory_strategy.hpp:24[m[K,
[0.826s]                  from [01m[K/opt/ros/foxy/include/rclcpp/memory_strategies.hpp:18[m[K,
[0.827s]                  from [01m[K/opt/ros/foxy/include/rclcpp/executor_options.hpp:20[m[K,
[0.827s]                  from [01m[K/opt/ros/foxy/include/rclcpp/executor.hpp:33[m[K,
[0.827s]                  from [01m[K/opt/ros/foxy/include/rclcpp/executors/multi_threaded_executor.hpp:26[m[K,
[0.827s]                  from [01m[K/opt/ros/foxy/include/rclcpp/executors.hpp:21[m[K,
[0.827s]                  from [01m[K/opt/ros/foxy/include/rclcpp/rclcpp.hpp:146[m[K,
[0.827s]                  from [01m[K/home/taka4/ros2_ws/src/adi_driver2/include/adi_driver2/adis16465_node.hpp:33[m[K,
[0.827s]                  from [01m[K/home/taka4/ros2_ws/src/adi_driver2/src/adis16465_node.cpp:40[m[K:
[0.827s] [01m[K/home/taka4/ros2_ws/src/adi_driver2/src/adis16465_node.cpp:168:21:[m[K [01;31m[Kerror: [m[K‘[01m[Kthis[m[K’ was not captured for this lambda function
[0.827s]   168 |         RCLCPP_INFO([01;31m[Kthis[m[K->get_logger(), "publish imu/data_raw3");
[0.827s]       |                     [01;31m[K^~~~[m[K
[0.827s] [01m[K/home/taka4/ros2_ws/src/adi_driver2/src/adis16465_node.cpp:168:21:[m[K [01;31m[Kerror: [m[K‘[01m[Kthis[m[K’ was not captured for this lambda function
[0.827s]   168 |         RCLCPP_INFO([01;31m[Kthis[m[K->get_logger(), "publish imu/data_raw3");
[0.827s]       |                     [01;31m[K^~~~[m[K
[0.827s] [01m[K/home/taka4/ros2_ws/src/adi_driver2/src/adis16465_node.cpp:169:9:[m[K [01;31m[Kerror: [m[K‘[01m[Kpublish_temp_data[m[K’ was not declared in this scope
[0.827s]   169 |         [01;31m[Kpublish_temp_data[m[K();
[0.827s]       |         [01;31m[K^~~~~~~~~~~~~~~~~[m[K
[0.827s] In file included from [01m[K/opt/ros/foxy/include/rclcpp/service.hpp:34[m[K,
[0.827s]                  from [01m[K/opt/ros/foxy/include/rclcpp/callback_group.hpp:25[m[K,
[0.827s]                  from [01m[K/opt/ros/foxy/include/rclcpp/any_executable.hpp:20[m[K,
[0.827s]                  from [01m[K/opt/ros/foxy/include/rclcpp/memory_strategy.hpp:24[m[K,
[0.827s]                  from [01m[K/opt/ros/foxy/include/rclcpp/memory_strategies.hpp:18[m[K,
[0.827s]                  from [01m[K/opt/ros/foxy/include/rclcpp/executor_options.hpp:20[m[K,
[0.827s]                  from [01m[K/opt/ros/foxy/include/rclcpp/executor.hpp:33[m[K,
[0.827s]                  from [01m[K/opt/ros/foxy/include/rclcpp/executors/multi_threaded_executor.hpp:26[m[K,
[0.827s]                  from [01m[K/opt/ros/foxy/include/rclcpp/executors.hpp:21[m[K,
[0.827s]                  from [01m[K/opt/ros/foxy/include/rclcpp/rclcpp.hpp:146[m[K,
[0.827s]                  from [01m[K/home/taka4/ros2_ws/src/adi_driver2/include/adi_driver2/adis16465_node.hpp:33[m[K,
[0.827s]                  from [01m[K/home/taka4/ros2_ws/src/adi_driver2/src/adis16465_node.cpp:40[m[K:
[0.827s] [01m[K/home/taka4/ros2_ws/src/adi_driver2/src/adis16465_node.cpp:171:22:[m[K [01;31m[Kerror: [m[Kinvalid use of ‘[01m[Kthis[m[K’ in non-member function
[0.828s]   171 |         RCLCPP_ERROR([01;31m[Kthis[m[K->get_logger(), "Cannot update burst");
[0.828s]       |                      [01;31m[K^~~~[m[K
[0.828s] [01m[K/home/taka4/ros2_ws/src/adi_driver2/src/adis16465_node.cpp:171:22:[m[K [01;31m[Kerror: [m[Kinvalid use of ‘[01m[Kthis[m[K’ in non-member function
[0.828s] [01m[K/home/taka4/ros2_ws/src/adi_driver2/src/adis16465_node.cpp:171:9:[m[K [01;31m[Kerror: [m[Ktemplate argument 1 is invalid
[0.828s]   171 |         [01;31m[KRCLCPP_ERROR[m[K(this->get_logger(), "Cannot update burst");
[0.828s]       |         [01;31m[K^~~~~~~~~~~~[m[K
[0.828s] [01m[K/home/taka4/ros2_ws/src/adi_driver2/src/adis16465_node.cpp:171:9:[m[K [01;31m[Kerror: [m[Ktemplate argument 1 is invalid
[0.828s]   171 |         [01;31m[KRCLCPP_ERROR[m[K(this->get_logger(), "Cannot update burst");
[0.828s]       |         [01;31m[K^~~~~~~~~~~~[m[K
[0.828s] [01m[K/home/taka4/ros2_ws/src/adi_driver2/src/adis16465_node.cpp:171:9:[m[K [01;31m[Kerror: [m[Ktemplate argument 1 is invalid
[0.828s]   171 |         [01;31m[KRCLCPP_ERROR[m[K(this->get_logger(), "Cannot update burst");
[0.828s]       |         [01;31m[K^~~~~~~~~~~~[m[K
[0.828s] In file included from [01m[K/opt/ros/foxy/include/rclcpp/client.hpp:40[m[K,
[0.828s]                  from [01m[K/opt/ros/foxy/include/rclcpp/callback_group.hpp:23[m[K,
[0.828s]                  from [01m[K/opt/ros/foxy/include/rclcpp/any_executable.hpp:20[m[K,
[0.828s]                  from [01m[K/opt/ros/foxy/include/rclcpp/memory_strategy.hpp:24[m[K,
[0.828s]                  from [01m[K/opt/ros/foxy/include/rclcpp/memory_strategies.hpp:18[m[K,
[0.828s]                  from [01m[K/opt/ros/foxy/include/rclcpp/executor_options.hpp:20[m[K,
[0.828s]                  from [01m[K/opt/ros/foxy/include/rclcpp/executor.hpp:33[m[K,
[0.828s]                  from [01m[K/opt/ros/foxy/include/rclcpp/executors/multi_threaded_executor.hpp:26[m[K,
[0.828s]                  from [01m[K/opt/ros/foxy/include/rclcpp/executors.hpp:21[m[K,
[0.828s]                  from [01m[K/opt/ros/foxy/include/rclcpp/rclcpp.hpp:146[m[K,
[0.828s]                  from [01m[K/home/taka4/ros2_ws/src/adi_driver2/include/adi_driver2/adis16465_node.hpp:33[m[K,
[0.828s]                  from [01m[K/home/taka4/ros2_ws/src/adi_driver2/src/adis16465_node.cpp:40[m[K:
[0.828s] [01m[K/home/taka4/ros2_ws/src/adi_driver2/src/adis16465_node.cpp:171:22:[m[K [01;31m[Kerror: [m[K‘[01m[Kthis[m[K’ was not captured for this lambda function
[0.828s]   171 |         RCLCPP_ERROR([01;31m[Kthis[m[K->get_logger(), "Cannot update burst");
[0.828s]       |                      [01;31m[K^~~~[m[K
[0.828s] [01m[K/home/taka4/ros2_ws/src/adi_driver2/src/adis16465_node.cpp:171:22:[m[K [01;31m[Kerror: [m[K‘[01m[Kthis[m[K’ was not captured for this lambda function
[0.828s]   171 |         RCLCPP_ERROR([01;31m[Kthis[m[K->get_logger(), "Cannot update burst");
[0.828s]       |                      [01;31m[K^~~~[m[K
[0.828s] [01m[K/home/taka4/ros2_ws/src/adi_driver2/src/adis16465_node.cpp:174:11:[m[K [01;31m[Kerror: [m[K‘[01m[Kimu[m[K’ was not declared in this scope
[0.828s]   174 |       if ([01;31m[Kimu[m[K.update() == 0) {
[0.828s]       |           [01;31m[K^~~[m[K
[0.829s] [01m[K/home/taka4/ros2_ws/src/adi_driver2/src/adis16465_node.cpp:175:9:[m[K [01;31m[Kerror: [m[K‘[01m[Kpublish_imu_data[m[K’ was not declared in this scope
[0.829s]   175 |         [01;31m[Kpublish_imu_data[m[K();
[0.829s]       |         [01;31m[K^~~~~~~~~~~~~~~~[m[K
[0.829s] In file included from [01m[K/opt/ros/foxy/include/rclcpp/service.hpp:34[m[K,
[0.829s]                  from [01m[K/opt/ros/foxy/include/rclcpp/callback_group.hpp:25[m[K,
[0.829s]                  from [01m[K/opt/ros/foxy/include/rclcpp/any_executable.hpp:20[m[K,
[0.829s]                  from [01m[K/opt/ros/foxy/include/rclcpp/memory_strategy.hpp:24[m[K,
[0.829s]                  from [01m[K/opt/ros/foxy/include/rclcpp/memory_strategies.hpp:18[m[K,
[0.829s]                  from [01m[K/opt/ros/foxy/include/rclcpp/executor_options.hpp:20[m[K,
[0.829s]                  from [01m[K/opt/ros/foxy/include/rclcpp/executor.hpp:33[m[K,
[0.829s]                  from [01m[K/opt/ros/foxy/include/rclcpp/executors/multi_threaded_executor.hpp:26[m[K,
[0.829s]                  from [01m[K/opt/ros/foxy/include/rclcpp/executors.hpp:21[m[K,
[0.829s]                  from [01m[K/opt/ros/foxy/include/rclcpp/rclcpp.hpp:146[m[K,
[0.829s]                  from [01m[K/home/taka4/ros2_ws/src/adi_driver2/include/adi_driver2/adis16465_node.hpp:33[m[K,
[0.829s]                  from [01m[K/home/taka4/ros2_ws/src/adi_driver2/src/adis16465_node.cpp:40[m[K:
[0.829s] [01m[K/home/taka4/ros2_ws/src/adi_driver2/src/adis16465_node.cpp:176:21:[m[K [01;31m[Kerror: [m[Kinvalid use of ‘[01m[Kthis[m[K’ in non-member function
[0.829s]   176 |         RCLCPP_INFO([01;31m[Kthis[m[K->get_logger(), "publish imu/data_raw4");
[0.829s]       |                     [01;31m[K^~~~[m[K
[0.829s] [01m[K/home/taka4/ros2_ws/src/adi_driver2/src/adis16465_node.cpp:176:21:[m[K [01;31m[Kerror: [m[Kinvalid use of ‘[01m[Kthis[m[K’ in non-member function
[0.829s] [01m[K/home/taka4/ros2_ws/src/adi_driver2/src/adis16465_node.cpp:176:9:[m[K [01;31m[Kerror: [m[Ktemplate argument 1 is invalid
[0.829s]   176 |         [01;31m[KRCLCPP_INFO[m[K(this->get_logger(), "publish imu/data_raw4");
[0.829s]       |         [01;31m[K^~~~~~~~~~~[m[K
[0.829s] [01m[K/home/taka4/ros2_ws/src/adi_driver2/src/adis16465_node.cpp:176:9:[m[K [01;31m[Kerror: [m[Ktemplate argument 1 is invalid
[0.829s]   176 |         [01;31m[KRCLCPP_INFO[m[K(this->get_logger(), "publish imu/data_raw4");
[0.829s]       |         [01;31m[K^~~~~~~~~~~[m[K
[0.829s] [01m[K/home/taka4/ros2_ws/src/adi_driver2/src/adis16465_node.cpp:176:9:[m[K [01;31m[Kerror: [m[Ktemplate argument 1 is invalid
[0.829s]   176 |         [01;31m[KRCLCPP_INFO[m[K(this->get_logger(), "publish imu/data_raw4");
[0.829s]       |         [01;31m[K^~~~~~~~~~~[m[K
[0.829s] In file included from [01m[K/opt/ros/foxy/include/rclcpp/client.hpp:40[m[K,
[0.829s]                  from [01m[K/opt/ros/foxy/include/rclcpp/callback_group.hpp:23[m[K,
[0.829s]                  from [01m[K/opt/ros/foxy/include/rclcpp/any_executable.hpp:20[m[K,
[0.829s]                  from [01m[K/opt/ros/foxy/include/rclcpp/memory_strategy.hpp:24[m[K,
[0.829s]                  from [01m[K/opt/ros/foxy/include/rclcpp/memory_strategies.hpp:18[m[K,
[0.830s]                  from [01m[K/opt/ros/foxy/include/rclcpp/executor_options.hpp:20[m[K,
[0.830s]                  from [01m[K/opt/ros/foxy/include/rclcpp/executor.hpp:33[m[K,
[0.830s]                  from [01m[K/opt/ros/foxy/include/rclcpp/executors/multi_threaded_executor.hpp:26[m[K,
[0.830s]                  from [01m[K/opt/ros/foxy/include/rclcpp/executors.hpp:21[m[K,
[0.830s]                  from [01m[K/opt/ros/foxy/include/rclcpp/rclcpp.hpp:146[m[K,
[0.830s]                  from [01m[K/home/taka4/ros2_ws/src/adi_driver2/include/adi_driver2/adis16465_node.hpp:33[m[K,
[0.830s]                  from [01m[K/home/taka4/ros2_ws/src/adi_driver2/src/adis16465_node.cpp:40[m[K:
[0.830s] [01m[K/home/taka4/ros2_ws/src/adi_driver2/src/adis16465_node.cpp:176:21:[m[K [01;31m[Kerror: [m[K‘[01m[Kthis[m[K’ was not captured for this lambda function
[0.830s]   176 |         RCLCPP_INFO([01;31m[Kthis[m[K->get_logger(), "publish imu/data_raw4");
[0.830s]       |                     [01;31m[K^~~~[m[K
[0.830s] [01m[K/home/taka4/ros2_ws/src/adi_driver2/src/adis16465_node.cpp:176:21:[m[K [01;31m[Kerror: [m[K‘[01m[Kthis[m[K’ was not captured for this lambda function
[0.830s]   176 |         RCLCPP_INFO([01;31m[Kthis[m[K->get_logger(), "publish imu/data_raw4");
[0.830s]       |                     [01;31m[K^~~~[m[K
[0.830s] In file included from [01m[K/opt/ros/foxy/include/rclcpp/service.hpp:34[m[K,
[0.830s]                  from [01m[K/opt/ros/foxy/include/rclcpp/callback_group.hpp:25[m[K,
[0.830s]                  from [01m[K/opt/ros/foxy/include/rclcpp/any_executable.hpp:20[m[K,
[0.830s]                  from [01m[K/opt/ros/foxy/include/rclcpp/memory_strategy.hpp:24[m[K,
[0.830s]                  from [01m[K/opt/ros/foxy/include/rclcpp/memory_strategies.hpp:18[m[K,
[0.830s]                  from [01m[K/opt/ros/foxy/include/rclcpp/executor_options.hpp:20[m[K,
[0.830s]                  from [01m[K/opt/ros/foxy/include/rclcpp/executor.hpp:33[m[K,
[0.830s]                  from [01m[K/opt/ros/foxy/include/rclcpp/executors/multi_threaded_executor.hpp:26[m[K,
[0.830s]                  from [01m[K/opt/ros/foxy/include/rclcpp/executors.hpp:21[m[K,
[0.830s]                  from [01m[K/opt/ros/foxy/include/rclcpp/rclcpp.hpp:146[m[K,
[0.830s]                  from [01m[K/home/taka4/ros2_ws/src/adi_driver2/include/adi_driver2/adis16465_node.hpp:33[m[K,
[0.830s]                  from [01m[K/home/taka4/ros2_ws/src/adi_driver2/src/adis16465_node.cpp:40[m[K:
[0.830s] [01m[K/home/taka4/ros2_ws/src/adi_driver2/src/adis16465_node.cpp:178:22:[m[K [01;31m[Kerror: [m[Kinvalid use of ‘[01m[Kthis[m[K’ in non-member function
[0.830s]   178 |         RCLCPP_ERROR([01;31m[Kthis[m[K->get_logger(), "Cannot update");
[0.830s]       |                      [01;31m[K^~~~[m[K
[0.830s] [01m[K/home/taka4/ros2_ws/src/adi_driver2/src/adis16465_node.cpp:178:22:[m[K [01;31m[Kerror: [m[Kinvalid use of ‘[01m[Kthis[m[K’ in non-member function
[0.830s] [01m[K/home/taka4/ros2_ws/src/adi_driver2/src/adis16465_node.cpp:178:9:[m[K [01;31m[Kerror: [m[Ktemplate argument 1 is invalid
[0.830s]   178 |         [01;31m[KRCLCPP_ERROR[m[K(this->get_logger(), "Cannot update");
[0.830s]       |         [01;31m[K^~~~~~~~~~~~[m[K
[0.830s] [01m[K/home/taka4/ros2_ws/src/adi_driver2/src/adis16465_node.cpp:178:9:[m[K [01;31m[Kerror: [m[Ktemplate argument 1 is invalid
[0.830s]   178 |         [01;31m[KRCLCPP_ERROR[m[K(this->get_logger(), "Cannot update");
[0.830s]       |         [01;31m[K^~~~~~~~~~~~[m[K
[0.830s] [01m[K/home/taka4/ros2_ws/src/adi_driver2/src/adis16465_node.cpp:178:9:[m[K [01;31m[Kerror: [m[Ktemplate argument 1 is invalid
[0.831s]   178 |         [01;31m[KRCLCPP_ERROR[m[K(this->get_logger(), "Cannot update");
[0.831s]       |         [01;31m[K^~~~~~~~~~~~[m[K
[0.831s] In file included from [01m[K/opt/ros/foxy/include/rclcpp/client.hpp:40[m[K,
[0.831s]                  from [01m[K/opt/ros/foxy/include/rclcpp/callback_group.hpp:23[m[K,
[0.831s]                  from [01m[K/opt/ros/foxy/include/rclcpp/any_executable.hpp:20[m[K,
[0.831s]                  from [01m[K/opt/ros/foxy/include/rclcpp/memory_strategy.hpp:24[m[K,
[0.831s]                  from [01m[K/opt/ros/foxy/include/rclcpp/memory_strategies.hpp:18[m[K,
[0.831s]                  from [01m[K/opt/ros/foxy/include/rclcpp/executor_options.hpp:20[m[K,
[0.831s]                  from [01m[K/opt/ros/foxy/include/rclcpp/executor.hpp:33[m[K,
[0.831s]                  from [01m[K/opt/ros/foxy/include/rclcpp/executors/multi_threaded_executor.hpp:26[m[K,
[0.831s]                  from [01m[K/opt/ros/foxy/include/rclcpp/executors.hpp:21[m[K,
[0.831s]                  from [01m[K/opt/ros/foxy/include/rclcpp/rclcpp.hpp:146[m[K,
[0.831s]                  from [01m[K/home/taka4/ros2_ws/src/adi_driver2/include/adi_driver2/adis16465_node.hpp:33[m[K,
[0.831s]                  from [01m[K/home/taka4/ros2_ws/src/adi_driver2/src/adis16465_node.cpp:40[m[K:
[0.831s] [01m[K/home/taka4/ros2_ws/src/adi_driver2/src/adis16465_node.cpp:178:22:[m[K [01;31m[Kerror: [m[K‘[01m[Kthis[m[K’ was not captured for this lambda function
[0.831s]   178 |         RCLCPP_ERROR([01;31m[Kthis[m[K->get_logger(), "Cannot update");
[0.831s]       |                      [01;31m[K^~~~[m[K
[0.831s] [01m[K/home/taka4/ros2_ws/src/adi_driver2/src/adis16465_node.cpp:178:22:[m[K [01;31m[Kerror: [m[K‘[01m[Kthis[m[K’ was not captured for this lambda function
[0.831s]   178 |         RCLCPP_ERROR([01;31m[Kthis[m[K->get_logger(), "Cannot update");
[0.831s]       |                      [01;31m[K^~~~[m[K
[0.831s] In file included from [01m[K/opt/ros/foxy/include/rclcpp/service.hpp:34[m[K,
[0.831s]                  from [01m[K/opt/ros/foxy/include/rclcpp/callback_group.hpp:25[m[K,
[0.831s]                  from [01m[K/opt/ros/foxy/include/rclcpp/any_executable.hpp:20[m[K,
[0.831s]                  from [01m[K/opt/ros/foxy/include/rclcpp/memory_strategy.hpp:24[m[K,
[0.831s]                  from [01m[K/opt/ros/foxy/include/rclcpp/memory_strategies.hpp:18[m[K,
[0.831s]                  from [01m[K/opt/ros/foxy/include/rclcpp/executor_options.hpp:20[m[K,
[0.831s]                  from [01m[K/opt/ros/foxy/include/rclcpp/executor.hpp:33[m[K,
[0.831s]                  from [01m[K/opt/ros/foxy/include/rclcpp/executors/multi_threaded_executor.hpp:26[m[K,
[0.831s]                  from [01m[K/opt/ros/foxy/include/rclcpp/executors.hpp:21[m[K,
[0.831s]                  from [01m[K/opt/ros/foxy/include/rclcpp/rclcpp.hpp:146[m[K,
[0.831s]                  from [01m[K/home/taka4/ros2_ws/src/adi_driver2/include/adi_driver2/adis16465_node.hpp:33[m[K,
[0.831s]                  from [01m[K/home/taka4/ros2_ws/src/adi_driver2/src/adis16465_node.cpp:40[m[K:
[0.831s] [01m[K/home/taka4/ros2_ws/src/adi_driver2/src/adis16465_node.cpp:182:17:[m[K [01;31m[Kerror: [m[Kinvalid use of ‘[01m[Kthis[m[K’ in non-member function
[0.831s]   182 |     RCLCPP_INFO([01;31m[Kthis[m[K->get_logger(), "Cannot publish !! imu/data_raw5");
[0.831s]       |                 [01;31m[K^~~~[m[K
[0.831s] [01m[K/home/taka4/ros2_ws/src/adi_driver2/src/adis16465_node.cpp:182:17:[m[K [01;31m[Kerror: [m[Kinvalid use of ‘[01m[Kthis[m[K’ in non-member function
[0.832s] [01m[K/home/taka4/ros2_ws/src/adi_driver2/src/adis16465_node.cpp:182:5:[m[K [01;31m[Kerror: [m[Ktemplate argument 1 is invalid
[0.832s]   182 |     [01;31m[KRCLCPP_INFO[m[K(this->get_logger(), "Cannot publish !! imu/data_raw5");
[0.832s]       |     [01;31m[K^~~~~~~~~~~[m[K
[0.832s] [01m[K/home/taka4/ros2_ws/src/adi_driver2/src/adis16465_node.cpp:182:5:[m[K [01;31m[Kerror: [m[Ktemplate argument 1 is invalid
[0.832s]   182 |     [01;31m[KRCLCPP_INFO[m[K(this->get_logger(), "Cannot publish !! imu/data_raw5");
[0.832s]       |     [01;31m[K^~~~~~~~~~~[m[K
[0.832s] [01m[K/home/taka4/ros2_ws/src/adi_driver2/src/adis16465_node.cpp:182:5:[m[K [01;31m[Kerror: [m[Ktemplate argument 1 is invalid
[0.832s]   182 |     [01;31m[KRCLCPP_INFO[m[K(this->get_logger(), "Cannot publish !! imu/data_raw5");
[0.832s]       |     [01;31m[K^~~~~~~~~~~[m[K
[0.832s] In file included from [01m[K/opt/ros/foxy/include/rclcpp/client.hpp:40[m[K,
[0.832s]                  from [01m[K/opt/ros/foxy/include/rclcpp/callback_group.hpp:23[m[K,
[0.832s]                  from [01m[K/opt/ros/foxy/include/rclcpp/any_executable.hpp:20[m[K,
[0.832s]                  from [01m[K/opt/ros/foxy/include/rclcpp/memory_strategy.hpp:24[m[K,
[0.832s]                  from [01m[K/opt/ros/foxy/include/rclcpp/memory_strategies.hpp:18[m[K,
[0.832s]                  from [01m[K/opt/ros/foxy/include/rclcpp/executor_options.hpp:20[m[K,
[0.832s]                  from [01m[K/opt/ros/foxy/include/rclcpp/executor.hpp:33[m[K,
[0.832s]                  from [01m[K/opt/ros/foxy/include/rclcpp/executors/multi_threaded_executor.hpp:26[m[K,
[0.832s]                  from [01m[K/opt/ros/foxy/include/rclcpp/executors.hpp:21[m[K,
[0.832s]                  from [01m[K/opt/ros/foxy/include/rclcpp/rclcpp.hpp:146[m[K,
[0.832s]                  from [01m[K/home/taka4/ros2_ws/src/adi_driver2/include/adi_driver2/adis16465_node.hpp:33[m[K,
[0.832s]                  from [01m[K/home/taka4/ros2_ws/src/adi_driver2/src/adis16465_node.cpp:40[m[K:
[0.832s] [01m[K/home/taka4/ros2_ws/src/adi_driver2/src/adis16465_node.cpp:182:17:[m[K [01;31m[Kerror: [m[K‘[01m[Kthis[m[K’ was not captured for this lambda function
[0.832s]   182 |     RCLCPP_INFO([01;31m[Kthis[m[K->get_logger(), "Cannot publish !! imu/data_raw5");
[0.832s]       |                 [01;31m[K^~~~[m[K
[0.832s] [01m[K/home/taka4/ros2_ws/src/adi_driver2/src/adis16465_node.cpp:182:17:[m[K [01;31m[Kerror: [m[K‘[01m[Kthis[m[K’ was not captured for this lambda function
[0.832s]   182 |     RCLCPP_INFO([01;31m[Kthis[m[K->get_logger(), "Cannot publish !! imu/data_raw5");
[0.832s]       |                 [01;31m[K^~~~[m[K
[0.832s] [01m[K/home/taka4/ros2_ws/src/adi_driver2/src/adis16465_node.cpp:[m[K In function ‘[01m[Kbool adi_driver2::loop()[m[K’:
[0.832s] [01m[K/home/taka4/ros2_ws/src/adi_driver2/src/adis16465_node.cpp:183:4:[m[K [01;31m[Kerror: [m[Kno matching function for call to ‘[01m[Kcreate_wall_timer(std::chrono::seconds, adi_driver2::loop()::<lambda()>)[m[K’
[0.832s]   183 |   }[01;31m[K)[m[K;
[0.832s]       |    [01;31m[K^[m[K
[0.832s] In file included from [01m[K/opt/ros/foxy/include/rclcpp/node_impl.hpp:41[m[K,
[0.832s]                  from [01m[K/opt/ros/foxy/include/rclcpp/node.hpp:1224[m[K,
[0.832s]                  from [01m[K/opt/ros/foxy/include/rclcpp/executors/single_threaded_executor.hpp:28[m[K,
[0.832s]                  from [01m[K/opt/ros/foxy/include/rclcpp/executors.hpp:22[m[K,
[0.832s]                  from [01m[K/opt/ros/foxy/include/rclcpp/rclcpp.hpp:146[m[K,
[0.833s]                  from [01m[K/home/taka4/ros2_ws/src/adi_driver2/include/adi_driver2/adis16465_node.hpp:33[m[K,
[0.833s]                  from [01m[K/home/taka4/ros2_ws/src/adi_driver2/src/adis16465_node.cpp:40[m[K:
[0.833s] [01m[K/opt/ros/foxy/include/rclcpp/create_timer.hpp:90:1:[m[K [01;36m[Knote: [m[Kcandidate: ‘[01m[Ktemplate<class DurationRepT, class DurationT, class CallbackT> typename rclcpp::WallTimer<CallbackT>::SharedPtr rclcpp::create_wall_timer(std::chrono::duration<_Rep1, _Period1>, CallbackT, rclcpp::CallbackGroup::SharedPtr, rclcpp::node_interfaces::NodeBaseInterface*, rclcpp::node_interfaces::NodeTimersInterface*)[m[K’
[0.833s]    90 | [01;36m[Kcreate_wall_timer[m[K(
[0.833s]       | [01;36m[K^~~~~~~~~~~~~~~~~[m[K
[0.833s] [01m[K/opt/ros/foxy/include/rclcpp/create_timer.hpp:90:1:[m[K [01;36m[Knote: [m[K  template argument deduction/substitution failed:
[0.833s] [01m[K/home/taka4/ros2_ws/src/adi_driver2/src/adis16465_node.cpp:183:4:[m[K [01;36m[Knote: [m[K  candidate expects 5 arguments, 2 provided
[0.833s]   183 |   }[01;36m[K)[m[K;
[0.833s]       |    [01;36m[K^[m[K
[0.833s] [01m[K/home/taka4/ros2_ws/src/adi_driver2/src/adis16465_node.cpp:[m[K In function ‘[01m[Kint main(int, char**)[m[K’:
[0.833s] [01m[K/home/taka4/ros2_ws/src/adi_driver2/src/adis16465_node.cpp:193:8:[m[K [01;31m[Kerror: [m[K‘[01m[Kclass rclcpp::executors::MultiThreadedExecutor[m[K’ has no member named ‘[01m[Kloop[m[K’
[0.833s]   193 |   exec.[01;31m[Kloop[m[K();
[0.833s]       |        [01;31m[K^~~~[m[K
[1.397s] make[2]: *** [CMakeFiles/adis16465.dir/build.make:76: CMakeFiles/adis16465.dir/src/adis16465_node.cpp.o] エラー 1
[1.397s] make[1]: *** [CMakeFiles/Makefile2:78: CMakeFiles/adis16465.dir/all] エラー 2
[1.397s] make: *** [Makefile:141: all] エラー 2
[1.399s] Invoked command in '/home/taka4/ros2_ws/src/adi_driver2/build/adi_driver2' returned '2': CMAKE_PREFIX_PATH=${CMAKE_PREFIX_PATH}:/opt/ros/foxy /usr/bin/cmake --build /home/taka4/ros2_ws/src/adi_driver2/build/adi_driver2 -- -j16 -l16
