[0.010s] Invoking command in '/home/taka4/ros2_ws/src/adi_driver2/build/adi_driver2': CMAKE_PREFIX_PATH=${CMAKE_PREFIX_PATH}:/opt/ros/foxy /usr/bin/cmake --build /home/taka4/ros2_ws/src/adi_driver2/build/adi_driver2 -- -j16 -l16
[0.039s] [35m[1mScanning dependencies of target adis16465[0m
[0.055s] [ 33%] [32mBuilding CXX object CMakeFiles/adis16465.dir/src/adis16465_node.cpp.o[0m
[0.803s] In file included from [01m[K/opt/ros/foxy/include/rclcpp/service.hpp:34[m[K,
[0.803s]                  from [01m[K/opt/ros/foxy/include/rclcpp/callback_group.hpp:25[m[K,
[0.803s]                  from [01m[K/opt/ros/foxy/include/rclcpp/any_executable.hpp:20[m[K,
[0.803s]                  from [01m[K/opt/ros/foxy/include/rclcpp/memory_strategy.hpp:24[m[K,
[0.803s]                  from [01m[K/opt/ros/foxy/include/rclcpp/memory_strategies.hpp:18[m[K,
[0.803s]                  from [01m[K/opt/ros/foxy/include/rclcpp/executor_options.hpp:20[m[K,
[0.803s]                  from [01m[K/opt/ros/foxy/include/rclcpp/executor.hpp:33[m[K,
[0.803s]                  from [01m[K/opt/ros/foxy/include/rclcpp/executors/multi_threaded_executor.hpp:26[m[K,
[0.803s]                  from [01m[K/opt/ros/foxy/include/rclcpp/executors.hpp:21[m[K,
[0.803s]                  from [01m[K/opt/ros/foxy/include/rclcpp/rclcpp.hpp:146[m[K,
[0.803s]                  from [01m[K/home/taka4/ros2_ws/src/adi_driver2/include/adi_driver2/adis16465_node.hpp:33[m[K,
[0.803s]                  from [01m[K/home/taka4/ros2_ws/src/adi_driver2/src/adis16465_node.cpp:40[m[K:
[0.803s] [01m[K/home/taka4/ros2_ws/src/adi_driver2/src/adis16465_node.cpp:[m[K In constructor ‘[01m[Kadi_driver2::ImuNode::ImuNode()[m[K’:
[0.803s] [01m[K/home/taka4/ros2_ws/src/adi_driver2/src/adis16465_node.cpp:66:3:[m[K [01;31m[Kerror: [m[Kexpected unqualified-id before ‘[01m[Kdo[m[K’
[0.803s]    66 |   [01;31m[KRCLCPP_INFO[m[K(this->get_logger(), "device: %s", device_.c_str());
[0.803s]       |   [01;31m[K^~~~~~~~~~~[m[K
[0.806s] [01m[K/home/taka4/ros2_ws/src/adi_driver2/src/adis16465_node.cpp:[m[K In member function ‘[01m[Kbool adi_driver2::ImuNode::open()[m[K’:
[0.806s] [01m[K/home/taka4/ros2_ws/src/adi_driver2/src/adis16465_node.cpp:111:1:[m[K [01;35m[Kwarning: [m[Kno return statement in function returning non-void [[01;35m[K-Wreturn-type[m[K]
[0.806s]   111 | [01;35m[K}[m[K
[0.806s]       | [01;35m[K^[m[K
[0.810s] [01m[K/home/taka4/ros2_ws/src/adi_driver2/src/adis16465_node.cpp:[m[K In member function ‘[01m[Kint adi_driver2::ImuNode::publish_imu_data()[m[K’:
[0.810s] [01m[K/home/taka4/ros2_ws/src/adi_driver2/src/adis16465_node.cpp:136:1:[m[K [01;35m[Kwarning: [m[Kno return statement in function returning non-void [[01;35m[K-Wreturn-type[m[K]
[0.810s]   136 | [01;35m[K}[m[K
[0.810s]       | [01;35m[K^[m[K
[0.813s] [01m[K/home/taka4/ros2_ws/src/adi_driver2/src/adis16465_node.cpp:[m[K In member function ‘[01m[Kint adi_driver2::ImuNode::publish_temp_data()[m[K’:
[0.813s] [01m[K/home/taka4/ros2_ws/src/adi_driver2/src/adis16465_node.cpp:147:1:[m[K [01;35m[Kwarning: [m[Kno return statement in function returning non-void [[01;35m[K-Wreturn-type[m[K]
[0.813s]   147 | [01;35m[K}[m[K
[0.813s]       | [01;35m[K^[m[K
[1.403s] make[2]: *** [CMakeFiles/adis16465.dir/build.make:76: CMakeFiles/adis16465.dir/src/adis16465_node.cpp.o] エラー 1
[1.404s] make[1]: *** [CMakeFiles/Makefile2:78: CMakeFiles/adis16465.dir/all] エラー 2
[1.404s] make: *** [Makefile:141: all] エラー 2
[1.406s] Invoked command in '/home/taka4/ros2_ws/src/adi_driver2/build/adi_driver2' returned '2': CMAKE_PREFIX_PATH=${CMAKE_PREFIX_PATH}:/opt/ros/foxy /usr/bin/cmake --build /home/taka4/ros2_ws/src/adi_driver2/build/adi_driver2 -- -j16 -l16
