[0.010s] Invoking command in '/home/taka4/ros2_ws/src/adi_driver2/build/adi_driver2': CMAKE_PREFIX_PATH=${CMAKE_PREFIX_PATH}:/opt/ros/foxy /usr/bin/cmake --build /home/taka4/ros2_ws/src/adi_driver2/build/adi_driver2 -- -j16 -l16
[0.039s] [35m[1mScanning dependencies of target adis16465[0m
[0.055s] [ 33%] [32mBuilding CXX object CMakeFiles/adis16465.dir/src/adis16465_node.cpp.o[0m
[0.789s] [01m[K/home/taka4/ros2_ws/src/adi_driver2/src/adis16465_node.cpp:[m[K In member function ‘[01m[Kbool adi_driver2::ImuNode::open()[m[K’:
[0.790s] [01m[K/home/taka4/ros2_ws/src/adi_driver2/src/adis16465_node.cpp:104:1:[m[K [01;35m[Kwarning: [m[Kno return statement in function returning non-void [[01;35m[K-Wreturn-type[m[K]
[0.790s]   104 | [01;35m[K}[m[K
[0.790s]       | [01;35m[K^[m[K
[0.794s] [01m[K/home/taka4/ros2_ws/src/adi_driver2/src/adis16465_node.cpp:[m[K In member function ‘[01m[Kint adi_driver2::ImuNode::publish_imu_data()[m[K’:
[0.794s] [01m[K/home/taka4/ros2_ws/src/adi_driver2/src/adis16465_node.cpp:129:1:[m[K [01;35m[Kwarning: [m[Kno return statement in function returning non-void [[01;35m[K-Wreturn-type[m[K]
[0.794s]   129 | [01;35m[K}[m[K
[0.794s]       | [01;35m[K^[m[K
[0.797s] [01m[K/home/taka4/ros2_ws/src/adi_driver2/src/adis16465_node.cpp:[m[K In member function ‘[01m[Kint adi_driver2::ImuNode::publish_temp_data()[m[K’:
[0.797s] [01m[K/home/taka4/ros2_ws/src/adi_driver2/src/adis16465_node.cpp:140:1:[m[K [01;35m[Kwarning: [m[Kno return statement in function returning non-void [[01;35m[K-Wreturn-type[m[K]
[0.797s]   140 | [01;35m[K}[m[K
[0.797s]       | [01;35m[K^[m[K
[0.798s] [01m[K/home/taka4/ros2_ws/src/adi_driver2/src/adis16465_node.cpp:[m[K At global scope:
[0.798s] [01m[K/home/taka4/ros2_ws/src/adi_driver2/src/adis16465_node.cpp:141:6:[m[K [01;31m[Kerror: [m[Kno declaration matches ‘[01m[Kbool adi_driver2::ImuNode::spin()[m[K’
[0.798s]   141 | bool [01;31m[KImuNode[m[K::spin() {
[0.798s]       |      [01;31m[K^~~~~~~[m[K
[0.798s] [01m[K/home/taka4/ros2_ws/src/adi_driver2/src/adis16465_node.cpp:141:6:[m[K [01;36m[Knote: [m[Kno functions named ‘[01m[Kbool adi_driver2::ImuNode::spin()[m[K’
[0.798s] In file included from [01m[K/home/taka4/ros2_ws/src/adi_driver2/src/adis16465_node.cpp:40[m[K:
[0.798s] [01m[K/home/taka4/ros2_ws/src/adi_driver2/include/adi_driver2/adis16465_node.hpp:42:7:[m[K [01;36m[Knote: [m[K‘[01m[Kclass adi_driver2::ImuNode[m[K’ defined here
[0.798s]    42 | class [01;36m[KImuNode[m[K : public rclcpp::Node {
[0.798s]       |       [01;36m[K^~~~~~~[m[K
[1.370s] make[2]: *** [CMakeFiles/adis16465.dir/build.make:76: CMakeFiles/adis16465.dir/src/adis16465_node.cpp.o] エラー 1
[1.370s] make[1]: *** [CMakeFiles/Makefile2:78: CMakeFiles/adis16465.dir/all] エラー 2
[1.371s] make: *** [Makefile:141: all] エラー 2
[1.373s] Invoked command in '/home/taka4/ros2_ws/src/adi_driver2/build/adi_driver2' returned '2': CMAKE_PREFIX_PATH=${CMAKE_PREFIX_PATH}:/opt/ros/foxy /usr/bin/cmake --build /home/taka4/ros2_ws/src/adi_driver2/build/adi_driver2 -- -j16 -l16
