[0.191s] [34mcolcon[0m [1;30mDEBUG[0m [32mCommand line arguments: ['/usr/bin/colcon', 'build'][0m
[0.191s] [34mcolcon[0m [1;30mDEBUG[0m [32mParsed command line arguments: Namespace(allow_overriding=[], ament_cmake_args=None, base_paths=['.'], build_base='build', catkin_cmake_args=None, catkin_skip_building_tests=False, cmake_args=None, cmake_clean_cache=False, cmake_clean_first=False, cmake_force_configure=False, cmake_target=None, cmake_target_skip_unavailable=False, continue_on_error=False, event_handlers=None, executor='parallel', ignore_user_meta=False, install_base='install', log_base=None, log_level=None, main=<bound method BuildVerb.main of <colcon_core.verb.build.BuildVerb object at 0x7f471f29da60>>, merge_install=False, metas=['./colcon.meta'], packages_above=None, packages_above_and_dependencies=None, packages_above_depth=None, packages_end=None, packages_ignore=None, packages_ignore_regex=None, packages_select=None, packages_select_build_failed=False, packages_select_by_dep=None, packages_select_regex=None, packages_select_test_failures=False, packages_skip=None, packages_skip_build_finished=False, packages_skip_by_dep=None, packages_skip_regex=None, packages_skip_test_passed=False, packages_skip_up_to=None, packages_start=None, packages_up_to=None, packages_up_to_regex=None, parallel_workers=16, paths=None, symlink_install=False, test_result_base=None, verb_extension=<colcon_core.verb.build.BuildVerb object at 0x7f471f29da60>, verb_name='build', verb_parser=<colcon_defaults.argument_parser.defaults.DefaultArgumentsDecorator object at 0x7f471f2a7040>)[0m
[0.210s] [34mcolcon.colcon_core.package_discovery[0m [1;30mLevel 1[0m discover_packages(colcon_meta) check parameters
[0.210s] [34mcolcon.colcon_core.package_discovery[0m [1;30mLevel 1[0m discover_packages(recursive) check parameters
[0.210s] [34mcolcon.colcon_core.package_discovery[0m [1;30mLevel 1[0m discover_packages(ignore) check parameters
[0.210s] [34mcolcon.colcon_core.package_discovery[0m [1;30mLevel 1[0m discover_packages(path) check parameters
[0.210s] [34mcolcon.colcon_core.package_discovery[0m [1;30mLevel 1[0m discover_packages(colcon_meta) discover
[0.210s] [34mcolcon.colcon_core.package_discovery[0m [1;30mLevel 1[0m discover_packages(recursive) discover
[0.210s] [34mcolcon.colcon_core.package_discovery[0m [1;30mINFO[0m Crawling recursively for packages in '/home/taka4/ros2_ws/src/adi_driver2'
[0.210s] [34mcolcon.colcon_core.package_identification[0m [1;30mLevel 1[0m _identify(.) by extensions ['ignore', 'ignore_ament_install']
[0.210s] [34mcolcon.colcon_core.package_identification[0m [1;30mLevel 1[0m _identify(.) by extension 'ignore'
[0.210s] [34mcolcon.colcon_core.package_identification[0m [1;30mLevel 1[0m _identify(.) by extension 'ignore_ament_install'
[0.210s] [34mcolcon.colcon_core.package_identification[0m [1;30mLevel 1[0m _identify(.) by extensions ['colcon_pkg']
[0.210s] [34mcolcon.colcon_core.package_identification[0m [1;30mLevel 1[0m _identify(.) by extension 'colcon_pkg'
[0.210s] [34mcolcon.colcon_core.package_identification[0m [1;30mLevel 1[0m _identify(.) by extensions ['colcon_meta']
[0.210s] [34mcolcon.colcon_core.package_identification[0m [1;30mLevel 1[0m _identify(.) by extension 'colcon_meta'
[0.210s] [34mcolcon.colcon_core.package_identification[0m [1;30mLevel 1[0m _identify(.) by extensions ['ros']
[0.210s] [34mcolcon.colcon_core.package_identification[0m [1;30mLevel 1[0m _identify(.) by extension 'ros'
[0.219s] [34mcolcon.colcon_core.package_identification[0m [1;30mDEBUG[0m [32mPackage '.' with type 'ros.ament_cmake' and name 'adi_driver2'[0m
[0.219s] [34mcolcon.colcon_core.package_discovery[0m [1;30mLevel 1[0m discover_packages(recursive) using defaults
[0.219s] [34mcolcon.colcon_core.package_discovery[0m [1;30mLevel 1[0m discover_packages(ignore) discover
[0.219s] [34mcolcon.colcon_core.package_discovery[0m [1;30mLevel 1[0m discover_packages(ignore) using defaults
[0.219s] [34mcolcon.colcon_core.package_discovery[0m [1;30mLevel 1[0m discover_packages(path) discover
[0.219s] [34mcolcon.colcon_core.package_discovery[0m [1;30mLevel 1[0m discover_packages(path) using defaults
[0.231s] [34mcolcon.colcon_core.package_discovery[0m [1;30mLevel 1[0m discover_packages(prefix_path) check parameters
[0.231s] [34mcolcon.colcon_core.package_discovery[0m [1;30mLevel 1[0m discover_packages(prefix_path) discover
[0.232s] [34mcolcon.colcon_installed_package_information.package_discovery[0m [1;30mDEBUG[0m [32mFound 1 installed packages in /home/taka4/ros2_ws/src/adi_driver2/install[0m
[0.233s] [34mcolcon.colcon_installed_package_information.package_discovery[0m [1;30mDEBUG[0m [32mFound 3 installed packages in /home/taka4/ros2_ws/install[0m
[0.234s] [34mcolcon.colcon_installed_package_information.package_discovery[0m [1;30mDEBUG[0m [32mFound 257 installed packages in /opt/ros/foxy[0m
[0.234s] [34mcolcon.colcon_core.package_discovery[0m [1;30mLevel 1[0m discover_packages(prefix_path) using defaults
[0.274s] [34mcolcon.colcon_core.verb[0m [1;30mLevel 5[0m set package 'adi_driver2' build argument 'cmake_args' from command line to 'None'
[0.274s] [34mcolcon.colcon_core.verb[0m [1;30mLevel 5[0m set package 'adi_driver2' build argument 'cmake_target' from command line to 'None'
[0.274s] [34mcolcon.colcon_core.verb[0m [1;30mLevel 5[0m set package 'adi_driver2' build argument 'cmake_target_skip_unavailable' from command line to 'False'
[0.274s] [34mcolcon.colcon_core.verb[0m [1;30mLevel 5[0m set package 'adi_driver2' build argument 'cmake_clean_cache' from command line to 'False'
[0.274s] [34mcolcon.colcon_core.verb[0m [1;30mLevel 5[0m set package 'adi_driver2' build argument 'cmake_clean_first' from command line to 'False'
[0.274s] [34mcolcon.colcon_core.verb[0m [1;30mLevel 5[0m set package 'adi_driver2' build argument 'cmake_force_configure' from command line to 'False'
[0.274s] [34mcolcon.colcon_core.verb[0m [1;30mLevel 5[0m set package 'adi_driver2' build argument 'ament_cmake_args' from command line to 'None'
[0.274s] [34mcolcon.colcon_core.verb[0m [1;30mLevel 5[0m set package 'adi_driver2' build argument 'catkin_cmake_args' from command line to 'None'
[0.274s] [34mcolcon.colcon_core.verb[0m [1;30mLevel 5[0m set package 'adi_driver2' build argument 'catkin_skip_building_tests' from command line to 'False'
[0.274s] [34mcolcon.colcon_core.verb[0m [1;30mDEBUG[0m [32mBuilding package 'adi_driver2' with the following arguments: {'ament_cmake_args': None, 'build_base': '/home/taka4/ros2_ws/src/adi_driver2/build/adi_driver2', 'catkin_cmake_args': None, 'catkin_skip_building_tests': False, 'cmake_args': None, 'cmake_clean_cache': False, 'cmake_clean_first': False, 'cmake_force_configure': False, 'cmake_target': None, 'cmake_target_skip_unavailable': False, 'install_base': '/home/taka4/ros2_ws/src/adi_driver2/install/adi_driver2', 'merge_install': False, 'path': '/home/taka4/ros2_ws/src/adi_driver2', 'symlink_install': False, 'test_result_base': None}[0m
[0.275s] [34mcolcon.colcon_core.executor[0m [1;30mINFO[0m Executing jobs using 'parallel' executor
[0.277s] [34mcolcon.colcon_parallel_executor.executor.parallel[0m [1;30mDEBUG[0m [32mrun_until_complete[0m
[0.277s] [34mcolcon.colcon_ros.task.ament_cmake.build[0m [1;30mINFO[0m Building ROS package in '/home/taka4/ros2_ws/src/adi_driver2' with build type 'ament_cmake'
[0.277s] [34mcolcon.colcon_cmake.task.cmake.build[0m [1;30mINFO[0m Building CMake package in '/home/taka4/ros2_ws/src/adi_driver2'
[0.280s] [34mcolcon.colcon_core.plugin_system[0m [1;30mINFO[0m Skipping extension 'colcon_core.shell.bat': Not used on non-Windows systems
[0.280s] [34mcolcon.colcon_core.shell[0m [1;30mINFO[0m Skip shell extension 'powershell' for command environment: Not usable outside of PowerShell
[0.280s] [34mcolcon.colcon_core.shell[0m [1;30mDEBUG[0m [32mSkip shell extension 'dsv' for command environment[0m
[0.288s] [34mcolcon.colcon_core.event_handler.log_command[0m [1;30mDEBUG[0m [32mInvoking command in '/home/taka4/ros2_ws/src/adi_driver2/build/adi_driver2': CMAKE_PREFIX_PATH=${CMAKE_PREFIX_PATH}:/opt/ros/foxy /usr/bin/cmake --build /home/taka4/ros2_ws/src/adi_driver2/build/adi_driver2 -- -j16 -l16[0m
[0.342s] [34mcolcon.colcon_core.event_handler.log_command[0m [1;30mDEBUG[0m [32mInvoked command in '/home/taka4/ros2_ws/src/adi_driver2/build/adi_driver2' returned '0': CMAKE_PREFIX_PATH=${CMAKE_PREFIX_PATH}:/opt/ros/foxy /usr/bin/cmake --build /home/taka4/ros2_ws/src/adi_driver2/build/adi_driver2 -- -j16 -l16[0m
[0.368s] [34mcolcon.colcon_core.event_handler.log_command[0m [1;30mDEBUG[0m [32mInvoking command in '/home/taka4/ros2_ws/src/adi_driver2/build/adi_driver2': CMAKE_PREFIX_PATH=${CMAKE_PREFIX_PATH}:/opt/ros/foxy /usr/bin/cmake --install /home/taka4/ros2_ws/src/adi_driver2/build/adi_driver2[0m
[0.375s] [34mcolcon.colcon_core.environment[0m [1;30mLevel 1[0m create_environment_scripts_only(adi_driver2)
[0.375s] [34mcolcon.colcon_core.event_handler.log_command[0m [1;30mDEBUG[0m [32mInvoked command in '/home/taka4/ros2_ws/src/adi_driver2/build/adi_driver2' returned '0': CMAKE_PREFIX_PATH=${CMAKE_PREFIX_PATH}:/opt/ros/foxy /usr/bin/cmake --install /home/taka4/ros2_ws/src/adi_driver2/build/adi_driver2[0m
[0.378s] [34mcolcon.colcon_core.environment[0m [1;30mLevel 1[0m checking '/home/taka4/ros2_ws/src/adi_driver2/install/adi_driver2' for CMake module files
[0.379s] [34mcolcon.colcon_core.environment[0m [1;30mLevel 1[0m checking '/home/taka4/ros2_ws/src/adi_driver2/install/adi_driver2' for CMake config files
[0.379s] [34mcolcon.colcon_core.shell[0m [1;30mLevel 1[0m create_environment_hook('adi_driver2', 'cmake_prefix_path')
[0.380s] [34mcolcon.colcon_core.shell[0m [1;30mINFO[0m Creating environment hook '/home/taka4/ros2_ws/src/adi_driver2/install/adi_driver2/share/adi_driver2/hook/cmake_prefix_path.ps1'
[0.380s] [34mcolcon.colcon_core.shell[0m [1;30mINFO[0m Creating environment descriptor '/home/taka4/ros2_ws/src/adi_driver2/install/adi_driver2/share/adi_driver2/hook/cmake_prefix_path.dsv'
[0.380s] [34mcolcon.colcon_core.shell[0m [1;30mINFO[0m Creating environment hook '/home/taka4/ros2_ws/src/adi_driver2/install/adi_driver2/share/adi_driver2/hook/cmake_prefix_path.sh'
[0.381s] [34mcolcon.colcon_core.environment[0m [1;30mLevel 1[0m checking '/home/taka4/ros2_ws/src/adi_driver2/install/adi_driver2/lib'
[0.381s] [34mcolcon.colcon_core.environment[0m [1;30mLevel 1[0m checking '/home/taka4/ros2_ws/src/adi_driver2/install/adi_driver2/bin'
[0.381s] [34mcolcon.colcon_core.environment[0m [1;30mLevel 1[0m checking '/home/taka4/ros2_ws/src/adi_driver2/install/adi_driver2/lib/pkgconfig/adi_driver2.pc'
[0.381s] [34mcolcon.colcon_core.environment[0m [1;30mLevel 1[0m checking '/home/taka4/ros2_ws/src/adi_driver2/install/adi_driver2/lib/python3.8/site-packages'
[0.381s] [34mcolcon.colcon_core.environment[0m [1;30mLevel 1[0m checking '/home/taka4/ros2_ws/src/adi_driver2/install/adi_driver2/bin'
[0.382s] [34mcolcon.colcon_core.shell[0m [1;30mINFO[0m Creating package script '/home/taka4/ros2_ws/src/adi_driver2/install/adi_driver2/share/adi_driver2/package.ps1'
[0.383s] [34mcolcon.colcon_core.shell[0m [1;30mINFO[0m Creating package descriptor '/home/taka4/ros2_ws/src/adi_driver2/install/adi_driver2/share/adi_driver2/package.dsv'
[0.383s] [34mcolcon.colcon_core.shell[0m [1;30mINFO[0m Creating package script '/home/taka4/ros2_ws/src/adi_driver2/install/adi_driver2/share/adi_driver2/package.sh'
[0.384s] [34mcolcon.colcon_core.shell[0m [1;30mINFO[0m Creating package script '/home/taka4/ros2_ws/src/adi_driver2/install/adi_driver2/share/adi_driver2/package.bash'
[0.384s] [34mcolcon.colcon_core.shell[0m [1;30mINFO[0m Creating package script '/home/taka4/ros2_ws/src/adi_driver2/install/adi_driver2/share/adi_driver2/package.zsh'
[0.384s] [34mcolcon.colcon_core.environment[0m [1;30mLevel 1[0m create_file_with_runtime_dependencies(/home/taka4/ros2_ws/src/adi_driver2/install/adi_driver2/share/colcon-core/packages/adi_driver2)
[0.399s] [34mcolcon.colcon_core.environment[0m [1;30mLevel 1[0m create_environment_scripts_only(adi_driver2)
[0.401s] [34mcolcon.colcon_core.environment[0m [1;30mLevel 1[0m checking '/home/taka4/ros2_ws/src/adi_driver2/install/adi_driver2' for CMake module files
[0.401s] [34mcolcon.colcon_core.environment[0m [1;30mLevel 1[0m checking '/home/taka4/ros2_ws/src/adi_driver2/install/adi_driver2' for CMake config files
[0.401s] [34mcolcon.colcon_core.shell[0m [1;30mLevel 1[0m create_environment_hook('adi_driver2', 'cmake_prefix_path')
[0.402s] [34mcolcon.colcon_core.shell[0m [1;30mINFO[0m Creating environment hook '/home/taka4/ros2_ws/src/adi_driver2/install/adi_driver2/share/adi_driver2/hook/cmake_prefix_path.ps1'
[0.403s] [34mcolcon.colcon_core.shell[0m [1;30mINFO[0m Creating environment descriptor '/home/taka4/ros2_ws/src/adi_driver2/install/adi_driver2/share/adi_driver2/hook/cmake_prefix_path.dsv'
[0.403s] [34mcolcon.colcon_core.shell[0m [1;30mINFO[0m Creating environment hook '/home/taka4/ros2_ws/src/adi_driver2/install/adi_driver2/share/adi_driver2/hook/cmake_prefix_path.sh'
[0.403s] [34mcolcon.colcon_core.environment[0m [1;30mLevel 1[0m checking '/home/taka4/ros2_ws/src/adi_driver2/install/adi_driver2/lib'
[0.403s] [34mcolcon.colcon_core.environment[0m [1;30mLevel 1[0m checking '/home/taka4/ros2_ws/src/adi_driver2/install/adi_driver2/bin'
[0.403s] [34mcolcon.colcon_core.environment[0m [1;30mLevel 1[0m checking '/home/taka4/ros2_ws/src/adi_driver2/install/adi_driver2/lib/pkgconfig/adi_driver2.pc'
[0.403s] [34mcolcon.colcon_core.environment[0m [1;30mLevel 1[0m checking '/home/taka4/ros2_ws/src/adi_driver2/install/adi_driver2/lib/python3.8/site-packages'
[0.403s] [34mcolcon.colcon_core.environment[0m [1;30mLevel 1[0m checking '/home/taka4/ros2_ws/src/adi_driver2/install/adi_driver2/bin'
[0.404s] [34mcolcon.colcon_core.shell[0m [1;30mINFO[0m Creating package script '/home/taka4/ros2_ws/src/adi_driver2/install/adi_driver2/share/adi_driver2/package.ps1'
[0.405s] [34mcolcon.colcon_core.shell[0m [1;30mINFO[0m Creating package descriptor '/home/taka4/ros2_ws/src/adi_driver2/install/adi_driver2/share/adi_driver2/package.dsv'
[0.405s] [34mcolcon.colcon_core.shell[0m [1;30mINFO[0m Creating package script '/home/taka4/ros2_ws/src/adi_driver2/install/adi_driver2/share/adi_driver2/package.sh'
[0.405s] [34mcolcon.colcon_core.shell[0m [1;30mINFO[0m Creating package script '/home/taka4/ros2_ws/src/adi_driver2/install/adi_driver2/share/adi_driver2/package.bash'
[0.405s] [34mcolcon.colcon_core.shell[0m [1;30mINFO[0m Creating package script '/home/taka4/ros2_ws/src/adi_driver2/install/adi_driver2/share/adi_driver2/package.zsh'
[0.405s] [34mcolcon.colcon_core.environment[0m [1;30mLevel 1[0m create_file_with_runtime_dependencies(/home/taka4/ros2_ws/src/adi_driver2/install/adi_driver2/share/colcon-core/packages/adi_driver2)
[0.406s] [34mcolcon.colcon_parallel_executor.executor.parallel[0m [1;30mDEBUG[0m [32mclosing loop[0m
[0.406s] [34mcolcon.colcon_parallel_executor.executor.parallel[0m [1;30mDEBUG[0m [32mloop closed[0m
[0.406s] [34mcolcon.colcon_parallel_executor.executor.parallel[0m [1;30mDEBUG[0m [32mrun_until_complete finished with '0'[0m
[0.406s] [34mcolcon.colcon_core.event_reactor[0m [1;30mDEBUG[0m [32mjoining thread[0m
[0.410s] [34mcolcon.colcon_core.plugin_system[0m [1;30mINFO[0m Skipping extension 'colcon_notification.desktop_notification.terminal_notifier': Not used on non-Darwin systems
[0.410s] [34mcolcon.colcon_core.plugin_system[0m [1;30mINFO[0m Skipping extension 'colcon_notification.desktop_notification.win32': Not used on non-Windows systems
[0.410s] [34mcolcon.colcon_notification.desktop_notification[0m [1;30mINFO[0m Sending desktop notification using 'notify2'
[0.421s] [34mcolcon.colcon_core.event_reactor[0m [1;30mDEBUG[0m [32mjoined thread[0m
[0.422s] [34mcolcon.colcon_core.shell[0m [1;30mINFO[0m Creating prefix script '/home/taka4/ros2_ws/src/adi_driver2/install/local_setup.ps1'
[0.422s] [34mcolcon.colcon_core.shell[0m [1;30mINFO[0m Creating prefix util module '/home/taka4/ros2_ws/src/adi_driver2/install/_local_setup_util_ps1.py'
[0.423s] [34mcolcon.colcon_core.shell[0m [1;30mINFO[0m Creating prefix chain script '/home/taka4/ros2_ws/src/adi_driver2/install/setup.ps1'
[0.424s] [34mcolcon.colcon_core.shell[0m [1;30mINFO[0m Creating prefix script '/home/taka4/ros2_ws/src/adi_driver2/install/local_setup.sh'
[0.424s] [34mcolcon.colcon_core.shell[0m [1;30mINFO[0m Creating prefix util module '/home/taka4/ros2_ws/src/adi_driver2/install/_local_setup_util_sh.py'
[0.425s] [34mcolcon.colcon_core.shell[0m [1;30mINFO[0m Creating prefix chain script '/home/taka4/ros2_ws/src/adi_driver2/install/setup.sh'
[0.425s] [34mcolcon.colcon_core.shell[0m [1;30mINFO[0m Creating prefix script '/home/taka4/ros2_ws/src/adi_driver2/install/local_setup.bash'
[0.426s] [34mcolcon.colcon_core.shell[0m [1;30mINFO[0m Creating prefix chain script '/home/taka4/ros2_ws/src/adi_driver2/install/setup.bash'
[0.426s] [34mcolcon.colcon_core.shell[0m [1;30mINFO[0m Creating prefix script '/home/taka4/ros2_ws/src/adi_driver2/install/local_setup.zsh'
[0.427s] [34mcolcon.colcon_core.shell[0m [1;30mINFO[0m Creating prefix chain script '/home/taka4/ros2_ws/src/adi_driver2/install/setup.zsh'
