[0.010s] Invoking command in '/home/taka4/ros2_ws/src/adi_driver2/build/adi_driver2': CMAKE_PREFIX_PATH=${CMAKE_PREFIX_PATH}:/opt/ros/foxy /usr/bin/cmake --build /home/taka4/ros2_ws/src/adi_driver2/build/adi_driver2 -- -j16 -l16
[0.037s] [35m[1mScanning dependencies of target adis16465[0m
[0.053s] [ 33%] [32mBuilding CXX object CMakeFiles/adis16465.dir/src/adis16465_node.cpp.o[0m
[0.781s] [01m[K/home/taka4/ros2_ws/src/adi_driver2/src/adis16465_node.cpp:[m[K In member function ‘[01m[Kbool adi_driver2::ImuNode::open()[m[K’:
[0.781s] [01m[K/home/taka4/ros2_ws/src/adi_driver2/src/adis16465_node.cpp:106:1:[m[K [01;35m[Kwarning: [m[Kno return statement in function returning non-void [[01;35m[K-Wreturn-type[m[K]
[0.781s]   106 | [01;35m[K}[m[K
[0.781s]       | [01;35m[K^[m[K
[0.782s] [01m[K/home/taka4/ros2_ws/src/adi_driver2/src/adis16465_node.cpp:[m[K In member function ‘[01m[Kint adi_driver2::ImuNode::publish_imu_data()[m[K’:
[0.782s] [01m[K/home/taka4/ros2_ws/src/adi_driver2/src/adis16465_node.cpp:129:31:[m[K [01;31m[Kerror: [m[K‘[01m[Kusing Imu = struct sensor_msgs::msg::Imu_<std::allocator<void> >[m[K’ {aka ‘[01m[Kstruct sensor_msgs::msg::Imu_<std::allocator<void> >[m[K’} has no member named ‘[01m[Kdata[m[K’
[0.782s]   129 |   imu_data_pub_->publish(data.[01;31m[Kdata[m[K);
[0.782s]       |                               [01;31m[K^~~~[m[K
[0.782s] [01m[K/home/taka4/ros2_ws/src/adi_driver2/src/adis16465_node.cpp:131:1:[m[K [01;35m[Kwarning: [m[Kno return statement in function returning non-void [[01;35m[K-Wreturn-type[m[K]
[0.782s]   131 | [01;35m[K}[m[K
[0.782s]       | [01;35m[K^[m[K
[0.786s] [01m[K/home/taka4/ros2_ws/src/adi_driver2/src/adis16465_node.cpp:[m[K In member function ‘[01m[Kint adi_driver2::ImuNode::publish_temp_data()[m[K’:
[0.786s] [01m[K/home/taka4/ros2_ws/src/adi_driver2/src/adis16465_node.cpp:142:1:[m[K [01;35m[Kwarning: [m[Kno return statement in function returning non-void [[01;35m[K-Wreturn-type[m[K]
[0.786s]   142 | [01;35m[K}[m[K
[0.786s]       | [01;35m[K^[m[K
[1.383s] make[2]: *** [CMakeFiles/adis16465.dir/build.make:76: CMakeFiles/adis16465.dir/src/adis16465_node.cpp.o] エラー 1
[1.383s] make[1]: *** [CMakeFiles/Makefile2:78: CMakeFiles/adis16465.dir/all] エラー 2
[1.383s] make: *** [Makefile:141: all] エラー 2
[1.386s] Invoked command in '/home/taka4/ros2_ws/src/adi_driver2/build/adi_driver2' returned '2': CMAKE_PREFIX_PATH=${CMAKE_PREFIX_PATH}:/opt/ros/foxy /usr/bin/cmake --build /home/taka4/ros2_ws/src/adi_driver2/build/adi_driver2 -- -j16 -l16
