[0.009s] Invoking command in '/home/taka4/ros2_ws/src/adi_driver2/build/adi_driver2': CMAKE_PREFIX_PATH=${CMAKE_PREFIX_PATH}:/opt/ros/foxy /usr/bin/cmake --build /home/taka4/ros2_ws/src/adi_driver2/build/adi_driver2 -- -j16 -l16
[0.038s] [35m[1mScanning dependencies of target adis16465[0m
[0.053s] [ 33%] [32mBuilding CXX object CMakeFiles/adis16465.dir/src/adis16465_node.cpp.o[0m
[0.815s] [01m[K/home/taka4/ros2_ws/src/adi_driver2/src/adis16465_node.cpp:[m[K In member function ‘[01m[Kbool adi_driver2::ImuNode::open()[m[K’:
[0.815s] [01m[K/home/taka4/ros2_ws/src/adi_driver2/src/adis16465_node.cpp:104:1:[m[K [01;35m[Kwarning: [m[Kno return statement in function returning non-void [[01;35m[K-Wreturn-type[m[K]
[0.815s]   104 | [01;35m[K}[m[K
[0.815s]       | [01;35m[K^[m[K
[0.819s] [01m[K/home/taka4/ros2_ws/src/adi_driver2/src/adis16465_node.cpp:[m[K In member function ‘[01m[Kint adi_driver2::ImuNode::publish_imu_data()[m[K’:
[0.819s] [01m[K/home/taka4/ros2_ws/src/adi_driver2/src/adis16465_node.cpp:129:1:[m[K [01;35m[Kwarning: [m[Kno return statement in function returning non-void [[01;35m[K-Wreturn-type[m[K]
[0.819s]   129 | [01;35m[K}[m[K
[0.819s]       | [01;35m[K^[m[K
[0.822s] [01m[K/home/taka4/ros2_ws/src/adi_driver2/src/adis16465_node.cpp:[m[K In member function ‘[01m[Kint adi_driver2::ImuNode::publish_temp_data()[m[K’:
[0.823s] [01m[K/home/taka4/ros2_ws/src/adi_driver2/src/adis16465_node.cpp:140:1:[m[K [01;35m[Kwarning: [m[Kno return statement in function returning non-void [[01;35m[K-Wreturn-type[m[K]
[0.823s]   140 | [01;35m[K}[m[K
[0.823s]       | [01;35m[K^[m[K
[0.829s] [01m[K/home/taka4/ros2_ws/src/adi_driver2/src/adis16465_node.cpp:[m[K In function ‘[01m[Kint main(int, char**)[m[K’:
[0.830s] [01m[K/home/taka4/ros2_ws/src/adi_driver2/src/adis16465_node.cpp:181:16:[m[K [01;31m[Kerror: [m[Kexpected ‘[01m[K;[m[K’ before ‘[01m[Krclcpp[m[K’
[0.830s]   181 |   printf("imu")
[0.830s]       |                [01;31m[K^[m[K
[0.830s]       |                [32m[K;[m[K
[0.830s]   182 |   // exec.spin();
[0.830s]   183 |   [32m[Krclcpp[m[K::shutdown();
[0.830s]       |   [32m[K~~~~~~[m[K        
[1.418s] make[2]: *** [CMakeFiles/adis16465.dir/build.make:76: CMakeFiles/adis16465.dir/src/adis16465_node.cpp.o] エラー 1
[1.419s] make[1]: *** [CMakeFiles/Makefile2:78: CMakeFiles/adis16465.dir/all] エラー 2
[1.419s] make: *** [Makefile:141: all] エラー 2
[1.421s] Invoked command in '/home/taka4/ros2_ws/src/adi_driver2/build/adi_driver2' returned '2': CMAKE_PREFIX_PATH=${CMAKE_PREFIX_PATH}:/opt/ros/foxy /usr/bin/cmake --build /home/taka4/ros2_ws/src/adi_driver2/build/adi_driver2 -- -j16 -l16
