-- Found ament_cmake_auto: 0.9.11 (/opt/ros/foxy/share/ament_cmake_auto/cmake)
-- Using PYTHON_EXECUTABLE: /usr/bin/python3
-- Using all available rosidl_typesupport_c: rosidl_typesupport_fastrtps_c;rosidl_typesupport_introspection_c
-- Found rosidl_adapter: 1.3.0 (/opt/ros/foxy/share/rosidl_adapter/cmake)
-- Using all available rosidl_typesupport_cpp: rosidl_typesupport_fastrtps_cpp;rosidl_typesupport_introspection_cpp
-- Found rmw_implementation_cmake: 1.0.3 (/opt/ros/foxy/share/rmw_implementation_cmake/cmake)
-- Using RMW implementation 'rmw_fastrtps_cpp' as default
-- Found ament_lint_auto: 0.9.7 (/opt/ros/foxy/share/ament_lint_auto/cmake)
-- Added test 'cppcheck' to perform static code analysis on C / C++ code
-- Configured cppcheck include dirs: /home/taka4/ros2_ws/src/adi_driver2/include
-- Configured cppcheck exclude dirs and/or files: 
-- Added test 'flake8' to check Python code syntax and style conventions
-- Added test 'lint_cmake' to check CMake code style
-- Added test 'pep257' to check Python code against some of the style conventions in PEP 257
-- Added test 'uncrustify' to check C / C++ code style
-- Configured uncrustify additional arguments: 
-- Added test 'xmllint' to check XML markup files
-- Configuring done
-- Generating done
-- Build files have been written to: /home/taka4/ros2_ws/src/adi_driver2/build/adi_driver2
[ 33%] [32m[1mLinking CXX executable adis16465[0m
/usr/bin/ld: CMakeFiles/adis16465.dir/src/adis16465_node.cpp.o: in function `adi_driver2::ImuNode::~ImuNode()':
adis16465_node.cpp:(.text+0x4f1): undefined reference to `Adis16465::closePort()'
/usr/bin/ld: CMakeFiles/adis16465.dir/src/adis16465_node.cpp.o: in function `adi_driver2::ImuNode::~ImuNode()':
adis16465_node.cpp:(.text+0x73e): undefined reference to `Adis16465::closePort()'
/usr/bin/ld: CMakeFiles/adis16465.dir/src/adis16465_node.cpp.o: in function `adi_driver2::ImuNode::open()':
adis16465_node.cpp:(.text+0xb8a): undefined reference to `Adis16465::openPort(std::__cxx11::basic_string<char, std::char_traits<char>, std::allocator<char> >)'
/usr/bin/ld: adis16465_node.cpp:(.text+0xc12): undefined reference to `Adis16465::get_product_id(short&)'
/usr/bin/ld: adis16465_node.cpp:(.text+0xcbe): undefined reference to `Adis16465::set_bias_estimation_time(short)'
/usr/bin/ld: CMakeFiles/adis16465.dir/src/adis16465_node.cpp.o: in function `adi_driver2::ImuNode::ImuNode()':
adis16465_node.cpp:(.text+0xfdf): undefined reference to `Adis16465::Adis16465()'
/usr/bin/ld: CMakeFiles/adis16465.dir/src/adis16465_node.cpp.o: in function `adi_driver2::ImuNode::loop()::{lambda()#1}::operator()() const [clone .isra.0]':
adis16465_node.cpp:(.text+0x250a): undefined reference to `Adis16465::update()'
/usr/bin/ld: adis16465_node.cpp:(.text+0x25d9): undefined reference to `Adis16465::update()'
/usr/bin/ld: adis16465_node.cpp:(.text+0x2691): undefined reference to `Adis16465::update_burst()'
/usr/bin/ld: adis16465_node.cpp:(.text+0x273d): undefined reference to `Adis16465::update_burst()'
/usr/bin/ld: CMakeFiles/adis16465.dir/src/adis16465_node.cpp.o: in function `std::_Sp_counted_ptr_inplace<adi_driver2::ImuNode, std::allocator<adi_driver2::ImuNode>, (__gnu_cxx::_Lock_policy)2>::_M_dispose()':
adis16465_node.cpp:(.text._ZNSt23_Sp_counted_ptr_inplaceIN11adi_driver27ImuNodeESaIS1_ELN9__gnu_cxx12_Lock_policyE2EE10_M_disposeEv[_ZNSt23_Sp_counted_ptr_inplaceIN11adi_driver27ImuNodeESaIS1_ELN9__gnu_cxx12_Lock_policyE2EE10_M_disposeEv]+0x42): undefined reference to `Adis16465::closePort()'
collect2: error: ld returned 1 exit status
make[2]: *** [CMakeFiles/adis16465.dir/build.make:161: adis16465] エラー 1
make[1]: *** [CMakeFiles/Makefile2:78: CMakeFiles/adis16465.dir/all] エラー 2
make: *** [Makefile:141: all] エラー 2
