[0.010s] Invoking command in '/home/taka4/ros2_ws/src/adi_driver2/build/adi_driver2': CMAKE_PREFIX_PATH=${CMAKE_PREFIX_PATH}:/opt/ros/foxy /usr/bin/cmake --build /home/taka4/ros2_ws/src/adi_driver2/build/adi_driver2 -- -j16 -l16
[0.041s] [35m[1mScanning dependencies of target adis16465[0m
[0.058s] [ 33%] [32mBuilding CXX object CMakeFiles/adis16465.dir/src/adis16465_node.cpp.o[0m
[0.795s] [01m[K/home/taka4/ros2_ws/src/adi_driver2/src/adis16465_node.cpp:[m[K In member function ‘[01m[Kbool adi_driver2::ImuNode::open()[m[K’:
[0.795s] [01m[K/home/taka4/ros2_ws/src/adi_driver2/src/adis16465_node.cpp:106:1:[m[K [01;35m[Kwarning: [m[Kno return statement in function returning non-void [[01;35m[K-Wreturn-type[m[K]
[0.795s]   106 | [01;35m[K}[m[K
[0.795s]       | [01;35m[K^[m[K
[0.799s] [01m[K/home/taka4/ros2_ws/src/adi_driver2/src/adis16465_node.cpp:[m[K In member function ‘[01m[Kint adi_driver2::ImuNode::publish_imu_data()[m[K’:
[0.799s] [01m[K/home/taka4/ros2_ws/src/adi_driver2/src/adis16465_node.cpp:131:1:[m[K [01;35m[Kwarning: [m[Kno return statement in function returning non-void [[01;35m[K-Wreturn-type[m[K]
[0.799s]   131 | [01;35m[K}[m[K
[0.799s]       | [01;35m[K^[m[K
[0.803s] [01m[K/home/taka4/ros2_ws/src/adi_driver2/src/adis16465_node.cpp:[m[K In member function ‘[01m[Kint adi_driver2::ImuNode::publish_temp_data()[m[K’:
[0.803s] [01m[K/home/taka4/ros2_ws/src/adi_driver2/src/adis16465_node.cpp:142:1:[m[K [01;35m[Kwarning: [m[Kno return statement in function returning non-void [[01;35m[K-Wreturn-type[m[K]
[0.803s]   142 | [01;35m[K}[m[K
[0.803s]       | [01;35m[K^[m[K
[0.810s] [01m[K/home/taka4/ros2_ws/src/adi_driver2/src/adis16465_node.cpp:[m[K In function ‘[01m[Kint main(int, char**)[m[K’:
[0.810s] [01m[K/home/taka4/ros2_ws/src/adi_driver2/src/adis16465_node.cpp:184:29:[m[K [01;31m[Kerror: [m[Kno matching function for call to ‘[01m[Krclcpp::executors::MultiThreadedExecutor::spin(std::shared_ptr<adi_driver2::ImuNode>&)[m[K’
[0.810s]   184 |   exec.spin(ndt_scan_matcher[01;31m[K)[m[K;
[0.810s]       |                             [01;31m[K^[m[K
[0.810s] In file included from [01m[K/opt/ros/foxy/include/rclcpp/executors.hpp:21[m[K,
[0.810s]                  from [01m[K/opt/ros/foxy/include/rclcpp/rclcpp.hpp:146[m[K,
[0.810s]                  from [01m[K/home/taka4/ros2_ws/src/adi_driver2/include/adi_driver2/adis16465_node.hpp:33[m[K,
[0.810s]                  from [01m[K/home/taka4/ros2_ws/src/adi_driver2/src/adis16465_node.cpp:40[m[K:
[0.810s] [01m[K/opt/ros/foxy/include/rclcpp/executors/multi_threaded_executor.hpp:71:3:[m[K [01;36m[Knote: [m[Kcandidate: ‘[01m[Kvirtual void rclcpp::executors::MultiThreadedExecutor::spin()[m[K’
[0.810s]    71 |   [01;36m[Kspin[m[K() override;
[0.810s]       |   [01;36m[K^~~~[m[K
[0.810s] [01m[K/opt/ros/foxy/include/rclcpp/executors/multi_threaded_executor.hpp:71:3:[m[K [01;36m[Knote: [m[K  candidate expects 0 arguments, 1 provided
[1.086s] In file included from [01m[K/usr/include/x86_64-linux-gnu/c++/9/bits/c++allocator.h:33[m[K,
[1.086s]                  from [01m[K/usr/include/c++/9/bits/allocator.h:46[m[K,
[1.086s]                  from [01m[K/usr/include/c++/9/memory:63[m[K,
[1.086s]                  from [01m[K/opt/ros/foxy/include/rclcpp/rclcpp.hpp:144[m[K,
[1.086s]                  from [01m[K/home/taka4/ros2_ws/src/adi_driver2/include/adi_driver2/adis16465_node.hpp:33[m[K,
[1.086s]                  from [01m[K/home/taka4/ros2_ws/src/adi_driver2/src/adis16465_node.cpp:40[m[K:
[1.086s] /usr/include/c++/9/ext/new_allocator.h: In instantiation of ‘[01m[Kvoid __gnu_cxx::new_allocator<_Tp>::construct(_Up*, _Args&& ...) [with _Up = adi_driver2::ImuNode; _Args = {int (&)(const char*, char* const*)}; _Tp = adi_driver2::ImuNode][m[K’:
[1.086s] [01m[K/usr/include/c++/9/bits/alloc_traits.h:483:4:[m[K   required from ‘[01m[Kstatic void std::allocator_traits<std::allocator<_Tp1> >::construct(std::allocator_traits<std::allocator<_Tp1> >::allocator_type&, _Up*, _Args&& ...) [with _Up = adi_driver2::ImuNode; _Args = {int (&)(const char*, char* const*)}; _Tp = adi_driver2::ImuNode; std::allocator_traits<std::allocator<_Tp1> >::allocator_type = std::allocator<adi_driver2::ImuNode>][m[K’
[1.086s] [01m[K/usr/include/c++/9/bits/shared_ptr_base.h:548:39:[m[K   required from ‘[01m[Kstd::_Sp_counted_ptr_inplace<_Tp, _Alloc, _Lp>::_Sp_counted_ptr_inplace(_Alloc, _Args&& ...) [with _Args = {int (&)(const char*, char* const*)}; _Tp = adi_driver2::ImuNode; _Alloc = std::allocator<adi_driver2::ImuNode>; __gnu_cxx::_Lock_policy _Lp = __gnu_cxx::_S_atomic][m[K’
[1.086s] [01m[K/usr/include/c++/9/bits/shared_ptr_base.h:679:16:[m[K   required from ‘[01m[Kstd::__shared_count<_Lp>::__shared_count(_Tp*&, std::_Sp_alloc_shared_tag<_Alloc>, _Args&& ...) [with _Tp = adi_driver2::ImuNode; _Alloc = std::allocator<adi_driver2::ImuNode>; _Args = {int (&)(const char*, char* const*)}; __gnu_cxx::_Lock_policy _Lp = __gnu_cxx::_S_atomic][m[K’
[1.086s] [01m[K/usr/include/c++/9/bits/shared_ptr_base.h:1344:71:[m[K   required from ‘[01m[Kstd::__shared_ptr<_Tp, _Lp>::__shared_ptr(std::_Sp_alloc_shared_tag<_Tp>, _Args&& ...) [with _Alloc = std::allocator<adi_driver2::ImuNode>; _Args = {int (&)(const char*, char* const*)}; _Tp = adi_driver2::ImuNode; __gnu_cxx::_Lock_policy _Lp = __gnu_cxx::_S_atomic][m[K’
[1.086s] [01m[K/usr/include/c++/9/bits/shared_ptr.h:359:59:[m[K   required from ‘[01m[Kstd::shared_ptr<_Tp>::shared_ptr(std::_Sp_alloc_shared_tag<_Tp>, _Args&& ...) [with _Alloc = std::allocator<adi_driver2::ImuNode>; _Args = {int (&)(const char*, char* const*)}; _Tp = adi_driver2::ImuNode][m[K’
[1.086s] [01m[K/usr/include/c++/9/bits/shared_ptr.h:701:14:[m[K   required from ‘[01m[Kstd::shared_ptr<_Tp> std::allocate_shared(const _Alloc&, _Args&& ...) [with _Tp = adi_driver2::ImuNode; _Alloc = std::allocator<adi_driver2::ImuNode>; _Args = {int (&)(const char*, char* const*)}][m[K’
[1.086s] [01m[K/usr/include/c++/9/bits/shared_ptr.h:717:39:[m[K   required from ‘[01m[Kstd::shared_ptr<_Tp> std::make_shared(_Args&& ...) [with _Tp = adi_driver2::ImuNode; _Args = {int (&)(const char*, char* const*)}][m[K’
[1.086s] [01m[K/home/taka4/ros2_ws/src/adi_driver2/src/adis16465_node.cpp:181:71:[m[K   required from here
[1.086s] [01m[K/usr/include/c++/9/ext/new_allocator.h:146:4:[m[K [01;31m[Kerror: [m[Kno matching function for call to ‘[01m[Kadi_driver2::ImuNode::ImuNode(int (&)(const char*, char* const*))[m[K’
[1.086s]   146 |  { [01;31m[K::new((void *)__p) _Up(std::forward<_Args>(__args)...)[m[K; }
[1.086s]       |    [01;31m[K^~~~~~~~~~~~~~~~~~~~~~~~~~~~~~~~~~~~~~~~~~~~~~~~~~~~~~[m[K
[1.086s] [01m[K/home/taka4/ros2_ws/src/adi_driver2/src/adis16465_node.cpp:47:1:[m[K [01;36m[Knote: [m[Kcandidate: ‘[01m[Kadi_driver2::ImuNode::ImuNode()[m[K’
[1.086s]    47 | [01;36m[KImuNode[m[K::ImuNode() : Node("adis16465_node") {
[1.086s]       | [01;36m[K^~~~~~~[m[K
[1.086s] [01m[K/home/taka4/ros2_ws/src/adi_driver2/src/adis16465_node.cpp:47:1:[m[K [01;36m[Knote: [m[K  candidate expects 0 arguments, 1 provided
[1.396s] make[2]: *** [CMakeFiles/adis16465.dir/build.make:76: CMakeFiles/adis16465.dir/src/adis16465_node.cpp.o] エラー 1
[1.396s] make[1]: *** [CMakeFiles/Makefile2:78: CMakeFiles/adis16465.dir/all] エラー 2
[1.397s] make: *** [Makefile:141: all] エラー 2
[1.398s] Invoked command in '/home/taka4/ros2_ws/src/adi_driver2/build/adi_driver2' returned '2': CMAKE_PREFIX_PATH=${CMAKE_PREFIX_PATH}:/opt/ros/foxy /usr/bin/cmake --build /home/taka4/ros2_ws/src/adi_driver2/build/adi_driver2 -- -j16 -l16
