[0.011s] Invoking command in '/home/taka4/ros2_ws/src/adi_driver2/build/adi_driver2': CMAKE_PREFIX_PATH=${CMAKE_PREFIX_PATH}:/opt/ros/foxy /usr/bin/cmake --build /home/taka4/ros2_ws/src/adi_driver2/build/adi_driver2 -- -j16 -l16
[0.028s] -- Found ament_cmake_auto: 0.9.11 (/opt/ros/foxy/share/ament_cmake_auto/cmake)
[0.043s] -- Using PYTHON_EXECUTABLE: /usr/bin/python3
[0.216s] -- Using all available rosidl_typesupport_c: rosidl_typesupport_fastrtps_c;rosidl_typesupport_introspection_c
[0.218s] -- Found rosidl_adapter: 1.3.0 (/opt/ros/foxy/share/rosidl_adapter/cmake)
[0.299s] -- Using all available rosidl_typesupport_cpp: rosidl_typesupport_fastrtps_cpp;rosidl_typesupport_introspection_cpp
[0.330s] -- Found rmw_implementation_cmake: 1.0.3 (/opt/ros/foxy/share/rmw_implementation_cmake/cmake)
[0.331s] -- Using RMW implementation 'rmw_fastrtps_cpp' as default
[0.541s] -- Found ament_lint_auto: 0.9.7 (/opt/ros/foxy/share/ament_lint_auto/cmake)
[0.561s] -- Added test 'cppcheck' to perform static code analysis on C / C++ code
[0.561s] -- Configured cppcheck include dirs: /home/taka4/ros2_ws/src/adi_driver2/include
[0.561s] -- Configured cppcheck exclude dirs and/or files: 
[0.563s] -- Added test 'flake8' to check Python code syntax and style conventions
[0.567s] -- Added test 'lint_cmake' to check CMake code style
[0.569s] -- Added test 'pep257' to check Python code against some of the style conventions in PEP 257
[0.583s] -- Added test 'uncrustify' to check C / C++ code style
[0.583s] -- Configured uncrustify additional arguments: 
[0.585s] -- Added test 'xmllint' to check XML markup files
[0.587s] -- Configuring done
[0.592s] -- Generating done
[0.593s] -- Build files have been written to: /home/taka4/ros2_ws/src/adi_driver2/build/adi_driver2
[0.620s] [ 33%] [32mBuilding CXX object CMakeFiles/adis16465.dir/src/adis16465_node.cpp.o[0m
[1.357s] [01m[K/home/taka4/ros2_ws/src/adi_driver2/src/adis16465_node.cpp:[m[K In member function ‘[01m[Kbool adi_driver2::ImuNode::open()[m[K’:
[1.357s] [01m[K/home/taka4/ros2_ws/src/adi_driver2/src/adis16465_node.cpp:104:1:[m[K [01;35m[Kwarning: [m[Kno return statement in function returning non-void [[01;35m[K-Wreturn-type[m[K]
[1.358s]   104 | [01;35m[K}[m[K
[1.358s]       | [01;35m[K^[m[K
[1.361s] [01m[K/home/taka4/ros2_ws/src/adi_driver2/src/adis16465_node.cpp:[m[K In member function ‘[01m[Kint adi_driver2::ImuNode::publish_imu_data()[m[K’:
[1.361s] [01m[K/home/taka4/ros2_ws/src/adi_driver2/src/adis16465_node.cpp:129:1:[m[K [01;35m[Kwarning: [m[Kno return statement in function returning non-void [[01;35m[K-Wreturn-type[m[K]
[1.361s]   129 | [01;35m[K}[m[K
[1.362s]       | [01;35m[K^[m[K
[1.365s] [01m[K/home/taka4/ros2_ws/src/adi_driver2/src/adis16465_node.cpp:[m[K In member function ‘[01m[Kint adi_driver2::ImuNode::publish_temp_data()[m[K’:
[1.365s] [01m[K/home/taka4/ros2_ws/src/adi_driver2/src/adis16465_node.cpp:140:1:[m[K [01;35m[Kwarning: [m[Kno return statement in function returning non-void [[01;35m[K-Wreturn-type[m[K]
[1.365s]   140 | [01;35m[K}[m[K
[1.365s]       | [01;35m[K^[m[K
[1.365s] [01m[K/home/taka4/ros2_ws/src/adi_driver2/src/adis16465_node.cpp:[m[K At global scope:
[1.365s] [01m[K/home/taka4/ros2_ws/src/adi_driver2/src/adis16465_node.cpp:141:6:[m[K [01;31m[Kerror: [m[Kno declaration matches ‘[01m[Kbool adi_driver2::ImuNode::spin()[m[K’
[1.365s]   141 | bool [01;31m[KImuNode[m[K::spin() {
[1.365s]       |      [01;31m[K^~~~~~~[m[K
[1.365s] [01m[K/home/taka4/ros2_ws/src/adi_driver2/src/adis16465_node.cpp:141:6:[m[K [01;36m[Knote: [m[Kno functions named ‘[01m[Kbool adi_driver2::ImuNode::spin()[m[K’
[1.365s] In file included from [01m[K/home/taka4/ros2_ws/src/adi_driver2/src/adis16465_node.cpp:40[m[K:
[1.365s] [01m[K/home/taka4/ros2_ws/src/adi_driver2/include/adi_driver2/adis16465_node.hpp:42:7:[m[K [01;36m[Knote: [m[K‘[01m[Kclass adi_driver2::ImuNode[m[K’ defined here
[1.365s]    42 | class [01;36m[KImuNode[m[K : public rclcpp::Node {
[1.365s]       |       [01;36m[K^~~~~~~[m[K
[1.924s] make[2]: *** [CMakeFiles/adis16465.dir/build.make:76: CMakeFiles/adis16465.dir/src/adis16465_node.cpp.o] エラー 1
[1.924s] make[1]: *** [CMakeFiles/Makefile2:78: CMakeFiles/adis16465.dir/all] エラー 2
[1.924s] make: *** [Makefile:141: all] エラー 2
[1.927s] Invoked command in '/home/taka4/ros2_ws/src/adi_driver2/build/adi_driver2' returned '2': CMAKE_PREFIX_PATH=${CMAKE_PREFIX_PATH}:/opt/ros/foxy /usr/bin/cmake --build /home/taka4/ros2_ws/src/adi_driver2/build/adi_driver2 -- -j16 -l16
