[0.013s] Invoking command in '/home/y-takahashi/ros2_ws/src/adi_driver2/build/adi_driver2': CMAKE_PREFIX_PATH=${CMAKE_PREFIX_PATH}:/opt/ros/foxy /usr/bin/cmake --build /home/y-takahashi/ros2_ws/src/adi_driver2/build/adi_driver2 -- -j12 -l12
[0.138s] [100%] Built target adis16465
[0.146s] Invoked command in '/home/y-takahashi/ros2_ws/src/adi_driver2/build/adi_driver2' returned '0': CMAKE_PREFIX_PATH=${CMAKE_PREFIX_PATH}:/opt/ros/foxy /usr/bin/cmake --build /home/y-takahashi/ros2_ws/src/adi_driver2/build/adi_driver2 -- -j12 -l12
[0.178s] Invoking command in '/home/y-takahashi/ros2_ws/src/adi_driver2/build/adi_driver2': CMAKE_PREFIX_PATH=${CMAKE_PREFIX_PATH}:/opt/ros/foxy /usr/bin/cmake --install /home/y-takahashi/ros2_ws/src/adi_driver2/build/adi_driver2
[0.184s] -- Install configuration: ""
[0.184s] -- Up-to-date: /home/y-takahashi/ros2_ws/src/adi_driver2/install/adi_driver2/include
[0.184s] -- Up-to-date: /home/y-takahashi/ros2_ws/src/adi_driver2/install/adi_driver2/include/adi_driver2
[0.184s] -- Up-to-date: /home/y-takahashi/ros2_ws/src/adi_driver2/install/adi_driver2/include/adi_driver2/adis16465.h
[0.184s] -- Up-to-date: /home/y-takahashi/ros2_ws/src/adi_driver2/install/adi_driver2/include/adi_driver2/adis16470_node.hpp
[0.184s] -- Up-to-date: /home/y-takahashi/ros2_ws/src/adi_driver2/install/adi_driver2/include/adi_driver2/adis16465_node.hpp
[0.184s] -- Up-to-date: /home/y-takahashi/ros2_ws/src/adi_driver2/install/adi_driver2/include/adi_driver2/adis16470.h
[0.184s] -- Up-to-date: /home/y-takahashi/ros2_ws/src/adi_driver2/install/adi_driver2/lib/adi_driver2/adis16465
[0.184s] -- Up-to-date: /home/y-takahashi/ros2_ws/src/adi_driver2/install/adi_driver2/share/adi_driver2/launch
[0.184s] -- Up-to-date: /home/y-takahashi/ros2_ws/src/adi_driver2/install/adi_driver2/share/adi_driver2/launch/imu.rviz
[0.184s] -- Up-to-date: /home/y-takahashi/ros2_ws/src/adi_driver2/install/adi_driver2/share/adi_driver2/launch/adis16470.launch
[0.184s] -- Installing: /home/y-takahashi/ros2_ws/src/adi_driver2/install/adi_driver2/share/adi_driver2/launch/adis16465.launch.py
[0.185s] -- Up-to-date: /home/y-takahashi/ros2_ws/src/adi_driver2/install/adi_driver2/share/adi_driver2/launch/adis16465.launch
[0.185s] -- Up-to-date: /home/y-takahashi/ros2_ws/src/adi_driver2/install/adi_driver2/share/adi_driver2/urdf
[0.185s] -- Up-to-date: /home/y-takahashi/ros2_ws/src/adi_driver2/install/adi_driver2/share/adi_driver2/urdf/adis16470_breakout.urdf
[0.185s] -- Up-to-date: /home/y-takahashi/ros2_ws/src/adi_driver2/install/adi_driver2/share/adi_driver2/urdf/adis16465_breakout.urdf
[0.185s] -- Up-to-date: /home/y-takahashi/ros2_ws/src/adi_driver2/install/adi_driver2/share/ament_index/resource_index/package_run_dependencies/adi_driver2
[0.185s] -- Up-to-date: /home/y-takahashi/ros2_ws/src/adi_driver2/install/adi_driver2/share/ament_index/resource_index/parent_prefix_path/adi_driver2
[0.185s] -- Up-to-date: /home/y-takahashi/ros2_ws/src/adi_driver2/install/adi_driver2/share/adi_driver2/environment/ament_prefix_path.sh
[0.185s] -- Up-to-date: /home/y-takahashi/ros2_ws/src/adi_driver2/install/adi_driver2/share/adi_driver2/environment/ament_prefix_path.dsv
[0.185s] -- Up-to-date: /home/y-takahashi/ros2_ws/src/adi_driver2/install/adi_driver2/share/adi_driver2/environment/path.sh
[0.185s] -- Up-to-date: /home/y-takahashi/ros2_ws/src/adi_driver2/install/adi_driver2/share/adi_driver2/environment/path.dsv
[0.185s] -- Up-to-date: /home/y-takahashi/ros2_ws/src/adi_driver2/install/adi_driver2/share/adi_driver2/local_setup.bash
[0.186s] -- Up-to-date: /home/y-takahashi/ros2_ws/src/adi_driver2/install/adi_driver2/share/adi_driver2/local_setup.sh
[0.187s] -- Up-to-date: /home/y-takahashi/ros2_ws/src/adi_driver2/install/adi_driver2/share/adi_driver2/local_setup.zsh
[0.187s] -- Up-to-date: /home/y-takahashi/ros2_ws/src/adi_driver2/install/adi_driver2/share/adi_driver2/local_setup.dsv
[0.187s] -- Up-to-date: /home/y-takahashi/ros2_ws/src/adi_driver2/install/adi_driver2/share/adi_driver2/package.dsv
[0.187s] -- Up-to-date: /home/y-takahashi/ros2_ws/src/adi_driver2/install/adi_driver2/share/ament_index/resource_index/packages/adi_driver2
[0.187s] -- Up-to-date: /home/y-takahashi/ros2_ws/src/adi_driver2/install/adi_driver2/share/adi_driver2/cmake/ament_cmake_export_dependencies-extras.cmake
[0.188s] -- Up-to-date: /home/y-takahashi/ros2_ws/src/adi_driver2/install/adi_driver2/share/adi_driver2/cmake/ament_cmake_export_include_directories-extras.cmake
[0.188s] -- Up-to-date: /home/y-takahashi/ros2_ws/src/adi_driver2/install/adi_driver2/share/adi_driver2/cmake/adi_driver2Config.cmake
[0.188s] -- Up-to-date: /home/y-takahashi/ros2_ws/src/adi_driver2/install/adi_driver2/share/adi_driver2/cmake/adi_driver2Config-version.cmake
[0.188s] -- Up-to-date: /home/y-takahashi/ros2_ws/src/adi_driver2/install/adi_driver2/share/adi_driver2/package.xml
[0.189s] Invoked command in '/home/y-takahashi/ros2_ws/src/adi_driver2/build/adi_driver2' returned '0': CMAKE_PREFIX_PATH=${CMAKE_PREFIX_PATH}:/opt/ros/foxy /usr/bin/cmake --install /home/y-takahashi/ros2_ws/src/adi_driver2/build/adi_driver2
