[0.012s] Invoking command in '/home/taka4/ros2_ws/src/adi_driver2/build/adi_driver2': CMAKE_PREFIX_PATH=${CMAKE_PREFIX_PATH}:/opt/ros/foxy /usr/bin/cmake --build /home/taka4/ros2_ws/src/adi_driver2/build/adi_driver2 -- -j16 -l16
[0.040s] [35m[1mScanning dependencies of target adis16465[0m
[0.056s] [ 33%] [32mBuilding CXX object CMakeFiles/adis16465.dir/src/adis16465_node.cpp.o[0m
[0.796s] [01m[K/home/taka4/ros2_ws/src/adi_driver2/src/adis16465_node.cpp:[m[K In member function ‘[01m[Kbool adi_driver2::ImuNode::open()[m[K’:
[0.796s] [01m[K/home/taka4/ros2_ws/src/adi_driver2/src/adis16465_node.cpp:109:1:[m[K [01;35m[Kwarning: [m[Kno return statement in function returning non-void [[01;35m[K-Wreturn-type[m[K]
[0.796s]   109 | [01;35m[K}[m[K
[0.796s]       | [01;35m[K^[m[K
[0.800s] [01m[K/home/taka4/ros2_ws/src/adi_driver2/src/adis16465_node.cpp:[m[K In member function ‘[01m[Kint adi_driver2::ImuNode::publish_imu_data()[m[K’:
[0.800s] [01m[K/home/taka4/ros2_ws/src/adi_driver2/src/adis16465_node.cpp:134:1:[m[K [01;35m[Kwarning: [m[Kno return statement in function returning non-void [[01;35m[K-Wreturn-type[m[K]
[0.800s]   134 | [01;35m[K}[m[K
[0.800s]       | [01;35m[K^[m[K
[0.804s] [01m[K/home/taka4/ros2_ws/src/adi_driver2/src/adis16465_node.cpp:[m[K In member function ‘[01m[Kint adi_driver2::ImuNode::publish_temp_data()[m[K’:
[0.804s] [01m[K/home/taka4/ros2_ws/src/adi_driver2/src/adis16465_node.cpp:145:1:[m[K [01;35m[Kwarning: [m[Kno return statement in function returning non-void [[01;35m[K-Wreturn-type[m[K]
[0.804s]   145 | [01;35m[K}[m[K
[0.804s]       | [01;35m[K^[m[K
[0.813s] [01m[K/home/taka4/ros2_ws/src/adi_driver2/src/adis16465_node.cpp:[m[K In function ‘[01m[Kint main(int, char**)[m[K’:
[0.813s] [01m[K/home/taka4/ros2_ws/src/adi_driver2/src/adis16465_node.cpp:230:45:[m[K [01;31m[Kerror: [m[Kno matching function for call to ‘[01m[Kadi_driver2::ImuNode::ImuNode(std::shared_ptr<adi_driver2::ImuNode>&)[m[K’
[0.813s]   230 |   adi_driver2::ImuNode node(ndt_scan_matcher[01;31m[K)[m[K;
[0.813s]       |                                             [01;31m[K^[m[K
[0.813s] [01m[K/home/taka4/ros2_ws/src/adi_driver2/src/adis16465_node.cpp:47:1:[m[K [01;36m[Knote: [m[Kcandidate: ‘[01m[Kadi_driver2::ImuNode::ImuNode()[m[K’
[0.813s]    47 | [01;36m[KImuNode[m[K::ImuNode() : Node("adis16465_node") {
[0.813s]       | [01;36m[K^~~~~~~[m[K
[0.813s] [01m[K/home/taka4/ros2_ws/src/adi_driver2/src/adis16465_node.cpp:47:1:[m[K [01;36m[Knote: [m[K  candidate expects 0 arguments, 1 provided
[0.814s] [01m[K/home/taka4/ros2_ws/src/adi_driver2/src/adis16465_node.cpp:243:20:[m[K [01;31m[Kerror: [m[K‘[01m[Kclass std::shared_ptr<adi_driver2::ImuNode>[m[K’ has no member named ‘[01m[Kspin[m[K’
[0.814s]   243 |   ndt_scan_matcher.[01;31m[Kspin[m[K();
[0.814s]       |                    [01;31m[K^~~~[m[K
[1.398s] make[2]: *** [CMakeFiles/adis16465.dir/build.make:76: CMakeFiles/adis16465.dir/src/adis16465_node.cpp.o] エラー 1
[1.398s] make[1]: *** [CMakeFiles/Makefile2:78: CMakeFiles/adis16465.dir/all] エラー 2
[1.398s] make: *** [Makefile:141: all] エラー 2
[1.400s] Invoked command in '/home/taka4/ros2_ws/src/adi_driver2/build/adi_driver2' returned '2': CMAKE_PREFIX_PATH=${CMAKE_PREFIX_PATH}:/opt/ros/foxy /usr/bin/cmake --build /home/taka4/ros2_ws/src/adi_driver2/build/adi_driver2 -- -j16 -l16
