[35m[1mScanning dependencies of target adis16465[0m
[ 33%] [32mBuilding CXX object CMakeFiles/adis16465.dir/src/adis16465.cpp.o[0m
[ 66%] [32mBuilding CXX object CMakeFiles/adis16465.dir/src/adis16465_node.cpp.o[0m
[01m[K/home/taka4/ros2_ws/src/adi_driver2/src/adis16465.cpp:[m[K In member function ‘[01m[Kint Adis16470::get_product_id(int16_t&)[m[K’:
[01m[K/home/taka4/ros2_ws/src/adi_driver2/src/adis16465.cpp:152:7:[m[K [01;35m[Kwarning: [m[Kunused variable ‘[01m[Kr[m[K’ [[01;35m[K-Wunused-variable[m[K]
  152 |   int [01;35m[Kr[m[K;
      |       [01;35m[K^[m[K
[01m[K/home/taka4/ros2_ws/src/adi_driver2/src/adis16465.cpp:[m[K In member function ‘[01m[Kint Adis16470::read_register(char, int16_t&)[m[K’:
[01m[K/home/taka4/ros2_ws/src/adi_driver2/src/adis16465.cpp:213:34:[m[K [01;35m[Kwarning: [m[Knarrowing conversion of ‘[01m[Kaddress[m[K’ from ‘[01m[Kchar[m[K’ to ‘[01m[Kunsigned char[m[K’ [[01;35m[K-Wnarrowing[m[K]
  213 |   unsigned char buff[3] = {0x61, [01;35m[Kaddress[m[K, 0x00};
      |                                  [01;35m[K^~~~~~~[m[K
[01m[K/home/taka4/ros2_ws/src/adi_driver2/src/adis16465.cpp:[m[K In member function ‘[01m[Kint Adis16470::bias_correction_update()[m[K’:
[01m[K/home/taka4/ros2_ws/src/adi_driver2/src/adis16465.cpp:392:1:[m[K [01;35m[Kwarning: [m[Kno return statement in function returning non-void [[01;35m[K-Wreturn-type[m[K]
  392 | [01;35m[K}[m[K
      | [01;35m[K^[m[K
[01m[K/home/taka4/ros2_ws/src/adi_driver2/src/adis16465.cpp:[m[K In member function ‘[01m[Kint Adis16470::read_register(char, int16_t&)[m[K’:
[01m[K/home/taka4/ros2_ws/src/adi_driver2/src/adis16465.cpp:230:8:[m[K [01;35m[Kwarning: [m[Kcontrol reaches end of non-void function [[01;35m[K-Wreturn-type[m[K]
  230 |   [01;35m[Kdata = big_endian_to_short(&buff[1])[m[K;
      |   [01;35m[K~~~~~^~~~~~~~~~~~~~~~~~~~~~~~~~~~~~~[m[K
[01m[K/home/taka4/ros2_ws/src/adi_driver2/src/adis16465_node.cpp:[m[K In member function ‘[01m[Kint adi_driver2::ImuNode::publish_imu_data()[m[K’:
[01m[K/home/taka4/ros2_ws/src/adi_driver2/src/adis16465_node.cpp:160:1:[m[K [01;35m[Kwarning: [m[Kno return statement in function returning non-void [[01;35m[K-Wreturn-type[m[K]
  160 | [01;35m[K}[m[K
      | [01;35m[K^[m[K
[01m[K/home/taka4/ros2_ws/src/adi_driver2/src/adis16465_node.cpp:[m[K In member function ‘[01m[Kint adi_driver2::ImuNode::publish_temp_data()[m[K’:
[01m[K/home/taka4/ros2_ws/src/adi_driver2/src/adis16465_node.cpp:172:1:[m[K [01;35m[Kwarning: [m[Kno return statement in function returning non-void [[01;35m[K-Wreturn-type[m[K]
  172 | [01;35m[K}[m[K
      | [01;35m[K^[m[K
[100%] [32m[1mLinking CXX executable adis16465[0m
/usr/bin/ld: CMakeFiles/adis16465.dir/src/adis16465_node.cpp.o: in function `adi_driver2::ImuNode::~ImuNode()':
adis16465_node.cpp:(.text+0x4f1): undefined reference to `Adis16465::closePort()'
/usr/bin/ld: CMakeFiles/adis16465.dir/src/adis16465_node.cpp.o: in function `adi_driver2::ImuNode::~ImuNode()':
adis16465_node.cpp:(.text+0x73e): undefined reference to `Adis16465::closePort()'
/usr/bin/ld: CMakeFiles/adis16465.dir/src/adis16465_node.cpp.o: in function `adi_driver2::ImuNode::open()':
adis16465_node.cpp:(.text+0xb8a): undefined reference to `Adis16465::openPort(std::__cxx11::basic_string<char, std::char_traits<char>, std::allocator<char> >)'
/usr/bin/ld: adis16465_node.cpp:(.text+0xc12): undefined reference to `Adis16465::get_product_id(short&)'
/usr/bin/ld: adis16465_node.cpp:(.text+0xcbe): undefined reference to `Adis16465::set_bias_estimation_time(short)'
/usr/bin/ld: CMakeFiles/adis16465.dir/src/adis16465_node.cpp.o: in function `adi_driver2::ImuNode::ImuNode()':
adis16465_node.cpp:(.text+0xfdf): undefined reference to `Adis16465::Adis16465()'
/usr/bin/ld: CMakeFiles/adis16465.dir/src/adis16465_node.cpp.o: in function `adi_driver2::ImuNode::loop()::{lambda()#1}::operator()() const [clone .isra.0]':
adis16465_node.cpp:(.text+0x250a): undefined reference to `Adis16465::update()'
/usr/bin/ld: adis16465_node.cpp:(.text+0x25d9): undefined reference to `Adis16465::update()'
/usr/bin/ld: adis16465_node.cpp:(.text+0x2691): undefined reference to `Adis16465::update_burst()'
/usr/bin/ld: adis16465_node.cpp:(.text+0x273d): undefined reference to `Adis16465::update_burst()'
/usr/bin/ld: CMakeFiles/adis16465.dir/src/adis16465_node.cpp.o: in function `std::_Sp_counted_ptr_inplace<adi_driver2::ImuNode, std::allocator<adi_driver2::ImuNode>, (__gnu_cxx::_Lock_policy)2>::_M_dispose()':
adis16465_node.cpp:(.text._ZNSt23_Sp_counted_ptr_inplaceIN11adi_driver27ImuNodeESaIS1_ELN9__gnu_cxx12_Lock_policyE2EE10_M_disposeEv[_ZNSt23_Sp_counted_ptr_inplaceIN11adi_driver27ImuNodeESaIS1_ELN9__gnu_cxx12_Lock_policyE2EE10_M_disposeEv]+0x42): undefined reference to `Adis16465::closePort()'
collect2: error: ld returned 1 exit status
make[2]: *** [CMakeFiles/adis16465.dir/build.make:161: adis16465] エラー 1
make[1]: *** [CMakeFiles/Makefile2:78: CMakeFiles/adis16465.dir/all] エラー 2
make: *** [Makefile:141: all] エラー 2
