[35m[1mScanning dependencies of target adis16465[0m
[ 33%] [32mBuilding CXX object CMakeFiles/adis16465.dir/src/adis16465_node.cpp.o[0m
[01m[K/home/taka4/ros2_ws/src/adi_driver2/src/adis16465_node.cpp:[m[K In member function ‘[01m[Kbool adi_driver2::ImuNode::open()[m[K’:
[01m[K/home/taka4/ros2_ws/src/adi_driver2/src/adis16465_node.cpp:110:1:[m[K [01;35m[Kwarning: [m[Kno return statement in function returning non-void [[01;35m[K-Wreturn-type[m[K]
  110 | [01;35m[K}[m[K
      | [01;35m[K^[m[K
[01m[K/home/taka4/ros2_ws/src/adi_driver2/src/adis16465_node.cpp:[m[K In member function ‘[01m[Kint adi_driver2::ImuNode::publish_imu_data()[m[K’:
[01m[K/home/taka4/ros2_ws/src/adi_driver2/src/adis16465_node.cpp:135:1:[m[K [01;35m[Kwarning: [m[Kno return statement in function returning non-void [[01;35m[K-Wreturn-type[m[K]
  135 | [01;35m[K}[m[K
      | [01;35m[K^[m[K
[01m[K/home/taka4/ros2_ws/src/adi_driver2/src/adis16465_node.cpp:[m[K In member function ‘[01m[Kint adi_driver2::ImuNode::publish_temp_data()[m[K’:
[01m[K/home/taka4/ros2_ws/src/adi_driver2/src/adis16465_node.cpp:146:1:[m[K [01;35m[Kwarning: [m[Kno return statement in function returning non-void [[01;35m[K-Wreturn-type[m[K]
  146 | [01;35m[K}[m[K
      | [01;35m[K^[m[K
[01m[K/home/taka4/ros2_ws/src/adi_driver2/src/adis16465_node.cpp:[m[K In function ‘[01m[Kint main(int, char**)[m[K’:
[01m[K/home/taka4/ros2_ws/src/adi_driver2/src/adis16465_node.cpp:188:30:[m[K [01;31m[Kerror: [m[Kcannot call member function ‘[01m[Kbool adi_driver2::ImuNode::open()[m[K’ without object
  188 |   adi_driver2::ImuNode::open([01;31m[K)[m[K;
      |                              [01;31m[K^[m[K
make[2]: *** [CMakeFiles/adis16465.dir/build.make:76: CMakeFiles/adis16465.dir/src/adis16465_node.cpp.o] エラー 1
make[1]: *** [CMakeFiles/Makefile2:78: CMakeFiles/adis16465.dir/all] エラー 2
make: *** [Makefile:141: all] エラー 2
