[0.010s] Invoking command in '/home/taka4/ros2_ws/src/adi_driver2/build/adi_driver2': CMAKE_PREFIX_PATH=${CMAKE_PREFIX_PATH}:/opt/ros/foxy /usr/bin/cmake --build /home/taka4/ros2_ws/src/adi_driver2/build/adi_driver2 -- -j16 -l16
[0.036s] [35m[1mScanning dependencies of target adis16465[0m
[0.054s] [ 33%] [32mBuilding CXX object CMakeFiles/adis16465.dir/src/adis16465_node.cpp.o[0m
[0.795s] [01m[K/home/taka4/ros2_ws/src/adi_driver2/src/adis16465_node.cpp:[m[K In member function ‘[01m[Kbool adi_driver2::ImuNode::open()[m[K’:
[0.795s] [01m[K/home/taka4/ros2_ws/src/adi_driver2/src/adis16465_node.cpp:109:1:[m[K [01;35m[Kwarning: [m[Kno return statement in function returning non-void [[01;35m[K-Wreturn-type[m[K]
[0.795s]   109 | [01;35m[K}[m[K
[0.795s]       | [01;35m[K^[m[K
[0.799s] [01m[K/home/taka4/ros2_ws/src/adi_driver2/src/adis16465_node.cpp:[m[K In member function ‘[01m[Kint adi_driver2::ImuNode::publish_imu_data()[m[K’:
[0.799s] [01m[K/home/taka4/ros2_ws/src/adi_driver2/src/adis16465_node.cpp:134:1:[m[K [01;35m[Kwarning: [m[Kno return statement in function returning non-void [[01;35m[K-Wreturn-type[m[K]
[0.799s]   134 | [01;35m[K}[m[K
[0.799s]       | [01;35m[K^[m[K
[0.803s] [01m[K/home/taka4/ros2_ws/src/adi_driver2/src/adis16465_node.cpp:[m[K In member function ‘[01m[Kint adi_driver2::ImuNode::publish_temp_data()[m[K’:
[0.803s] [01m[K/home/taka4/ros2_ws/src/adi_driver2/src/adis16465_node.cpp:145:1:[m[K [01;35m[Kwarning: [m[Kno return statement in function returning non-void [[01;35m[K-Wreturn-type[m[K]
[0.803s]   145 | [01;35m[K}[m[K
[0.803s]       | [01;35m[K^[m[K
[0.811s] [01m[K/home/taka4/ros2_ws/src/adi_driver2/src/adis16465_node.cpp:[m[K In function ‘[01m[Kint main(int, char**)[m[K’:
[0.811s] [01m[K/home/taka4/ros2_ws/src/adi_driver2/src/adis16465_node.cpp:230:45:[m[K [01;31m[Kerror: [m[Kno matching function for call to ‘[01m[Kadi_driver2::ImuNode::ImuNode(std::shared_ptr<adi_driver2::ImuNode>&)[m[K’
[0.811s]   230 |   adi_driver2::ImuNode node(ndt_scan_matcher[01;31m[K)[m[K;
[0.811s]       |                                             [01;31m[K^[m[K
[0.811s] [01m[K/home/taka4/ros2_ws/src/adi_driver2/src/adis16465_node.cpp:47:1:[m[K [01;36m[Knote: [m[Kcandidate: ‘[01m[Kadi_driver2::ImuNode::ImuNode()[m[K’
[0.811s]    47 | [01;36m[KImuNode[m[K::ImuNode() : Node("adis16465_node") {
[0.811s]       | [01;36m[K^~~~~~~[m[K
[0.811s] [01m[K/home/taka4/ros2_ws/src/adi_driver2/src/adis16465_node.cpp:47:1:[m[K [01;36m[Knote: [m[K  candidate expects 0 arguments, 1 provided
[1.395s] make[2]: *** [CMakeFiles/adis16465.dir/build.make:76: CMakeFiles/adis16465.dir/src/adis16465_node.cpp.o] エラー 1
[1.395s] make[1]: *** [CMakeFiles/Makefile2:78: CMakeFiles/adis16465.dir/all] エラー 2
[1.396s] make: *** [Makefile:141: all] エラー 2
[1.397s] Invoked command in '/home/taka4/ros2_ws/src/adi_driver2/build/adi_driver2' returned '2': CMAKE_PREFIX_PATH=${CMAKE_PREFIX_PATH}:/opt/ros/foxy /usr/bin/cmake --build /home/taka4/ros2_ws/src/adi_driver2/build/adi_driver2 -- -j16 -l16
