[0.011s] Invoking command in '/home/taka4/ros2_ws/src/adi_driver2/build/adi_driver2': CMAKE_PREFIX_PATH=${CMAKE_PREFIX_PATH}:/opt/ros/foxy /usr/bin/cmake --build /home/taka4/ros2_ws/src/adi_driver2/build/adi_driver2 -- -j16 -l16
[0.037s] [35m[1mScanning dependencies of target adis16465[0m
[0.056s] [ 33%] [32mBuilding CXX object CMakeFiles/adis16465.dir/src/adis16465_node.cpp.o[0m
[0.826s] [01m[K/home/taka4/ros2_ws/src/adi_driver2/src/adis16465_node.cpp:[m[K In member function ‘[01m[Kbool adi_driver2::ImuNode::open()[m[K’:
[0.826s] [01m[K/home/taka4/ros2_ws/src/adi_driver2/src/adis16465_node.cpp:109:1:[m[K [01;35m[Kwarning: [m[Kno return statement in function returning non-void [[01;35m[K-Wreturn-type[m[K]
[0.826s]   109 | [01;35m[K}[m[K
[0.826s]       | [01;35m[K^[m[K
[0.830s] [01m[K/home/taka4/ros2_ws/src/adi_driver2/src/adis16465_node.cpp:[m[K In member function ‘[01m[Kint adi_driver2::ImuNode::publish_imu_data()[m[K’:
[0.830s] [01m[K/home/taka4/ros2_ws/src/adi_driver2/src/adis16465_node.cpp:134:1:[m[K [01;35m[Kwarning: [m[Kno return statement in function returning non-void [[01;35m[K-Wreturn-type[m[K]
[0.830s]   134 | [01;35m[K}[m[K
[0.830s]       | [01;35m[K^[m[K
[0.834s] [01m[K/home/taka4/ros2_ws/src/adi_driver2/src/adis16465_node.cpp:[m[K In member function ‘[01m[Kint adi_driver2::ImuNode::publish_temp_data()[m[K’:
[0.834s] [01m[K/home/taka4/ros2_ws/src/adi_driver2/src/adis16465_node.cpp:145:1:[m[K [01;35m[Kwarning: [m[Kno return statement in function returning non-void [[01;35m[K-Wreturn-type[m[K]
[0.834s]   145 | [01;35m[K}[m[K
[0.834s]       | [01;35m[K^[m[K
[0.835s] [01m[K/home/taka4/ros2_ws/src/adi_driver2/src/adis16465_node.cpp:[m[K In function ‘[01m[Kbool adi_driver2::loop()[m[K’:
[0.835s] [01m[K/home/taka4/ros2_ws/src/adi_driver2/src/adis16465_node.cpp:148:3:[m[K [01;31m[Kerror: [m[K‘[01m[Kloop_timer_[m[K’ was not declared in this scope
[0.835s]   148 |   [01;31m[Kloop_timer_[m[K = create_wall_timer(1s, [this]() {
[0.835s]       |   [01;31m[K^~~~~~~~~~~[m[K
[0.836s] [01m[K/home/taka4/ros2_ws/src/adi_driver2/src/adis16465_node.cpp:148:40:[m[K [01;31m[Kerror: [m[Kinvalid use of ‘[01m[Kthis[m[K’ in non-member function
[0.836s]   148 |   loop_timer_ = create_wall_timer(1s, [[01;31m[Kthis[m[K]() {
[0.836s]       |                                        [01;31m[K^~~~[m[K
[0.837s] [01m[K/home/taka4/ros2_ws/src/adi_driver2/src/adis16465_node.cpp:[m[K In lambda function:
[0.837s] [01m[K/home/taka4/ros2_ws/src/adi_driver2/src/adis16465_node.cpp:149:9:[m[K [01;31m[Kerror: [m[K‘[01m[Kburst_mode_[m[K’ was not declared in this scope
[0.837s]   149 |     if ([01;31m[Kburst_mode_[m[K) {
[0.837s]       |         [01;31m[K^~~~~~~~~~~[m[K
[0.837s] [01m[K/home/taka4/ros2_ws/src/adi_driver2/src/adis16465_node.cpp:150:11:[m[K [01;31m[Kerror: [m[K‘[01m[Kimu[m[K’ was not declared in this scope
[0.838s]   150 |       if ([01;31m[Kimu[m[K.update_burst() == 0) {
[0.838s]       |           [01;31m[K^~~[m[K
[0.840s] [01m[K/home/taka4/ros2_ws/src/adi_driver2/src/adis16465_node.cpp:151:9:[m[K [01;31m[Kerror: [m[K‘[01m[Kpublish_imu_data[m[K’ was not declared in this scope
[0.840s]   151 |         [01;31m[Kpublish_imu_data[m[K();
[0.840s]       |         [01;31m[K^~~~~~~~~~~~~~~~[m[K
[0.840s] In file included from [01m[K/opt/ros/foxy/include/rclcpp/service.hpp:34[m[K,
[0.840s]                  from [01m[K/opt/ros/foxy/include/rclcpp/callback_group.hpp:25[m[K,
[0.840s]                  from [01m[K/opt/ros/foxy/include/rclcpp/any_executable.hpp:20[m[K,
[0.841s]                  from [01m[K/opt/ros/foxy/include/rclcpp/memory_strategy.hpp:24[m[K,
[0.841s]                  from [01m[K/opt/ros/foxy/include/rclcpp/memory_strategies.hpp:18[m[K,
[0.841s]                  from [01m[K/opt/ros/foxy/include/rclcpp/executor_options.hpp:20[m[K,
[0.841s]                  from [01m[K/opt/ros/foxy/include/rclcpp/executor.hpp:33[m[K,
[0.841s]                  from [01m[K/opt/ros/foxy/include/rclcpp/executors/multi_threaded_executor.hpp:26[m[K,
[0.841s]                  from [01m[K/opt/ros/foxy/include/rclcpp/executors.hpp:21[m[K,
[0.841s]                  from [01m[K/opt/ros/foxy/include/rclcpp/rclcpp.hpp:146[m[K,
[0.841s]                  from [01m[K/home/taka4/ros2_ws/src/adi_driver2/include/adi_driver2/adis16465_node.hpp:33[m[K,
[0.841s]                  from [01m[K/home/taka4/ros2_ws/src/adi_driver2/src/adis16465_node.cpp:40[m[K:
[0.841s] [01m[K/home/taka4/ros2_ws/src/adi_driver2/src/adis16465_node.cpp:152:21:[m[K [01;31m[Kerror: [m[Kinvalid use of ‘[01m[Kthis[m[K’ in non-member function
[0.841s]   152 |         RCLCPP_INFO([01;31m[Kthis[m[K->get_logger(), "publish imu/data_raw1");
[0.841s]       |                     [01;31m[K^~~~[m[K
[0.841s] [01m[K/home/taka4/ros2_ws/src/adi_driver2/src/adis16465_node.cpp:152:21:[m[K [01;31m[Kerror: [m[Kinvalid use of ‘[01m[Kthis[m[K’ in non-member function
[0.841s] [01m[K/home/taka4/ros2_ws/src/adi_driver2/src/adis16465_node.cpp:152:9:[m[K [01;31m[Kerror: [m[Ktemplate argument 1 is invalid
[0.842s]   152 |         [01;31m[KRCLCPP_INFO[m[K(this->get_logger(), "publish imu/data_raw1");
[0.842s]       |         [01;31m[K^~~~~~~~~~~[m[K
[0.842s] [01m[K/home/taka4/ros2_ws/src/adi_driver2/src/adis16465_node.cpp:152:9:[m[K [01;31m[Kerror: [m[Ktemplate argument 1 is invalid
[0.842s]   152 |         [01;31m[KRCLCPP_INFO[m[K(this->get_logger(), "publish imu/data_raw1");
[0.842s]       |         [01;31m[K^~~~~~~~~~~[m[K
[0.842s] [01m[K/home/taka4/ros2_ws/src/adi_driver2/src/adis16465_node.cpp:152:9:[m[K [01;31m[Kerror: [m[Ktemplate argument 1 is invalid
[0.842s]   152 |         [01;31m[KRCLCPP_INFO[m[K(this->get_logger(), "publish imu/data_raw1");
[0.842s]       |         [01;31m[K^~~~~~~~~~~[m[K
[0.842s] In file included from [01m[K/opt/ros/foxy/include/rclcpp/client.hpp:40[m[K,
[0.842s]                  from [01m[K/opt/ros/foxy/include/rclcpp/callback_group.hpp:23[m[K,
[0.842s]                  from [01m[K/opt/ros/foxy/include/rclcpp/any_executable.hpp:20[m[K,
[0.842s]                  from [01m[K/opt/ros/foxy/include/rclcpp/memory_strategy.hpp:24[m[K,
[0.842s]                  from [01m[K/opt/ros/foxy/include/rclcpp/memory_strategies.hpp:18[m[K,
[0.842s]                  from [01m[K/opt/ros/foxy/include/rclcpp/executor_options.hpp:20[m[K,
[0.843s]                  from [01m[K/opt/ros/foxy/include/rclcpp/executor.hpp:33[m[K,
[0.843s]                  from [01m[K/opt/ros/foxy/include/rclcpp/executors/multi_threaded_executor.hpp:26[m[K,
[0.843s]                  from [01m[K/opt/ros/foxy/include/rclcpp/executors.hpp:21[m[K,
[0.843s]                  from [01m[K/opt/ros/foxy/include/rclcpp/rclcpp.hpp:146[m[K,
[0.843s]                  from [01m[K/home/taka4/ros2_ws/src/adi_driver2/include/adi_driver2/adis16465_node.hpp:33[m[K,
[0.843s]                  from [01m[K/home/taka4/ros2_ws/src/adi_driver2/src/adis16465_node.cpp:40[m[K:
[0.843s] [01m[K/home/taka4/ros2_ws/src/adi_driver2/src/adis16465_node.cpp:152:21:[m[K [01;31m[Kerror: [m[K‘[01m[Kthis[m[K’ was not captured for this lambda function
[0.843s]   152 |         RCLCPP_INFO([01;31m[Kthis[m[K->get_logger(), "publish imu/data_raw1");
[0.843s]       |                     [01;31m[K^~~~[m[K
[0.843s] [01m[K/home/taka4/ros2_ws/src/adi_driver2/src/adis16465_node.cpp:152:21:[m[K [01;31m[Kerror: [m[K‘[01m[Kthis[m[K’ was not captured for this lambda function
[0.843s]   152 |         RCLCPP_INFO([01;31m[Kthis[m[K->get_logger(), "publish imu/data_raw1");
[0.843s]       |                     [01;31m[K^~~~[m[K
[0.843s] In file included from [01m[K/opt/ros/foxy/include/rclcpp/service.hpp:34[m[K,
[0.844s]                  from [01m[K/opt/ros/foxy/include/rclcpp/callback_group.hpp:25[m[K,
[0.844s]                  from [01m[K/opt/ros/foxy/include/rclcpp/any_executable.hpp:20[m[K,
[0.844s]                  from [01m[K/opt/ros/foxy/include/rclcpp/memory_strategy.hpp:24[m[K,
[0.844s]                  from [01m[K/opt/ros/foxy/include/rclcpp/memory_strategies.hpp:18[m[K,
[0.844s]                  from [01m[K/opt/ros/foxy/include/rclcpp/executor_options.hpp:20[m[K,
[0.844s]                  from [01m[K/opt/ros/foxy/include/rclcpp/executor.hpp:33[m[K,
[0.844s]                  from [01m[K/opt/ros/foxy/include/rclcpp/executors/multi_threaded_executor.hpp:26[m[K,
[0.844s]                  from [01m[K/opt/ros/foxy/include/rclcpp/executors.hpp:21[m[K,
[0.844s]                  from [01m[K/opt/ros/foxy/include/rclcpp/rclcpp.hpp:146[m[K,
[0.844s]                  from [01m[K/home/taka4/ros2_ws/src/adi_driver2/include/adi_driver2/adis16465_node.hpp:33[m[K,
[0.844s]                  from [01m[K/home/taka4/ros2_ws/src/adi_driver2/src/adis16465_node.cpp:40[m[K:
[0.844s] [01m[K/home/taka4/ros2_ws/src/adi_driver2/src/adis16465_node.cpp:154:22:[m[K [01;31m[Kerror: [m[Kinvalid use of ‘[01m[Kthis[m[K’ in non-member function
[0.844s]   154 |         RCLCPP_ERROR([01;31m[Kthis[m[K->get_logger(), "Cannot update burst");
[0.844s]       |                      [01;31m[K^~~~[m[K
[0.845s] [01m[K/home/taka4/ros2_ws/src/adi_driver2/src/adis16465_node.cpp:154:22:[m[K [01;31m[Kerror: [m[Kinvalid use of ‘[01m[Kthis[m[K’ in non-member function
[0.845s] [01m[K/home/taka4/ros2_ws/src/adi_driver2/src/adis16465_node.cpp:154:9:[m[K [01;31m[Kerror: [m[Ktemplate argument 1 is invalid
[0.845s]   154 |         [01;31m[KRCLCPP_ERROR[m[K(this->get_logger(), "Cannot update burst");
[0.845s]       |         [01;31m[K^~~~~~~~~~~~[m[K
[0.845s] [01m[K/home/taka4/ros2_ws/src/adi_driver2/src/adis16465_node.cpp:154:9:[m[K [01;31m[Kerror: [m[Ktemplate argument 1 is invalid
[0.845s]   154 |         [01;31m[KRCLCPP_ERROR[m[K(this->get_logger(), "Cannot update burst");
[0.845s]       |         [01;31m[K^~~~~~~~~~~~[m[K
[0.845s] [01m[K/home/taka4/ros2_ws/src/adi_driver2/src/adis16465_node.cpp:154:9:[m[K [01;31m[Kerror: [m[Ktemplate argument 1 is invalid
[0.845s]   154 |         [01;31m[KRCLCPP_ERROR[m[K(this->get_logger(), "Cannot update burst");
[0.845s]       |         [01;31m[K^~~~~~~~~~~~[m[K
[0.845s] In file included from [01m[K/opt/ros/foxy/include/rclcpp/client.hpp:40[m[K,
[0.845s]                  from [01m[K/opt/ros/foxy/include/rclcpp/callback_group.hpp:23[m[K,
[0.845s]                  from [01m[K/opt/ros/foxy/include/rclcpp/any_executable.hpp:20[m[K,
[0.845s]                  from [01m[K/opt/ros/foxy/include/rclcpp/memory_strategy.hpp:24[m[K,
[0.846s]                  from [01m[K/opt/ros/foxy/include/rclcpp/memory_strategies.hpp:18[m[K,
[0.846s]                  from [01m[K/opt/ros/foxy/include/rclcpp/executor_options.hpp:20[m[K,
[0.846s]                  from [01m[K/opt/ros/foxy/include/rclcpp/executor.hpp:33[m[K,
[0.846s]                  from [01m[K/opt/ros/foxy/include/rclcpp/executors/multi_threaded_executor.hpp:26[m[K,
[0.846s]                  from [01m[K/opt/ros/foxy/include/rclcpp/executors.hpp:21[m[K,
[0.846s]                  from [01m[K/opt/ros/foxy/include/rclcpp/rclcpp.hpp:146[m[K,
[0.846s]                  from [01m[K/home/taka4/ros2_ws/src/adi_driver2/include/adi_driver2/adis16465_node.hpp:33[m[K,
[0.846s]                  from [01m[K/home/taka4/ros2_ws/src/adi_driver2/src/adis16465_node.cpp:40[m[K:
[0.846s] [01m[K/home/taka4/ros2_ws/src/adi_driver2/src/adis16465_node.cpp:154:22:[m[K [01;31m[Kerror: [m[K‘[01m[Kthis[m[K’ was not captured for this lambda function
[0.846s]   154 |         RCLCPP_ERROR([01;31m[Kthis[m[K->get_logger(), "Cannot update burst");
[0.846s]       |                      [01;31m[K^~~~[m[K
[0.846s] [01m[K/home/taka4/ros2_ws/src/adi_driver2/src/adis16465_node.cpp:154:22:[m[K [01;31m[Kerror: [m[K‘[01m[Kthis[m[K’ was not captured for this lambda function
[0.846s]   154 |         RCLCPP_ERROR([01;31m[Kthis[m[K->get_logger(), "Cannot update burst");
[0.847s]       |                      [01;31m[K^~~~[m[K
[0.847s] In file included from [01m[K/opt/ros/foxy/include/rclcpp/service.hpp:34[m[K,
[0.847s]                  from [01m[K/opt/ros/foxy/include/rclcpp/callback_group.hpp:25[m[K,
[0.847s]                  from [01m[K/opt/ros/foxy/include/rclcpp/any_executable.hpp:20[m[K,
[0.847s]                  from [01m[K/opt/ros/foxy/include/rclcpp/memory_strategy.hpp:24[m[K,
[0.847s]                  from [01m[K/opt/ros/foxy/include/rclcpp/memory_strategies.hpp:18[m[K,
[0.847s]                  from [01m[K/opt/ros/foxy/include/rclcpp/executor_options.hpp:20[m[K,
[0.847s]                  from [01m[K/opt/ros/foxy/include/rclcpp/executor.hpp:33[m[K,
[0.847s]                  from [01m[K/opt/ros/foxy/include/rclcpp/executors/multi_threaded_executor.hpp:26[m[K,
[0.847s]                  from [01m[K/opt/ros/foxy/include/rclcpp/executors.hpp:21[m[K,
[0.847s]                  from [01m[K/opt/ros/foxy/include/rclcpp/rclcpp.hpp:146[m[K,
[0.847s]                  from [01m[K/home/taka4/ros2_ws/src/adi_driver2/include/adi_driver2/adis16465_node.hpp:33[m[K,
[0.847s]                  from [01m[K/home/taka4/ros2_ws/src/adi_driver2/src/adis16465_node.cpp:40[m[K:
[0.847s] [01m[K/home/taka4/ros2_ws/src/adi_driver2/src/adis16465_node.cpp:155:22:[m[K [01;31m[Kerror: [m[Kinvalid use of ‘[01m[Kthis[m[K’ in non-member function
[0.848s]   155 |         RCLCPP_ERROR([01;31m[Kthis[m[K->get_logger(), "update_burst_hoge: %d", imu.update_burst());
[0.848s]       |                      [01;31m[K^~~~[m[K
[0.848s] [01m[K/home/taka4/ros2_ws/src/adi_driver2/src/adis16465_node.cpp:155:22:[m[K [01;31m[Kerror: [m[Kinvalid use of ‘[01m[Kthis[m[K’ in non-member function
[0.848s] [01m[K/home/taka4/ros2_ws/src/adi_driver2/src/adis16465_node.cpp:155:9:[m[K [01;31m[Kerror: [m[Ktemplate argument 1 is invalid
[0.848s]   155 |         [01;31m[KRCLCPP_ERROR[m[K(this->get_logger(), "update_burst_hoge: %d", imu.update_burst());
[0.848s]       |         [01;31m[K^~~~~~~~~~~~[m[K
[0.848s] [01m[K/home/taka4/ros2_ws/src/adi_driver2/src/adis16465_node.cpp:155:9:[m[K [01;31m[Kerror: [m[Ktemplate argument 1 is invalid
[0.848s]   155 |         [01;31m[KRCLCPP_ERROR[m[K(this->get_logger(), "update_burst_hoge: %d", imu.update_burst());
[0.848s]       |         [01;31m[K^~~~~~~~~~~~[m[K
[0.848s] [01m[K/home/taka4/ros2_ws/src/adi_driver2/src/adis16465_node.cpp:155:9:[m[K [01;31m[Kerror: [m[Ktemplate argument 1 is invalid
[0.848s]   155 |         [01;31m[KRCLCPP_ERROR[m[K(this->get_logger(), "update_burst_hoge: %d", imu.update_burst());
[0.848s]       |         [01;31m[K^~~~~~~~~~~~[m[K
[0.849s] In file included from [01m[K/opt/ros/foxy/include/rclcpp/client.hpp:40[m[K,
[0.849s]                  from [01m[K/opt/ros/foxy/include/rclcpp/callback_group.hpp:23[m[K,
[0.849s]                  from [01m[K/opt/ros/foxy/include/rclcpp/any_executable.hpp:20[m[K,
[0.849s]                  from [01m[K/opt/ros/foxy/include/rclcpp/memory_strategy.hpp:24[m[K,
[0.849s]                  from [01m[K/opt/ros/foxy/include/rclcpp/memory_strategies.hpp:18[m[K,
[0.849s]                  from [01m[K/opt/ros/foxy/include/rclcpp/executor_options.hpp:20[m[K,
[0.849s]                  from [01m[K/opt/ros/foxy/include/rclcpp/executor.hpp:33[m[K,
[0.849s]                  from [01m[K/opt/ros/foxy/include/rclcpp/executors/multi_threaded_executor.hpp:26[m[K,
[0.849s]                  from [01m[K/opt/ros/foxy/include/rclcpp/executors.hpp:21[m[K,
[0.849s]                  from [01m[K/opt/ros/foxy/include/rclcpp/rclcpp.hpp:146[m[K,
[0.849s]                  from [01m[K/home/taka4/ros2_ws/src/adi_driver2/include/adi_driver2/adis16465_node.hpp:33[m[K,
[0.849s]                  from [01m[K/home/taka4/ros2_ws/src/adi_driver2/src/adis16465_node.cpp:40[m[K:
[0.849s] [01m[K/home/taka4/ros2_ws/src/adi_driver2/src/adis16465_node.cpp:155:22:[m[K [01;31m[Kerror: [m[K‘[01m[Kthis[m[K’ was not captured for this lambda function
[0.850s]   155 |         RCLCPP_ERROR([01;31m[Kthis[m[K->get_logger(), "update_burst_hoge: %d", imu.update_burst());
[0.850s]       |                      [01;31m[K^~~~[m[K
[0.850s] [01m[K/home/taka4/ros2_ws/src/adi_driver2/src/adis16465_node.cpp:155:22:[m[K [01;31m[Kerror: [m[K‘[01m[Kthis[m[K’ was not captured for this lambda function
[0.850s]   155 |         RCLCPP_ERROR([01;31m[Kthis[m[K->get_logger(), "update_burst_hoge: %d", imu.update_burst());
[0.850s]       |                      [01;31m[K^~~~[m[K
[0.850s] [01m[K/home/taka4/ros2_ws/src/adi_driver2/src/adis16465_node.cpp:157:16:[m[K [01;31m[Kerror: [m[K‘[01m[Kpublish_temperature_[m[K’ was not declared in this scope
[0.850s]   157 |     } else if ([01;31m[Kpublish_temperature_[m[K) {
[0.850s]       |                [01;31m[K^~~~~~~~~~~~~~~~~~~~[m[K
[0.850s] [01m[K/home/taka4/ros2_ws/src/adi_driver2/src/adis16465_node.cpp:158:11:[m[K [01;31m[Kerror: [m[K‘[01m[Kimu[m[K’ was not declared in this scope
[0.850s]   158 |       if ([01;31m[Kimu[m[K.update() == 0) {
[0.850s]       |           [01;31m[K^~~[m[K
[0.850s] [01m[K/home/taka4/ros2_ws/src/adi_driver2/src/adis16465_node.cpp:159:9:[m[K [01;31m[Kerror: [m[K‘[01m[Kpublish_imu_data[m[K’ was not declared in this scope
[0.850s]   159 |         [01;31m[Kpublish_imu_data[m[K();
[0.850s]       |         [01;31m[K^~~~~~~~~~~~~~~~[m[K
[0.851s] In file included from [01m[K/opt/ros/foxy/include/rclcpp/service.hpp:34[m[K,
[0.851s]                  from [01m[K/opt/ros/foxy/include/rclcpp/callback_group.hpp:25[m[K,
[0.851s]                  from [01m[K/opt/ros/foxy/include/rclcpp/any_executable.hpp:20[m[K,
[0.851s]                  from [01m[K/opt/ros/foxy/include/rclcpp/memory_strategy.hpp:24[m[K,
[0.851s]                  from [01m[K/opt/ros/foxy/include/rclcpp/memory_strategies.hpp:18[m[K,
[0.851s]                  from [01m[K/opt/ros/foxy/include/rclcpp/executor_options.hpp:20[m[K,
[0.851s]                  from [01m[K/opt/ros/foxy/include/rclcpp/executor.hpp:33[m[K,
[0.851s]                  from [01m[K/opt/ros/foxy/include/rclcpp/executors/multi_threaded_executor.hpp:26[m[K,
[0.851s]                  from [01m[K/opt/ros/foxy/include/rclcpp/executors.hpp:21[m[K,
[0.851s]                  from [01m[K/opt/ros/foxy/include/rclcpp/rclcpp.hpp:146[m[K,
[0.851s]                  from [01m[K/home/taka4/ros2_ws/src/adi_driver2/include/adi_driver2/adis16465_node.hpp:33[m[K,
[0.851s]                  from [01m[K/home/taka4/ros2_ws/src/adi_driver2/src/adis16465_node.cpp:40[m[K:
[0.851s] [01m[K/home/taka4/ros2_ws/src/adi_driver2/src/adis16465_node.cpp:160:21:[m[K [01;31m[Kerror: [m[Kinvalid use of ‘[01m[Kthis[m[K’ in non-member function
[0.852s]   160 |         RCLCPP_INFO([01;31m[Kthis[m[K->get_logger(), "publish imu/data_raw2");
[0.852s]       |                     [01;31m[K^~~~[m[K
[0.852s] [01m[K/home/taka4/ros2_ws/src/adi_driver2/src/adis16465_node.cpp:160:21:[m[K [01;31m[Kerror: [m[Kinvalid use of ‘[01m[Kthis[m[K’ in non-member function
[0.852s] [01m[K/home/taka4/ros2_ws/src/adi_driver2/src/adis16465_node.cpp:160:9:[m[K [01;31m[Kerror: [m[Ktemplate argument 1 is invalid
[0.852s]   160 |         [01;31m[KRCLCPP_INFO[m[K(this->get_logger(), "publish imu/data_raw2");
[0.852s]       |         [01;31m[K^~~~~~~~~~~[m[K
[0.852s] [01m[K/home/taka4/ros2_ws/src/adi_driver2/src/adis16465_node.cpp:160:9:[m[K [01;31m[Kerror: [m[Ktemplate argument 1 is invalid
[0.852s]   160 |         [01;31m[KRCLCPP_INFO[m[K(this->get_logger(), "publish imu/data_raw2");
[0.852s]       |         [01;31m[K^~~~~~~~~~~[m[K
[0.852s] [01m[K/home/taka4/ros2_ws/src/adi_driver2/src/adis16465_node.cpp:160:9:[m[K [01;31m[Kerror: [m[Ktemplate argument 1 is invalid
[0.852s]   160 |         [01;31m[KRCLCPP_INFO[m[K(this->get_logger(), "publish imu/data_raw2");
[0.852s]       |         [01;31m[K^~~~~~~~~~~[m[K
[0.852s] In file included from [01m[K/opt/ros/foxy/include/rclcpp/client.hpp:40[m[K,
[0.853s]                  from [01m[K/opt/ros/foxy/include/rclcpp/callback_group.hpp:23[m[K,
[0.853s]                  from [01m[K/opt/ros/foxy/include/rclcpp/any_executable.hpp:20[m[K,
[0.853s]                  from [01m[K/opt/ros/foxy/include/rclcpp/memory_strategy.hpp:24[m[K,
[0.853s]                  from [01m[K/opt/ros/foxy/include/rclcpp/memory_strategies.hpp:18[m[K,
[0.853s]                  from [01m[K/opt/ros/foxy/include/rclcpp/executor_options.hpp:20[m[K,
[0.853s]                  from [01m[K/opt/ros/foxy/include/rclcpp/executor.hpp:33[m[K,
[0.853s]                  from [01m[K/opt/ros/foxy/include/rclcpp/executors/multi_threaded_executor.hpp:26[m[K,
[0.853s]                  from [01m[K/opt/ros/foxy/include/rclcpp/executors.hpp:21[m[K,
[0.853s]                  from [01m[K/opt/ros/foxy/include/rclcpp/rclcpp.hpp:146[m[K,
[0.853s]                  from [01m[K/home/taka4/ros2_ws/src/adi_driver2/include/adi_driver2/adis16465_node.hpp:33[m[K,
[0.853s]                  from [01m[K/home/taka4/ros2_ws/src/adi_driver2/src/adis16465_node.cpp:40[m[K:
[0.853s] [01m[K/home/taka4/ros2_ws/src/adi_driver2/src/adis16465_node.cpp:160:21:[m[K [01;31m[Kerror: [m[K‘[01m[Kthis[m[K’ was not captured for this lambda function
[0.853s]   160 |         RCLCPP_INFO([01;31m[Kthis[m[K->get_logger(), "publish imu/data_raw2");
[0.853s]       |                     [01;31m[K^~~~[m[K
[0.854s] [01m[K/home/taka4/ros2_ws/src/adi_driver2/src/adis16465_node.cpp:160:21:[m[K [01;31m[Kerror: [m[K‘[01m[Kthis[m[K’ was not captured for this lambda function
[0.854s]   160 |         RCLCPP_INFO([01;31m[Kthis[m[K->get_logger(), "publish imu/data_raw2");
[0.854s]       |                     [01;31m[K^~~~[m[K
[0.854s] [01m[K/home/taka4/ros2_ws/src/adi_driver2/src/adis16465_node.cpp:161:9:[m[K [01;31m[Kerror: [m[K‘[01m[Kpublish_temp_data[m[K’ was not declared in this scope
[0.854s]   161 |         [01;31m[Kpublish_temp_data[m[K();
[0.854s]       |         [01;31m[K^~~~~~~~~~~~~~~~~[m[K
[0.854s] In file included from [01m[K/opt/ros/foxy/include/rclcpp/service.hpp:34[m[K,
[0.854s]                  from [01m[K/opt/ros/foxy/include/rclcpp/callback_group.hpp:25[m[K,
[0.854s]                  from [01m[K/opt/ros/foxy/include/rclcpp/any_executable.hpp:20[m[K,
[0.854s]                  from [01m[K/opt/ros/foxy/include/rclcpp/memory_strategy.hpp:24[m[K,
[0.854s]                  from [01m[K/opt/ros/foxy/include/rclcpp/memory_strategies.hpp:18[m[K,
[0.854s]                  from [01m[K/opt/ros/foxy/include/rclcpp/executor_options.hpp:20[m[K,
[0.854s]                  from [01m[K/opt/ros/foxy/include/rclcpp/executor.hpp:33[m[K,
[0.854s]                  from [01m[K/opt/ros/foxy/include/rclcpp/executors/multi_threaded_executor.hpp:26[m[K,
[0.855s]                  from [01m[K/opt/ros/foxy/include/rclcpp/executors.hpp:21[m[K,
[0.855s]                  from [01m[K/opt/ros/foxy/include/rclcpp/rclcpp.hpp:146[m[K,
[0.855s]                  from [01m[K/home/taka4/ros2_ws/src/adi_driver2/include/adi_driver2/adis16465_node.hpp:33[m[K,
[0.855s]                  from [01m[K/home/taka4/ros2_ws/src/adi_driver2/src/adis16465_node.cpp:40[m[K:
[0.855s] [01m[K/home/taka4/ros2_ws/src/adi_driver2/src/adis16465_node.cpp:163:22:[m[K [01;31m[Kerror: [m[Kinvalid use of ‘[01m[Kthis[m[K’ in non-member function
[0.855s]   163 |         RCLCPP_ERROR([01;31m[Kthis[m[K->get_logger(), "Cannot update");
[0.855s]       |                      [01;31m[K^~~~[m[K
[0.855s] [01m[K/home/taka4/ros2_ws/src/adi_driver2/src/adis16465_node.cpp:163:22:[m[K [01;31m[Kerror: [m[Kinvalid use of ‘[01m[Kthis[m[K’ in non-member function
[0.855s] [01m[K/home/taka4/ros2_ws/src/adi_driver2/src/adis16465_node.cpp:163:9:[m[K [01;31m[Kerror: [m[Ktemplate argument 1 is invalid
[0.855s]   163 |         [01;31m[KRCLCPP_ERROR[m[K(this->get_logger(), "Cannot update");
[0.855s]       |         [01;31m[K^~~~~~~~~~~~[m[K
[0.855s] [01m[K/home/taka4/ros2_ws/src/adi_driver2/src/adis16465_node.cpp:163:9:[m[K [01;31m[Kerror: [m[Ktemplate argument 1 is invalid
[0.855s]   163 |         [01;31m[KRCLCPP_ERROR[m[K(this->get_logger(), "Cannot update");
[0.855s]       |         [01;31m[K^~~~~~~~~~~~[m[K
[0.855s] [01m[K/home/taka4/ros2_ws/src/adi_driver2/src/adis16465_node.cpp:163:9:[m[K [01;31m[Kerror: [m[Ktemplate argument 1 is invalid
[0.855s]   163 |         [01;31m[KRCLCPP_ERROR[m[K(this->get_logger(), "Cannot update");
[0.855s]       |         [01;31m[K^~~~~~~~~~~~[m[K
[0.856s] In file included from [01m[K/opt/ros/foxy/include/rclcpp/client.hpp:40[m[K,
[0.856s]                  from [01m[K/opt/ros/foxy/include/rclcpp/callback_group.hpp:23[m[K,
[0.856s]                  from [01m[K/opt/ros/foxy/include/rclcpp/any_executable.hpp:20[m[K,
[0.856s]                  from [01m[K/opt/ros/foxy/include/rclcpp/memory_strategy.hpp:24[m[K,
[0.856s]                  from [01m[K/opt/ros/foxy/include/rclcpp/memory_strategies.hpp:18[m[K,
[0.856s]                  from [01m[K/opt/ros/foxy/include/rclcpp/executor_options.hpp:20[m[K,
[0.856s]                  from [01m[K/opt/ros/foxy/include/rclcpp/executor.hpp:33[m[K,
[0.856s]                  from [01m[K/opt/ros/foxy/include/rclcpp/executors/multi_threaded_executor.hpp:26[m[K,
[0.856s]                  from [01m[K/opt/ros/foxy/include/rclcpp/executors.hpp:21[m[K,
[0.856s]                  from [01m[K/opt/ros/foxy/include/rclcpp/rclcpp.hpp:146[m[K,
[0.856s]                  from [01m[K/home/taka4/ros2_ws/src/adi_driver2/include/adi_driver2/adis16465_node.hpp:33[m[K,
[0.856s]                  from [01m[K/home/taka4/ros2_ws/src/adi_driver2/src/adis16465_node.cpp:40[m[K:
[0.856s] [01m[K/home/taka4/ros2_ws/src/adi_driver2/src/adis16465_node.cpp:163:22:[m[K [01;31m[Kerror: [m[K‘[01m[Kthis[m[K’ was not captured for this lambda function
[0.856s]   163 |         RCLCPP_ERROR([01;31m[Kthis[m[K->get_logger(), "Cannot update");
[0.856s]       |                      [01;31m[K^~~~[m[K
[0.856s] [01m[K/home/taka4/ros2_ws/src/adi_driver2/src/adis16465_node.cpp:163:22:[m[K [01;31m[Kerror: [m[K‘[01m[Kthis[m[K’ was not captured for this lambda function
[0.856s]   163 |         RCLCPP_ERROR([01;31m[Kthis[m[K->get_logger(), "Cannot update");
[0.856s]       |                      [01;31m[K^~~~[m[K
[0.856s] [01m[K/home/taka4/ros2_ws/src/adi_driver2/src/adis16465_node.cpp:166:11:[m[K [01;31m[Kerror: [m[K‘[01m[Kimu[m[K’ was not declared in this scope
[0.856s]   166 |       if ([01;31m[Kimu[m[K.update_burst() == 0) {
[0.856s]       |           [01;31m[K^~~[m[K
[0.856s] [01m[K/home/taka4/ros2_ws/src/adi_driver2/src/adis16465_node.cpp:167:9:[m[K [01;31m[Kerror: [m[K‘[01m[Kpublish_imu_data[m[K’ was not declared in this scope
[0.856s]   167 |         [01;31m[Kpublish_imu_data[m[K();
[0.856s]       |         [01;31m[K^~~~~~~~~~~~~~~~[m[K
[0.856s] In file included from [01m[K/opt/ros/foxy/include/rclcpp/service.hpp:34[m[K,
[0.856s]                  from [01m[K/opt/ros/foxy/include/rclcpp/callback_group.hpp:25[m[K,
[0.856s]                  from [01m[K/opt/ros/foxy/include/rclcpp/any_executable.hpp:20[m[K,
[0.856s]                  from [01m[K/opt/ros/foxy/include/rclcpp/memory_strategy.hpp:24[m[K,
[0.856s]                  from [01m[K/opt/ros/foxy/include/rclcpp/memory_strategies.hpp:18[m[K,
[0.856s]                  from [01m[K/opt/ros/foxy/include/rclcpp/executor_options.hpp:20[m[K,
[0.856s]                  from [01m[K/opt/ros/foxy/include/rclcpp/executor.hpp:33[m[K,
[0.857s]                  from [01m[K/opt/ros/foxy/include/rclcpp/executors/multi_threaded_executor.hpp:26[m[K,
[0.857s]                  from [01m[K/opt/ros/foxy/include/rclcpp/executors.hpp:21[m[K,
[0.857s]                  from [01m[K/opt/ros/foxy/include/rclcpp/rclcpp.hpp:146[m[K,
[0.857s]                  from [01m[K/home/taka4/ros2_ws/src/adi_driver2/include/adi_driver2/adis16465_node.hpp:33[m[K,
[0.857s]                  from [01m[K/home/taka4/ros2_ws/src/adi_driver2/src/adis16465_node.cpp:40[m[K:
[0.857s] [01m[K/home/taka4/ros2_ws/src/adi_driver2/src/adis16465_node.cpp:168:21:[m[K [01;31m[Kerror: [m[Kinvalid use of ‘[01m[Kthis[m[K’ in non-member function
[0.857s]   168 |         RCLCPP_INFO([01;31m[Kthis[m[K->get_logger(), "publish imu/data_raw3");
[0.857s]       |                     [01;31m[K^~~~[m[K
[0.857s] [01m[K/home/taka4/ros2_ws/src/adi_driver2/src/adis16465_node.cpp:168:21:[m[K [01;31m[Kerror: [m[Kinvalid use of ‘[01m[Kthis[m[K’ in non-member function
[0.857s] [01m[K/home/taka4/ros2_ws/src/adi_driver2/src/adis16465_node.cpp:168:9:[m[K [01;31m[Kerror: [m[Ktemplate argument 1 is invalid
[0.857s]   168 |         [01;31m[KRCLCPP_INFO[m[K(this->get_logger(), "publish imu/data_raw3");
[0.857s]       |         [01;31m[K^~~~~~~~~~~[m[K
[0.857s] [01m[K/home/taka4/ros2_ws/src/adi_driver2/src/adis16465_node.cpp:168:9:[m[K [01;31m[Kerror: [m[Ktemplate argument 1 is invalid
[0.857s]   168 |         [01;31m[KRCLCPP_INFO[m[K(this->get_logger(), "publish imu/data_raw3");
[0.857s]       |         [01;31m[K^~~~~~~~~~~[m[K
[0.857s] [01m[K/home/taka4/ros2_ws/src/adi_driver2/src/adis16465_node.cpp:168:9:[m[K [01;31m[Kerror: [m[Ktemplate argument 1 is invalid
[0.857s]   168 |         [01;31m[KRCLCPP_INFO[m[K(this->get_logger(), "publish imu/data_raw3");
[0.857s]       |         [01;31m[K^~~~~~~~~~~[m[K
[0.857s] In file included from [01m[K/opt/ros/foxy/include/rclcpp/client.hpp:40[m[K,
[0.857s]                  from [01m[K/opt/ros/foxy/include/rclcpp/callback_group.hpp:23[m[K,
[0.857s]                  from [01m[K/opt/ros/foxy/include/rclcpp/any_executable.hpp:20[m[K,
[0.857s]                  from [01m[K/opt/ros/foxy/include/rclcpp/memory_strategy.hpp:24[m[K,
[0.857s]                  from [01m[K/opt/ros/foxy/include/rclcpp/memory_strategies.hpp:18[m[K,
[0.857s]                  from [01m[K/opt/ros/foxy/include/rclcpp/executor_options.hpp:20[m[K,
[0.857s]                  from [01m[K/opt/ros/foxy/include/rclcpp/executor.hpp:33[m[K,
[0.857s]                  from [01m[K/opt/ros/foxy/include/rclcpp/executors/multi_threaded_executor.hpp:26[m[K,
[0.857s]                  from [01m[K/opt/ros/foxy/include/rclcpp/executors.hpp:21[m[K,
[0.858s]                  from [01m[K/opt/ros/foxy/include/rclcpp/rclcpp.hpp:146[m[K,
[0.858s]                  from [01m[K/home/taka4/ros2_ws/src/adi_driver2/include/adi_driver2/adis16465_node.hpp:33[m[K,
[0.858s]                  from [01m[K/home/taka4/ros2_ws/src/adi_driver2/src/adis16465_node.cpp:40[m[K:
[0.858s] [01m[K/home/taka4/ros2_ws/src/adi_driver2/src/adis16465_node.cpp:168:21:[m[K [01;31m[Kerror: [m[K‘[01m[Kthis[m[K’ was not captured for this lambda function
[0.858s]   168 |         RCLCPP_INFO([01;31m[Kthis[m[K->get_logger(), "publish imu/data_raw3");
[0.858s]       |                     [01;31m[K^~~~[m[K
[0.858s] [01m[K/home/taka4/ros2_ws/src/adi_driver2/src/adis16465_node.cpp:168:21:[m[K [01;31m[Kerror: [m[K‘[01m[Kthis[m[K’ was not captured for this lambda function
[0.858s]   168 |         RCLCPP_INFO([01;31m[Kthis[m[K->get_logger(), "publish imu/data_raw3");
[0.858s]       |                     [01;31m[K^~~~[m[K
[0.858s] [01m[K/home/taka4/ros2_ws/src/adi_driver2/src/adis16465_node.cpp:169:9:[m[K [01;31m[Kerror: [m[K‘[01m[Kpublish_temp_data[m[K’ was not declared in this scope
[0.858s]   169 |         [01;31m[Kpublish_temp_data[m[K();
[0.858s]       |         [01;31m[K^~~~~~~~~~~~~~~~~[m[K
[0.858s] In file included from [01m[K/opt/ros/foxy/include/rclcpp/service.hpp:34[m[K,
[0.858s]                  from [01m[K/opt/ros/foxy/include/rclcpp/callback_group.hpp:25[m[K,
[0.858s]                  from [01m[K/opt/ros/foxy/include/rclcpp/any_executable.hpp:20[m[K,
[0.858s]                  from [01m[K/opt/ros/foxy/include/rclcpp/memory_strategy.hpp:24[m[K,
[0.858s]                  from [01m[K/opt/ros/foxy/include/rclcpp/memory_strategies.hpp:18[m[K,
[0.858s]                  from [01m[K/opt/ros/foxy/include/rclcpp/executor_options.hpp:20[m[K,
[0.858s]                  from [01m[K/opt/ros/foxy/include/rclcpp/executor.hpp:33[m[K,
[0.858s]                  from [01m[K/opt/ros/foxy/include/rclcpp/executors/multi_threaded_executor.hpp:26[m[K,
[0.858s]                  from [01m[K/opt/ros/foxy/include/rclcpp/executors.hpp:21[m[K,
[0.858s]                  from [01m[K/opt/ros/foxy/include/rclcpp/rclcpp.hpp:146[m[K,
[0.859s]                  from [01m[K/home/taka4/ros2_ws/src/adi_driver2/include/adi_driver2/adis16465_node.hpp:33[m[K,
[0.859s]                  from [01m[K/home/taka4/ros2_ws/src/adi_driver2/src/adis16465_node.cpp:40[m[K:
[0.859s] [01m[K/home/taka4/ros2_ws/src/adi_driver2/src/adis16465_node.cpp:171:22:[m[K [01;31m[Kerror: [m[Kinvalid use of ‘[01m[Kthis[m[K’ in non-member function
[0.859s]   171 |         RCLCPP_ERROR([01;31m[Kthis[m[K->get_logger(), "Cannot update burst");
[0.859s]       |                      [01;31m[K^~~~[m[K
[0.859s] [01m[K/home/taka4/ros2_ws/src/adi_driver2/src/adis16465_node.cpp:171:22:[m[K [01;31m[Kerror: [m[Kinvalid use of ‘[01m[Kthis[m[K’ in non-member function
[0.859s] [01m[K/home/taka4/ros2_ws/src/adi_driver2/src/adis16465_node.cpp:171:9:[m[K [01;31m[Kerror: [m[Ktemplate argument 1 is invalid
[0.859s]   171 |         [01;31m[KRCLCPP_ERROR[m[K(this->get_logger(), "Cannot update burst");
[0.859s]       |         [01;31m[K^~~~~~~~~~~~[m[K
[0.859s] [01m[K/home/taka4/ros2_ws/src/adi_driver2/src/adis16465_node.cpp:171:9:[m[K [01;31m[Kerror: [m[Ktemplate argument 1 is invalid
[0.859s]   171 |         [01;31m[KRCLCPP_ERROR[m[K(this->get_logger(), "Cannot update burst");
[0.859s]       |         [01;31m[K^~~~~~~~~~~~[m[K
[0.859s] [01m[K/home/taka4/ros2_ws/src/adi_driver2/src/adis16465_node.cpp:171:9:[m[K [01;31m[Kerror: [m[Ktemplate argument 1 is invalid
[0.859s]   171 |         [01;31m[KRCLCPP_ERROR[m[K(this->get_logger(), "Cannot update burst");
[0.859s]       |         [01;31m[K^~~~~~~~~~~~[m[K
[0.859s] In file included from [01m[K/opt/ros/foxy/include/rclcpp/client.hpp:40[m[K,
[0.860s]                  from [01m[K/opt/ros/foxy/include/rclcpp/callback_group.hpp:23[m[K,
[0.860s]                  from [01m[K/opt/ros/foxy/include/rclcpp/any_executable.hpp:20[m[K,
[0.860s]                  from [01m[K/opt/ros/foxy/include/rclcpp/memory_strategy.hpp:24[m[K,
[0.860s]                  from [01m[K/opt/ros/foxy/include/rclcpp/memory_strategies.hpp:18[m[K,
[0.860s]                  from [01m[K/opt/ros/foxy/include/rclcpp/executor_options.hpp:20[m[K,
[0.860s]                  from [01m[K/opt/ros/foxy/include/rclcpp/executor.hpp:33[m[K,
[0.860s]                  from [01m[K/opt/ros/foxy/include/rclcpp/executors/multi_threaded_executor.hpp:26[m[K,
[0.860s]                  from [01m[K/opt/ros/foxy/include/rclcpp/executors.hpp:21[m[K,
[0.860s]                  from [01m[K/opt/ros/foxy/include/rclcpp/rclcpp.hpp:146[m[K,
[0.860s]                  from [01m[K/home/taka4/ros2_ws/src/adi_driver2/include/adi_driver2/adis16465_node.hpp:33[m[K,
[0.860s]                  from [01m[K/home/taka4/ros2_ws/src/adi_driver2/src/adis16465_node.cpp:40[m[K:
[0.860s] [01m[K/home/taka4/ros2_ws/src/adi_driver2/src/adis16465_node.cpp:171:22:[m[K [01;31m[Kerror: [m[K‘[01m[Kthis[m[K’ was not captured for this lambda function
[0.860s]   171 |         RCLCPP_ERROR([01;31m[Kthis[m[K->get_logger(), "Cannot update burst");
[0.860s]       |                      [01;31m[K^~~~[m[K
[0.860s] [01m[K/home/taka4/ros2_ws/src/adi_driver2/src/adis16465_node.cpp:171:22:[m[K [01;31m[Kerror: [m[K‘[01m[Kthis[m[K’ was not captured for this lambda function
[0.860s]   171 |         RCLCPP_ERROR([01;31m[Kthis[m[K->get_logger(), "Cannot update burst");
[0.860s]       |                      [01;31m[K^~~~[m[K
[0.860s] [01m[K/home/taka4/ros2_ws/src/adi_driver2/src/adis16465_node.cpp:174:11:[m[K [01;31m[Kerror: [m[K‘[01m[Kimu[m[K’ was not declared in this scope
[0.860s]   174 |       if ([01;31m[Kimu[m[K.update() == 0) {
[0.860s]       |           [01;31m[K^~~[m[K
[0.860s] [01m[K/home/taka4/ros2_ws/src/adi_driver2/src/adis16465_node.cpp:175:9:[m[K [01;31m[Kerror: [m[K‘[01m[Kpublish_imu_data[m[K’ was not declared in this scope
[0.860s]   175 |         [01;31m[Kpublish_imu_data[m[K();
[0.860s]       |         [01;31m[K^~~~~~~~~~~~~~~~[m[K
[0.860s] In file included from [01m[K/opt/ros/foxy/include/rclcpp/service.hpp:34[m[K,
[0.860s]                  from [01m[K/opt/ros/foxy/include/rclcpp/callback_group.hpp:25[m[K,
[0.861s]                  from [01m[K/opt/ros/foxy/include/rclcpp/any_executable.hpp:20[m[K,
[0.861s]                  from [01m[K/opt/ros/foxy/include/rclcpp/memory_strategy.hpp:24[m[K,
[0.861s]                  from [01m[K/opt/ros/foxy/include/rclcpp/memory_strategies.hpp:18[m[K,
[0.861s]                  from [01m[K/opt/ros/foxy/include/rclcpp/executor_options.hpp:20[m[K,
[0.861s]                  from [01m[K/opt/ros/foxy/include/rclcpp/executor.hpp:33[m[K,
[0.861s]                  from [01m[K/opt/ros/foxy/include/rclcpp/executors/multi_threaded_executor.hpp:26[m[K,
[0.861s]                  from [01m[K/opt/ros/foxy/include/rclcpp/executors.hpp:21[m[K,
[0.861s]                  from [01m[K/opt/ros/foxy/include/rclcpp/rclcpp.hpp:146[m[K,
[0.861s]                  from [01m[K/home/taka4/ros2_ws/src/adi_driver2/include/adi_driver2/adis16465_node.hpp:33[m[K,
[0.861s]                  from [01m[K/home/taka4/ros2_ws/src/adi_driver2/src/adis16465_node.cpp:40[m[K:
[0.861s] [01m[K/home/taka4/ros2_ws/src/adi_driver2/src/adis16465_node.cpp:176:21:[m[K [01;31m[Kerror: [m[Kinvalid use of ‘[01m[Kthis[m[K’ in non-member function
[0.861s]   176 |         RCLCPP_INFO([01;31m[Kthis[m[K->get_logger(), "publish imu/data_raw4");
[0.861s]       |                     [01;31m[K^~~~[m[K
[0.861s] [01m[K/home/taka4/ros2_ws/src/adi_driver2/src/adis16465_node.cpp:176:21:[m[K [01;31m[Kerror: [m[Kinvalid use of ‘[01m[Kthis[m[K’ in non-member function
[0.861s] [01m[K/home/taka4/ros2_ws/src/adi_driver2/src/adis16465_node.cpp:176:9:[m[K [01;31m[Kerror: [m[Ktemplate argument 1 is invalid
[0.861s]   176 |         [01;31m[KRCLCPP_INFO[m[K(this->get_logger(), "publish imu/data_raw4");
[0.861s]       |         [01;31m[K^~~~~~~~~~~[m[K
[0.861s] [01m[K/home/taka4/ros2_ws/src/adi_driver2/src/adis16465_node.cpp:176:9:[m[K [01;31m[Kerror: [m[Ktemplate argument 1 is invalid
[0.861s]   176 |         [01;31m[KRCLCPP_INFO[m[K(this->get_logger(), "publish imu/data_raw4");
[0.861s]       |         [01;31m[K^~~~~~~~~~~[m[K
[0.861s] [01m[K/home/taka4/ros2_ws/src/adi_driver2/src/adis16465_node.cpp:176:9:[m[K [01;31m[Kerror: [m[Ktemplate argument 1 is invalid
[0.861s]   176 |         [01;31m[KRCLCPP_INFO[m[K(this->get_logger(), "publish imu/data_raw4");
[0.861s]       |         [01;31m[K^~~~~~~~~~~[m[K
[0.861s] In file included from [01m[K/opt/ros/foxy/include/rclcpp/client.hpp:40[m[K,
[0.861s]                  from [01m[K/opt/ros/foxy/include/rclcpp/callback_group.hpp:23[m[K,
[0.861s]                  from [01m[K/opt/ros/foxy/include/rclcpp/any_executable.hpp:20[m[K,
[0.861s]                  from [01m[K/opt/ros/foxy/include/rclcpp/memory_strategy.hpp:24[m[K,
[0.861s]                  from [01m[K/opt/ros/foxy/include/rclcpp/memory_strategies.hpp:18[m[K,
[0.861s]                  from [01m[K/opt/ros/foxy/include/rclcpp/executor_options.hpp:20[m[K,
[0.861s]                  from [01m[K/opt/ros/foxy/include/rclcpp/executor.hpp:33[m[K,
[0.861s]                  from [01m[K/opt/ros/foxy/include/rclcpp/executors/multi_threaded_executor.hpp:26[m[K,
[0.861s]                  from [01m[K/opt/ros/foxy/include/rclcpp/executors.hpp:21[m[K,
[0.861s]                  from [01m[K/opt/ros/foxy/include/rclcpp/rclcpp.hpp:146[m[K,
[0.861s]                  from [01m[K/home/taka4/ros2_ws/src/adi_driver2/include/adi_driver2/adis16465_node.hpp:33[m[K,
[0.861s]                  from [01m[K/home/taka4/ros2_ws/src/adi_driver2/src/adis16465_node.cpp:40[m[K:
[0.862s] [01m[K/home/taka4/ros2_ws/src/adi_driver2/src/adis16465_node.cpp:176:21:[m[K [01;31m[Kerror: [m[K‘[01m[Kthis[m[K’ was not captured for this lambda function
[0.862s]   176 |         RCLCPP_INFO([01;31m[Kthis[m[K->get_logger(), "publish imu/data_raw4");
[0.862s]       |                     [01;31m[K^~~~[m[K
[0.862s] [01m[K/home/taka4/ros2_ws/src/adi_driver2/src/adis16465_node.cpp:176:21:[m[K [01;31m[Kerror: [m[K‘[01m[Kthis[m[K’ was not captured for this lambda function
[0.862s]   176 |         RCLCPP_INFO([01;31m[Kthis[m[K->get_logger(), "publish imu/data_raw4");
[0.862s]       |                     [01;31m[K^~~~[m[K
[0.862s] In file included from [01m[K/opt/ros/foxy/include/rclcpp/service.hpp:34[m[K,
[0.862s]                  from [01m[K/opt/ros/foxy/include/rclcpp/callback_group.hpp:25[m[K,
[0.862s]                  from [01m[K/opt/ros/foxy/include/rclcpp/any_executable.hpp:20[m[K,
[0.862s]                  from [01m[K/opt/ros/foxy/include/rclcpp/memory_strategy.hpp:24[m[K,
[0.862s]                  from [01m[K/opt/ros/foxy/include/rclcpp/memory_strategies.hpp:18[m[K,
[0.862s]                  from [01m[K/opt/ros/foxy/include/rclcpp/executor_options.hpp:20[m[K,
[0.862s]                  from [01m[K/opt/ros/foxy/include/rclcpp/executor.hpp:33[m[K,
[0.862s]                  from [01m[K/opt/ros/foxy/include/rclcpp/executors/multi_threaded_executor.hpp:26[m[K,
[0.862s]                  from [01m[K/opt/ros/foxy/include/rclcpp/executors.hpp:21[m[K,
[0.862s]                  from [01m[K/opt/ros/foxy/include/rclcpp/rclcpp.hpp:146[m[K,
[0.862s]                  from [01m[K/home/taka4/ros2_ws/src/adi_driver2/include/adi_driver2/adis16465_node.hpp:33[m[K,
[0.862s]                  from [01m[K/home/taka4/ros2_ws/src/adi_driver2/src/adis16465_node.cpp:40[m[K:
[0.862s] [01m[K/home/taka4/ros2_ws/src/adi_driver2/src/adis16465_node.cpp:178:22:[m[K [01;31m[Kerror: [m[Kinvalid use of ‘[01m[Kthis[m[K’ in non-member function
[0.862s]   178 |         RCLCPP_ERROR([01;31m[Kthis[m[K->get_logger(), "Cannot update");
[0.862s]       |                      [01;31m[K^~~~[m[K
[0.862s] [01m[K/home/taka4/ros2_ws/src/adi_driver2/src/adis16465_node.cpp:178:22:[m[K [01;31m[Kerror: [m[Kinvalid use of ‘[01m[Kthis[m[K’ in non-member function
[0.862s] [01m[K/home/taka4/ros2_ws/src/adi_driver2/src/adis16465_node.cpp:178:9:[m[K [01;31m[Kerror: [m[Ktemplate argument 1 is invalid
[0.862s]   178 |         [01;31m[KRCLCPP_ERROR[m[K(this->get_logger(), "Cannot update");
[0.862s]       |         [01;31m[K^~~~~~~~~~~~[m[K
[0.862s] [01m[K/home/taka4/ros2_ws/src/adi_driver2/src/adis16465_node.cpp:178:9:[m[K [01;31m[Kerror: [m[Ktemplate argument 1 is invalid
[0.862s]   178 |         [01;31m[KRCLCPP_ERROR[m[K(this->get_logger(), "Cannot update");
[0.862s]       |         [01;31m[K^~~~~~~~~~~~[m[K
[0.862s] [01m[K/home/taka4/ros2_ws/src/adi_driver2/src/adis16465_node.cpp:178:9:[m[K [01;31m[Kerror: [m[Ktemplate argument 1 is invalid
[0.862s]   178 |         [01;31m[KRCLCPP_ERROR[m[K(this->get_logger(), "Cannot update");
[0.862s]       |         [01;31m[K^~~~~~~~~~~~[m[K
[0.862s] In file included from [01m[K/opt/ros/foxy/include/rclcpp/client.hpp:40[m[K,
[0.862s]                  from [01m[K/opt/ros/foxy/include/rclcpp/callback_group.hpp:23[m[K,
[0.862s]                  from [01m[K/opt/ros/foxy/include/rclcpp/any_executable.hpp:20[m[K,
[0.862s]                  from [01m[K/opt/ros/foxy/include/rclcpp/memory_strategy.hpp:24[m[K,
[0.863s]                  from [01m[K/opt/ros/foxy/include/rclcpp/memory_strategies.hpp:18[m[K,
[0.863s]                  from [01m[K/opt/ros/foxy/include/rclcpp/executor_options.hpp:20[m[K,
[0.863s]                  from [01m[K/opt/ros/foxy/include/rclcpp/executor.hpp:33[m[K,
[0.863s]                  from [01m[K/opt/ros/foxy/include/rclcpp/executors/multi_threaded_executor.hpp:26[m[K,
[0.863s]                  from [01m[K/opt/ros/foxy/include/rclcpp/executors.hpp:21[m[K,
[0.863s]                  from [01m[K/opt/ros/foxy/include/rclcpp/rclcpp.hpp:146[m[K,
[0.863s]                  from [01m[K/home/taka4/ros2_ws/src/adi_driver2/include/adi_driver2/adis16465_node.hpp:33[m[K,
[0.863s]                  from [01m[K/home/taka4/ros2_ws/src/adi_driver2/src/adis16465_node.cpp:40[m[K:
[0.863s] [01m[K/home/taka4/ros2_ws/src/adi_driver2/src/adis16465_node.cpp:178:22:[m[K [01;31m[Kerror: [m[K‘[01m[Kthis[m[K’ was not captured for this lambda function
[0.863s]   178 |         RCLCPP_ERROR([01;31m[Kthis[m[K->get_logger(), "Cannot update");
[0.863s]       |                      [01;31m[K^~~~[m[K
[0.863s] [01m[K/home/taka4/ros2_ws/src/adi_driver2/src/adis16465_node.cpp:178:22:[m[K [01;31m[Kerror: [m[K‘[01m[Kthis[m[K’ was not captured for this lambda function
[0.863s]   178 |         RCLCPP_ERROR([01;31m[Kthis[m[K->get_logger(), "Cannot update");
[0.863s]       |                      [01;31m[K^~~~[m[K
[0.863s] In file included from [01m[K/opt/ros/foxy/include/rclcpp/service.hpp:34[m[K,
[0.863s]                  from [01m[K/opt/ros/foxy/include/rclcpp/callback_group.hpp:25[m[K,
[0.863s]                  from [01m[K/opt/ros/foxy/include/rclcpp/any_executable.hpp:20[m[K,
[0.863s]                  from [01m[K/opt/ros/foxy/include/rclcpp/memory_strategy.hpp:24[m[K,
[0.863s]                  from [01m[K/opt/ros/foxy/include/rclcpp/memory_strategies.hpp:18[m[K,
[0.863s]                  from [01m[K/opt/ros/foxy/include/rclcpp/executor_options.hpp:20[m[K,
[0.863s]                  from [01m[K/opt/ros/foxy/include/rclcpp/executor.hpp:33[m[K,
[0.863s]                  from [01m[K/opt/ros/foxy/include/rclcpp/executors/multi_threaded_executor.hpp:26[m[K,
[0.863s]                  from [01m[K/opt/ros/foxy/include/rclcpp/executors.hpp:21[m[K,
[0.863s]                  from [01m[K/opt/ros/foxy/include/rclcpp/rclcpp.hpp:146[m[K,
[0.863s]                  from [01m[K/home/taka4/ros2_ws/src/adi_driver2/include/adi_driver2/adis16465_node.hpp:33[m[K,
[0.863s]                  from [01m[K/home/taka4/ros2_ws/src/adi_driver2/src/adis16465_node.cpp:40[m[K:
[0.863s] [01m[K/home/taka4/ros2_ws/src/adi_driver2/src/adis16465_node.cpp:182:17:[m[K [01;31m[Kerror: [m[Kinvalid use of ‘[01m[Kthis[m[K’ in non-member function
[0.863s]   182 |     RCLCPP_INFO([01;31m[Kthis[m[K->get_logger(), "Cannot publish !! imu/data_raw5");
[0.864s]       |                 [01;31m[K^~~~[m[K
[0.864s] [01m[K/home/taka4/ros2_ws/src/adi_driver2/src/adis16465_node.cpp:182:17:[m[K [01;31m[Kerror: [m[Kinvalid use of ‘[01m[Kthis[m[K’ in non-member function
[0.864s] [01m[K/home/taka4/ros2_ws/src/adi_driver2/src/adis16465_node.cpp:182:5:[m[K [01;31m[Kerror: [m[Ktemplate argument 1 is invalid
[0.864s]   182 |     [01;31m[KRCLCPP_INFO[m[K(this->get_logger(), "Cannot publish !! imu/data_raw5");
[0.864s]       |     [01;31m[K^~~~~~~~~~~[m[K
[0.864s] [01m[K/home/taka4/ros2_ws/src/adi_driver2/src/adis16465_node.cpp:182:5:[m[K [01;31m[Kerror: [m[Ktemplate argument 1 is invalid
[0.864s]   182 |     [01;31m[KRCLCPP_INFO[m[K(this->get_logger(), "Cannot publish !! imu/data_raw5");
[0.864s]       |     [01;31m[K^~~~~~~~~~~[m[K
[0.864s] [01m[K/home/taka4/ros2_ws/src/adi_driver2/src/adis16465_node.cpp:182:5:[m[K [01;31m[Kerror: [m[Ktemplate argument 1 is invalid
[0.864s]   182 |     [01;31m[KRCLCPP_INFO[m[K(this->get_logger(), "Cannot publish !! imu/data_raw5");
[0.864s]       |     [01;31m[K^~~~~~~~~~~[m[K
[0.864s] In file included from [01m[K/opt/ros/foxy/include/rclcpp/client.hpp:40[m[K,
[0.864s]                  from [01m[K/opt/ros/foxy/include/rclcpp/callback_group.hpp:23[m[K,
[0.864s]                  from [01m[K/opt/ros/foxy/include/rclcpp/any_executable.hpp:20[m[K,
[0.864s]                  from [01m[K/opt/ros/foxy/include/rclcpp/memory_strategy.hpp:24[m[K,
[0.864s]                  from [01m[K/opt/ros/foxy/include/rclcpp/memory_strategies.hpp:18[m[K,
[0.864s]                  from [01m[K/opt/ros/foxy/include/rclcpp/executor_options.hpp:20[m[K,
[0.864s]                  from [01m[K/opt/ros/foxy/include/rclcpp/executor.hpp:33[m[K,
[0.864s]                  from [01m[K/opt/ros/foxy/include/rclcpp/executors/multi_threaded_executor.hpp:26[m[K,
[0.864s]                  from [01m[K/opt/ros/foxy/include/rclcpp/executors.hpp:21[m[K,
[0.864s]                  from [01m[K/opt/ros/foxy/include/rclcpp/rclcpp.hpp:146[m[K,
[0.864s]                  from [01m[K/home/taka4/ros2_ws/src/adi_driver2/include/adi_driver2/adis16465_node.hpp:33[m[K,
[0.864s]                  from [01m[K/home/taka4/ros2_ws/src/adi_driver2/src/adis16465_node.cpp:40[m[K:
[0.864s] [01m[K/home/taka4/ros2_ws/src/adi_driver2/src/adis16465_node.cpp:182:17:[m[K [01;31m[Kerror: [m[K‘[01m[Kthis[m[K’ was not captured for this lambda function
[0.864s]   182 |     RCLCPP_INFO([01;31m[Kthis[m[K->get_logger(), "Cannot publish !! imu/data_raw5");
[0.864s]       |                 [01;31m[K^~~~[m[K
[0.864s] [01m[K/home/taka4/ros2_ws/src/adi_driver2/src/adis16465_node.cpp:182:17:[m[K [01;31m[Kerror: [m[K‘[01m[Kthis[m[K’ was not captured for this lambda function
[0.864s]   182 |     RCLCPP_INFO([01;31m[Kthis[m[K->get_logger(), "Cannot publish !! imu/data_raw5");
[0.864s]       |                 [01;31m[K^~~~[m[K
[0.864s] [01m[K/home/taka4/ros2_ws/src/adi_driver2/src/adis16465_node.cpp:[m[K In function ‘[01m[Kbool adi_driver2::loop()[m[K’:
[0.864s] [01m[K/home/taka4/ros2_ws/src/adi_driver2/src/adis16465_node.cpp:148:17:[m[K [01;31m[Kerror: [m[K‘[01m[Kcreate_wall_timer[m[K’ was not declared in this scope; did you mean ‘[01m[Krclcpp::create_wall_timer[m[K’?
[0.864s]   148 |   loop_timer_ = [01;31m[Kcreate_wall_timer[m[K(1s, [this]() {
[0.864s]       |                 [01;31m[K^~~~~~~~~~~~~~~~~[m[K
[0.864s]       |                 [32m[Krclcpp::create_wall_timer[m[K
[0.864s] In file included from [01m[K/opt/ros/foxy/include/rclcpp/node_impl.hpp:41[m[K,
[0.865s]                  from [01m[K/opt/ros/foxy/include/rclcpp/node.hpp:1224[m[K,
[0.865s]                  from [01m[K/opt/ros/foxy/include/rclcpp/executors/single_threaded_executor.hpp:28[m[K,
[0.865s]                  from [01m[K/opt/ros/foxy/include/rclcpp/executors.hpp:22[m[K,
[0.865s]                  from [01m[K/opt/ros/foxy/include/rclcpp/rclcpp.hpp:146[m[K,
[0.865s]                  from [01m[K/home/taka4/ros2_ws/src/adi_driver2/include/adi_driver2/adis16465_node.hpp:33[m[K,
[0.865s]                  from [01m[K/home/taka4/ros2_ws/src/adi_driver2/src/adis16465_node.cpp:40[m[K:
[0.865s] [01m[K/opt/ros/foxy/include/rclcpp/create_timer.hpp:90:1:[m[K [01;36m[Knote: [m[K‘[01m[Krclcpp::create_wall_timer[m[K’ declared here
[0.865s]    90 | [01;36m[Kcreate_wall_timer[m[K(
[0.865s]       | [01;36m[K^~~~~~~~~~~~~~~~~[m[K
[0.865s] [01m[K/home/taka4/ros2_ws/src/adi_driver2/src/adis16465_node.cpp:[m[K In function ‘[01m[Kint main(int, char**)[m[K’:
[0.865s] [01m[K/home/taka4/ros2_ws/src/adi_driver2/src/adis16465_node.cpp:193:8:[m[K [01;31m[Kerror: [m[K‘[01m[Kclass rclcpp::executors::MultiThreadedExecutor[m[K’ has no member named ‘[01m[Kloop[m[K’
[0.865s]   193 |   exec.[01;31m[Kloop[m[K();
[0.865s]       |        [01;31m[K^~~~[m[K
[1.436s] make[2]: *** [CMakeFiles/adis16465.dir/build.make:76: CMakeFiles/adis16465.dir/src/adis16465_node.cpp.o] エラー 1
[1.436s] make[1]: *** [CMakeFiles/Makefile2:78: CMakeFiles/adis16465.dir/all] エラー 2
[1.436s] make: *** [Makefile:141: all] エラー 2
[1.438s] Invoked command in '/home/taka4/ros2_ws/src/adi_driver2/build/adi_driver2' returned '2': CMAKE_PREFIX_PATH=${CMAKE_PREFIX_PATH}:/opt/ros/foxy /usr/bin/cmake --build /home/taka4/ros2_ws/src/adi_driver2/build/adi_driver2 -- -j16 -l16
