[0.011s] Invoking command in '/home/taka4/ros2_ws/src/adi_driver2/build/adi_driver2': CMAKE_PREFIX_PATH=${CMAKE_PREFIX_PATH}:/opt/ros/foxy /usr/bin/cmake --build /home/taka4/ros2_ws/src/adi_driver2/build/adi_driver2 -- -j16 -l16
[0.037s] [35m[1mScanning dependencies of target adis16465[0m
[0.054s] [ 33%] [32mBuilding CXX object CMakeFiles/adis16465.dir/src/adis16465_node.cpp.o[0m
[0.785s] [01m[K/home/taka4/ros2_ws/src/adi_driver2/src/adis16465_node.cpp:[m[K In member function ‘[01m[Kbool adi_driver2::ImuNode::open()[m[K’:
[0.785s] [01m[K/home/taka4/ros2_ws/src/adi_driver2/src/adis16465_node.cpp:104:1:[m[K [01;35m[Kwarning: [m[Kno return statement in function returning non-void [[01;35m[K-Wreturn-type[m[K]
[0.786s]   104 | [01;35m[K}[m[K
[0.786s]       | [01;35m[K^[m[K
[0.789s] [01m[K/home/taka4/ros2_ws/src/adi_driver2/src/adis16465_node.cpp:[m[K In member function ‘[01m[Kint adi_driver2::ImuNode::publish_imu_data()[m[K’:
[0.790s] [01m[K/home/taka4/ros2_ws/src/adi_driver2/src/adis16465_node.cpp:129:1:[m[K [01;35m[Kwarning: [m[Kno return statement in function returning non-void [[01;35m[K-Wreturn-type[m[K]
[0.790s]   129 | [01;35m[K}[m[K
[0.790s]       | [01;35m[K^[m[K
[0.793s] [01m[K/home/taka4/ros2_ws/src/adi_driver2/src/adis16465_node.cpp:[m[K In member function ‘[01m[Kint adi_driver2::ImuNode::publish_temp_data()[m[K’:
[0.793s] [01m[K/home/taka4/ros2_ws/src/adi_driver2/src/adis16465_node.cpp:140:1:[m[K [01;35m[Kwarning: [m[Kno return statement in function returning non-void [[01;35m[K-Wreturn-type[m[K]
[0.793s]   140 | [01;35m[K}[m[K
[0.793s]       | [01;35m[K^[m[K
[2.819s] [ 66%] [32m[1mLinking CXX executable adis16465[0m
[2.898s] [100%] Built target adis16465
[2.906s] Invoked command in '/home/taka4/ros2_ws/src/adi_driver2/build/adi_driver2' returned '0': CMAKE_PREFIX_PATH=${CMAKE_PREFIX_PATH}:/opt/ros/foxy /usr/bin/cmake --build /home/taka4/ros2_ws/src/adi_driver2/build/adi_driver2 -- -j16 -l16
[2.929s] Invoking command in '/home/taka4/ros2_ws/src/adi_driver2/build/adi_driver2': CMAKE_PREFIX_PATH=${CMAKE_PREFIX_PATH}:/opt/ros/foxy /usr/bin/cmake --install /home/taka4/ros2_ws/src/adi_driver2/build/adi_driver2
[2.934s] -- Install configuration: ""
[2.934s] -- Up-to-date: /home/taka4/ros2_ws/src/adi_driver2/install/adi_driver2/include
[2.934s] -- Up-to-date: /home/taka4/ros2_ws/src/adi_driver2/install/adi_driver2/include/adi_driver2
[2.934s] -- Up-to-date: /home/taka4/ros2_ws/src/adi_driver2/install/adi_driver2/include/adi_driver2/adis16465.h
[2.934s] -- Up-to-date: /home/taka4/ros2_ws/src/adi_driver2/install/adi_driver2/include/adi_driver2/adis16465_node.hpp
[2.935s] -- Up-to-date: /home/taka4/ros2_ws/src/adi_driver2/install/adi_driver2/include/adi_driver2/adis16470_node.hpp
[2.935s] -- Up-to-date: /home/taka4/ros2_ws/src/adi_driver2/install/adi_driver2/include/adi_driver2/adis16470.h
[2.935s] -- Installing: /home/taka4/ros2_ws/src/adi_driver2/install/adi_driver2/lib/adi_driver2/adis16465
[2.935s] -- Set runtime path of "/home/taka4/ros2_ws/src/adi_driver2/install/adi_driver2/lib/adi_driver2/adis16465" to ""
[2.935s] -- Up-to-date: /home/taka4/ros2_ws/src/adi_driver2/install/adi_driver2/share/adi_driver2/launch
[2.935s] -- Up-to-date: /home/taka4/ros2_ws/src/adi_driver2/install/adi_driver2/share/adi_driver2/launch/adis16465.launch
[2.935s] -- Installing: /home/taka4/ros2_ws/src/adi_driver2/install/adi_driver2/share/adi_driver2/launch/adis16465.launch.py
[2.935s] -- Up-to-date: /home/taka4/ros2_ws/src/adi_driver2/install/adi_driver2/share/adi_driver2/launch/adis16470.launch
[2.935s] -- Up-to-date: /home/taka4/ros2_ws/src/adi_driver2/install/adi_driver2/share/adi_driver2/launch/imu.rviz
[2.935s] -- Up-to-date: /home/taka4/ros2_ws/src/adi_driver2/install/adi_driver2/share/adi_driver2/urdf
[2.935s] -- Installing: /home/taka4/ros2_ws/src/adi_driver2/install/adi_driver2/share/adi_driver2/urdf/orne_gamma.urdf.xacro
[2.935s] -- Up-to-date: /home/taka4/ros2_ws/src/adi_driver2/install/adi_driver2/share/adi_driver2/urdf/adis16470_breakout.urdf
[2.936s] -- Up-to-date: /home/taka4/ros2_ws/src/adi_driver2/install/adi_driver2/share/adi_driver2/urdf/adis16465_breakout.urdf
[2.936s] -- Up-to-date: /home/taka4/ros2_ws/src/adi_driver2/install/adi_driver2/share/ament_index/resource_index/package_run_dependencies/adi_driver2
[2.936s] -- Up-to-date: /home/taka4/ros2_ws/src/adi_driver2/install/adi_driver2/share/ament_index/resource_index/parent_prefix_path/adi_driver2
[2.936s] -- Up-to-date: /home/taka4/ros2_ws/src/adi_driver2/install/adi_driver2/share/adi_driver2/environment/ament_prefix_path.sh
[2.936s] -- Up-to-date: /home/taka4/ros2_ws/src/adi_driver2/install/adi_driver2/share/adi_driver2/environment/ament_prefix_path.dsv
[2.936s] -- Up-to-date: /home/taka4/ros2_ws/src/adi_driver2/install/adi_driver2/share/adi_driver2/environment/path.sh
[2.936s] -- Up-to-date: /home/taka4/ros2_ws/src/adi_driver2/install/adi_driver2/share/adi_driver2/environment/path.dsv
[2.936s] -- Up-to-date: /home/taka4/ros2_ws/src/adi_driver2/install/adi_driver2/share/adi_driver2/local_setup.bash
[2.936s] -- Up-to-date: /home/taka4/ros2_ws/src/adi_driver2/install/adi_driver2/share/adi_driver2/local_setup.sh
[2.936s] -- Up-to-date: /home/taka4/ros2_ws/src/adi_driver2/install/adi_driver2/share/adi_driver2/local_setup.zsh
[2.936s] -- Up-to-date: /home/taka4/ros2_ws/src/adi_driver2/install/adi_driver2/share/adi_driver2/local_setup.dsv
[2.936s] -- Installing: /home/taka4/ros2_ws/src/adi_driver2/install/adi_driver2/share/adi_driver2/package.dsv
[2.936s] -- Up-to-date: /home/taka4/ros2_ws/src/adi_driver2/install/adi_driver2/share/ament_index/resource_index/packages/adi_driver2
[2.936s] -- Up-to-date: /home/taka4/ros2_ws/src/adi_driver2/install/adi_driver2/share/adi_driver2/cmake/ament_cmake_export_dependencies-extras.cmake
[2.936s] -- Up-to-date: /home/taka4/ros2_ws/src/adi_driver2/install/adi_driver2/share/adi_driver2/cmake/ament_cmake_export_include_directories-extras.cmake
[2.936s] -- Up-to-date: /home/taka4/ros2_ws/src/adi_driver2/install/adi_driver2/share/adi_driver2/cmake/adi_driver2Config.cmake
[2.936s] -- Up-to-date: /home/taka4/ros2_ws/src/adi_driver2/install/adi_driver2/share/adi_driver2/cmake/adi_driver2Config-version.cmake
[2.936s] -- Up-to-date: /home/taka4/ros2_ws/src/adi_driver2/install/adi_driver2/share/adi_driver2/package.xml
[2.938s] Invoked command in '/home/taka4/ros2_ws/src/adi_driver2/build/adi_driver2' returned '0': CMAKE_PREFIX_PATH=${CMAKE_PREFIX_PATH}:/opt/ros/foxy /usr/bin/cmake --install /home/taka4/ros2_ws/src/adi_driver2/build/adi_driver2
