[0.010s] Invoking command in '/home/taka4/ros2_ws/src/adi_driver2/build/adi_driver2': CMAKE_PREFIX_PATH=${CMAKE_PREFIX_PATH}:/opt/ros/foxy /usr/bin/cmake --build /home/taka4/ros2_ws/src/adi_driver2/build/adi_driver2 -- -j16 -l16
[0.041s] [35m[1mScanning dependencies of target adis16465[0m
[0.055s] [ 33%] [32mBuilding CXX object CMakeFiles/adis16465.dir/src/adis16465.cpp.o[0m
[0.058s] [ 66%] [32mBuilding CXX object CMakeFiles/adis16465.dir/src/adis16465_node.cpp.o[0m
[0.146s] [01m[K/home/taka4/ros2_ws/src/adi_driver2/src/adis16465.cpp:[m[K In member function ‘[01m[Kint Adis16465::get_product_id(int16_t&)[m[K’:
[0.146s] [01m[K/home/taka4/ros2_ws/src/adi_driver2/src/adis16465.cpp:152:7:[m[K [01;35m[Kwarning: [m[Kunused variable ‘[01m[Kr[m[K’ [[01;35m[K-Wunused-variable[m[K]
[0.146s]   152 |   int [01;35m[Kr[m[K;
[0.146s]       |       [01;35m[K^[m[K
[0.146s] [01m[K/home/taka4/ros2_ws/src/adi_driver2/src/adis16465.cpp:[m[K In member function ‘[01m[Kint Adis16465::read_register(char, int16_t&)[m[K’:
[0.146s] [01m[K/home/taka4/ros2_ws/src/adi_driver2/src/adis16465.cpp:213:34:[m[K [01;35m[Kwarning: [m[Knarrowing conversion of ‘[01m[Kaddress[m[K’ from ‘[01m[Kchar[m[K’ to ‘[01m[Kunsigned char[m[K’ [[01;35m[K-Wnarrowing[m[K]
[0.146s]   213 |   unsigned char buff[3] = {0x61, [01;35m[Kaddress[m[K, 0x00};
[0.146s]       |                                  [01;35m[K^~~~~~~[m[K
[0.146s] [01m[K/home/taka4/ros2_ws/src/adi_driver2/src/adis16465.cpp:[m[K In member function ‘[01m[Kint Adis16465::set_bias_estimation_time(int16_t)[m[K’:
[0.147s] [01m[K/home/taka4/ros2_ws/src/adi_driver2/src/adis16465.cpp:376:11:[m[K [01;35m[Kwarning: [m[Kunused variable ‘[01m[Kdummy[m[K’ [[01;35m[K-Wunused-variable[m[K]
[0.147s]   376 |   int16_t [01;35m[Kdummy[m[K = 0;
[0.147s]       |           [01;35m[K^~~~~[m[K
[0.147s] [01m[K/home/taka4/ros2_ws/src/adi_driver2/src/adis16465.cpp:[m[K In member function ‘[01m[Kint Adis16465::bias_correction_update()[m[K’:
[0.147s] [01m[K/home/taka4/ros2_ws/src/adi_driver2/src/adis16465.cpp:392:1:[m[K [01;35m[Kwarning: [m[Kno return statement in function returning non-void [[01;35m[K-Wreturn-type[m[K]
[0.147s]   392 | [01;35m[K}[m[K
[0.147s]       | [01;35m[K^[m[K
[0.160s] [01m[K/home/taka4/ros2_ws/src/adi_driver2/src/adis16465.cpp:[m[K In member function ‘[01m[Kint Adis16465::read_register(char, int16_t&)[m[K’:
[0.160s] [01m[K/home/taka4/ros2_ws/src/adi_driver2/src/adis16465.cpp:230:8:[m[K [01;35m[Kwarning: [m[Kcontrol reaches end of non-void function [[01;35m[K-Wreturn-type[m[K]
[0.160s]   230 |   [01;35m[Kdata = big_endian_to_short(&buff[1])[m[K;
[0.160s]       |   [01;35m[K~~~~~^~~~~~~~~~~~~~~~~~~~~~~~~~~~~~~[m[K
[0.810s] [01m[K/home/taka4/ros2_ws/src/adi_driver2/src/adis16465_node.cpp:[m[K In member function ‘[01m[Kint adi_driver2::ImuNode::publish_imu_data()[m[K’:
[0.810s] [01m[K/home/taka4/ros2_ws/src/adi_driver2/src/adis16465_node.cpp:145:1:[m[K [01;35m[Kwarning: [m[Kno return statement in function returning non-void [[01;35m[K-Wreturn-type[m[K]
[0.810s]   145 | [01;35m[K}[m[K
[0.810s]       | [01;35m[K^[m[K
[0.814s] [01m[K/home/taka4/ros2_ws/src/adi_driver2/src/adis16465_node.cpp:[m[K In member function ‘[01m[Kint adi_driver2::ImuNode::publish_temp_data()[m[K’:
[0.814s] [01m[K/home/taka4/ros2_ws/src/adi_driver2/src/adis16465_node.cpp:157:1:[m[K [01;35m[Kwarning: [m[Kno return statement in function returning non-void [[01;35m[K-Wreturn-type[m[K]
[0.814s]   157 | [01;35m[K}[m[K
[0.814s]       | [01;35m[K^[m[K
[2.864s] [100%] [32m[1mLinking CXX executable adis16465[0m
[2.943s] [100%] Built target adis16465
[2.954s] Invoked command in '/home/taka4/ros2_ws/src/adi_driver2/build/adi_driver2' returned '0': CMAKE_PREFIX_PATH=${CMAKE_PREFIX_PATH}:/opt/ros/foxy /usr/bin/cmake --build /home/taka4/ros2_ws/src/adi_driver2/build/adi_driver2 -- -j16 -l16
[2.990s] Invoking command in '/home/taka4/ros2_ws/src/adi_driver2/build/adi_driver2': CMAKE_PREFIX_PATH=${CMAKE_PREFIX_PATH}:/opt/ros/foxy /usr/bin/cmake --install /home/taka4/ros2_ws/src/adi_driver2/build/adi_driver2
[2.998s] -- Install configuration: ""
[2.998s] -- Up-to-date: /home/taka4/ros2_ws/src/adi_driver2/install/adi_driver2/include
[2.998s] -- Up-to-date: /home/taka4/ros2_ws/src/adi_driver2/install/adi_driver2/include/adi_driver2
[2.998s] -- Up-to-date: /home/taka4/ros2_ws/src/adi_driver2/install/adi_driver2/include/adi_driver2/adis16465.h
[2.998s] -- Up-to-date: /home/taka4/ros2_ws/src/adi_driver2/install/adi_driver2/include/adi_driver2/adis16465_node.hpp
[2.998s] -- Up-to-date: /home/taka4/ros2_ws/src/adi_driver2/install/adi_driver2/include/adi_driver2/adis16470_node.hpp
[2.998s] -- Up-to-date: /home/taka4/ros2_ws/src/adi_driver2/install/adi_driver2/include/adi_driver2/adis16470.h
[2.998s] -- Installing: /home/taka4/ros2_ws/src/adi_driver2/install/adi_driver2/lib/adi_driver2/adis16465
[2.998s] -- Set runtime path of "/home/taka4/ros2_ws/src/adi_driver2/install/adi_driver2/lib/adi_driver2/adis16465" to ""
[2.999s] -- Up-to-date: /home/taka4/ros2_ws/src/adi_driver2/install/adi_driver2/share/adi_driver2/launch
[2.999s] -- Up-to-date: /home/taka4/ros2_ws/src/adi_driver2/install/adi_driver2/share/adi_driver2/launch/adis16465.launch
[2.999s] -- Up-to-date: /home/taka4/ros2_ws/src/adi_driver2/install/adi_driver2/share/adi_driver2/launch/adis16465.launch.py
[2.999s] -- Up-to-date: /home/taka4/ros2_ws/src/adi_driver2/install/adi_driver2/share/adi_driver2/launch/adis16470.launch
[2.999s] -- Up-to-date: /home/taka4/ros2_ws/src/adi_driver2/install/adi_driver2/share/adi_driver2/launch/imu.rviz
[2.999s] -- Up-to-date: /home/taka4/ros2_ws/src/adi_driver2/install/adi_driver2/share/adi_driver2/urdf
[2.999s] -- Up-to-date: /home/taka4/ros2_ws/src/adi_driver2/install/adi_driver2/share/adi_driver2/urdf/orne_gamma.urdf.xacro
[2.999s] -- Up-to-date: /home/taka4/ros2_ws/src/adi_driver2/install/adi_driver2/share/adi_driver2/urdf/adis16470_breakout.urdf
[2.999s] -- Up-to-date: /home/taka4/ros2_ws/src/adi_driver2/install/adi_driver2/share/adi_driver2/urdf/adis16465_breakout.urdf
[2.999s] -- Up-to-date: /home/taka4/ros2_ws/src/adi_driver2/install/adi_driver2/share/ament_index/resource_index/package_run_dependencies/adi_driver2
[2.999s] -- Up-to-date: /home/taka4/ros2_ws/src/adi_driver2/install/adi_driver2/share/ament_index/resource_index/parent_prefix_path/adi_driver2
[2.999s] -- Up-to-date: /home/taka4/ros2_ws/src/adi_driver2/install/adi_driver2/share/adi_driver2/environment/ament_prefix_path.sh
[2.999s] -- Up-to-date: /home/taka4/ros2_ws/src/adi_driver2/install/adi_driver2/share/adi_driver2/environment/ament_prefix_path.dsv
[2.999s] -- Up-to-date: /home/taka4/ros2_ws/src/adi_driver2/install/adi_driver2/share/adi_driver2/environment/path.sh
[2.999s] -- Up-to-date: /home/taka4/ros2_ws/src/adi_driver2/install/adi_driver2/share/adi_driver2/environment/path.dsv
[2.999s] -- Up-to-date: /home/taka4/ros2_ws/src/adi_driver2/install/adi_driver2/share/adi_driver2/local_setup.bash
[2.999s] -- Up-to-date: /home/taka4/ros2_ws/src/adi_driver2/install/adi_driver2/share/adi_driver2/local_setup.sh
[2.999s] -- Up-to-date: /home/taka4/ros2_ws/src/adi_driver2/install/adi_driver2/share/adi_driver2/local_setup.zsh
[2.999s] -- Up-to-date: /home/taka4/ros2_ws/src/adi_driver2/install/adi_driver2/share/adi_driver2/local_setup.dsv
[2.999s] -- Installing: /home/taka4/ros2_ws/src/adi_driver2/install/adi_driver2/share/adi_driver2/package.dsv
[2.999s] -- Up-to-date: /home/taka4/ros2_ws/src/adi_driver2/install/adi_driver2/share/ament_index/resource_index/packages/adi_driver2
[2.999s] -- Up-to-date: /home/taka4/ros2_ws/src/adi_driver2/install/adi_driver2/share/adi_driver2/cmake/ament_cmake_export_dependencies-extras.cmake
[2.999s] -- Up-to-date: /home/taka4/ros2_ws/src/adi_driver2/install/adi_driver2/share/adi_driver2/cmake/ament_cmake_export_include_directories-extras.cmake
[2.999s] -- Up-to-date: /home/taka4/ros2_ws/src/adi_driver2/install/adi_driver2/share/adi_driver2/cmake/adi_driver2Config.cmake
[3.000s] -- Up-to-date: /home/taka4/ros2_ws/src/adi_driver2/install/adi_driver2/share/adi_driver2/cmake/adi_driver2Config-version.cmake
[3.000s] -- Up-to-date: /home/taka4/ros2_ws/src/adi_driver2/install/adi_driver2/share/adi_driver2/package.xml
[3.000s] Invoked command in '/home/taka4/ros2_ws/src/adi_driver2/build/adi_driver2' returned '0': CMAKE_PREFIX_PATH=${CMAKE_PREFIX_PATH}:/opt/ros/foxy /usr/bin/cmake --install /home/taka4/ros2_ws/src/adi_driver2/build/adi_driver2
