[35m[1mScanning dependencies of target adis16465[0m
[ 33%] [32mBuilding CXX object CMakeFiles/adis16465.dir/src/adis16465_node.cpp.o[0m
[01m[K/home/taka4/ros2_ws/src/adi_driver2/src/adis16465_node.cpp:125:13:[m[K [01;31m[Kerror: [m[Kinvalid preprocessing directive #package
  125 |     #       [01;31m[Kpackage[m[K='robot_state_publisher',
      |             [01;31m[K^~~~~~~[m[K
[01m[K/home/taka4/ros2_ws/src/adi_driver2/src/adis16465_node.cpp:126:13:[m[K [01;31m[Kerror: [m[Kinvalid preprocessing directive #executable
  126 |     #       [01;31m[Kexecutable[m[K='robot_state_publisher',
      |             [01;31m[K^~~~~~~~~~[m[K
[01m[K/home/taka4/ros2_ws/src/adi_driver2/src/adis16465_node.cpp:127:13:[m[K [01;31m[Kerror: [m[Kinvalid preprocessing directive #name
  127 |     #       [01;31m[Kname[m[K='robot_state_publisher',
      |             [01;31m[K^~~~[m[K
[01m[K/home/taka4/ros2_ws/src/adi_driver2/src/adis16465_node.cpp:128:13:[m[K [01;31m[Kerror: [m[Kinvalid preprocessing directive #output
  128 |     #       [01;31m[Koutput[m[K='screen',
      |             [01;31m[K^~~~~~[m[K
[01m[K/home/taka4/ros2_ws/src/adi_driver2/src/adis16465_node.cpp:129:13:[m[K [01;31m[Kerror: [m[Kinvalid preprocessing directive #parameters
  129 |     #       [01;31m[Kparameters[m[K=[{'use_sim_time': False}],
      |             [01;31m[K^~~~~~~~~~[m[K
[01m[K/home/taka4/ros2_ws/src/adi_driver2/src/adis16465_node.cpp:130:13:[m[K [01;31m[Kerror: [m[Kinvalid preprocessing directive #arguments
  130 |     #       [01;31m[Karguments[m[K=[urdf]
      |             [01;31m[K^~~~~~~~~[m[K
[01m[K/home/taka4/ros2_ws/src/adi_driver2/src/adis16465_node.cpp:131:7:[m[K [01;31m[Kerror: [m[Kinvalid preprocessing directive #)
  131 |     # [01;31m[K)[m[K 0;
      |       [01;31m[K^[m[K
[01m[K/home/taka4/ros2_ws/src/adi_driver2/src/adis16465_node.cpp:[m[K In member function ‘[01m[Kbool adi_driver2::ImuNode::open()[m[K’:
[01m[K/home/taka4/ros2_ws/src/adi_driver2/src/adis16465_node.cpp:104:1:[m[K [01;35m[Kwarning: [m[Kno return statement in function returning non-void [[01;35m[K-Wreturn-type[m[K]
  104 | [01;35m[K}[m[K
      | [01;35m[K^[m[K
[01m[K/home/taka4/ros2_ws/src/adi_driver2/src/adis16465_node.cpp:[m[K In member function ‘[01m[Kint adi_driver2::ImuNode::publish_imu_data()[m[K’:
[01m[K/home/taka4/ros2_ws/src/adi_driver2/src/adis16465_node.cpp:124:23:[m[K [01;31m[Kerror: [m[K‘[01m[Krobot_state_publisher[m[K’ was not declared in this scope; did you mean ‘[01m[Krmw_create_publisher[m[K’?
  124 |   data.orientation.z =[01;31m[Krobot_state_publisher[m[K = Node(
      |                       [01;31m[K^~~~~~~~~~~~~~~~~~~~~[m[K
      |                       [32m[Krmw_create_publisher[m[K
[01m[K/home/taka4/ros2_ws/src/adi_driver2/src/adis16465_node.cpp:124:51:[m[K [01;31m[Kerror: [m[Kexpected primary-expression before ‘[01m[K([m[K’ token
  124 |   data.orientation.z =robot_state_publisher = Node[01;31m[K([m[K
      |                                                   [01;31m[K^[m[K
[01m[K/home/taka4/ros2_ws/src/adi_driver2/src/adis16465_node.cpp:132:25:[m[K [01;31m[Kerror: [m[Kexpected ‘[01m[K)[m[K’ before ‘[01m[K;[m[K’ token
  132 |   data.orientation.w = 1[01;31m[K;[m[K
      |                         [01;31m[K^[m[K
      |                         [32m[K)[m[K
[01m[K/home/taka4/ros2_ws/src/adi_driver2/src/adis16465_node.cpp:124:51:[m[K [01;36m[Knote: [m[Kto match this ‘[01m[K([m[K’
  124 |   data.orientation.z =robot_state_publisher = Node[01;36m[K([m[K
      |                                                   [01;36m[K^[m[K
In file included from [01m[K/opt/ros/foxy/include/rclcpp/client.hpp:40[m[K,
                 from [01m[K/opt/ros/foxy/include/rclcpp/callback_group.hpp:23[m[K,
                 from [01m[K/opt/ros/foxy/include/rclcpp/any_executable.hpp:20[m[K,
                 from [01m[K/opt/ros/foxy/include/rclcpp/memory_strategy.hpp:24[m[K,
                 from [01m[K/opt/ros/foxy/include/rclcpp/memory_strategies.hpp:18[m[K,
                 from [01m[K/opt/ros/foxy/include/rclcpp/executor_options.hpp:20[m[K,
                 from [01m[K/opt/ros/foxy/include/rclcpp/executor.hpp:33[m[K,
                 from [01m[K/opt/ros/foxy/include/rclcpp/executors/multi_threaded_executor.hpp:26[m[K,
                 from [01m[K/opt/ros/foxy/include/rclcpp/executors.hpp:21[m[K,
                 from [01m[K/opt/ros/foxy/include/rclcpp/rclcpp.hpp:146[m[K,
                 from [01m[K/home/taka4/ros2_ws/src/adi_driver2/include/adi_driver2/adis16465_node.hpp:33[m[K,
                 from [01m[K/home/taka4/ros2_ws/src/adi_driver2/src/adis16465_node.cpp:40[m[K:
[01m[K/home/taka4/ros2_ws/src/adi_driver2/src/adis16465_node.cpp:135:3:[m[K [01;31m[Kerror: [m[Kexpected primary-expression before ‘[01m[K,[m[K’ token
  135 |   [01;31m[KRCLCPP_INFO[m[K(this->get_logger(), "publish_imu_data",
      |   [01;31m[K^~~~~~~~~~~[m[K
[01m[K/home/taka4/ros2_ws/src/adi_driver2/src/adis16465_node.cpp:137:1:[m[K [01;35m[Kwarning: [m[Kno return statement in function returning non-void [[01;35m[K-Wreturn-type[m[K]
  137 | [01;35m[K}[m[K
      | [01;35m[K^[m[K
[01m[K/home/taka4/ros2_ws/src/adi_driver2/src/adis16465_node.cpp:[m[K In member function ‘[01m[Kint adi_driver2::ImuNode::publish_temp_data()[m[K’:
[01m[K/home/taka4/ros2_ws/src/adi_driver2/src/adis16465_node.cpp:148:1:[m[K [01;35m[Kwarning: [m[Kno return statement in function returning non-void [[01;35m[K-Wreturn-type[m[K]
  148 | [01;35m[K}[m[K
      | [01;35m[K^[m[K
make[2]: *** [CMakeFiles/adis16465.dir/build.make:76: CMakeFiles/adis16465.dir/src/adis16465_node.cpp.o] エラー 1
make[1]: *** [CMakeFiles/Makefile2:78: CMakeFiles/adis16465.dir/all] エラー 2
make: *** [Makefile:141: all] エラー 2
